#-----------------------------------------------------------
# Vivado v2018.3 (64-bit)
# SW Build 2405991 on Thu Dec  6 23:38:27 MST 2018
# IP Build 2404404 on Fri Dec  7 01:43:56 MST 2018
# Start of session at: Thu Apr  4 11:55:18 2019
# Process ID: 5376
# Current directory: C:/Users/SET253-13U.HCCMAIN/Documents/GitHub/ENES247/lab4-PriorityEncoders_ROM/4ROMpattern
# Command line: vivado.exe -gui_launcher_event rodinguilauncherevent11904 C:\Users\SET253-13U.HCCMAIN\Documents\GitHub\ENES247\lab4-PriorityEncoders_ROM\4ROMpattern\4ROMpattern.xpr
# Log file: C:/Users/SET253-13U.HCCMAIN/Documents/GitHub/ENES247/lab4-PriorityEncoders_ROM/4ROMpattern/vivado.log
# Journal file: C:/Users/SET253-13U.HCCMAIN/Documents/GitHub/ENES247/lab4-PriorityEncoders_ROM/4ROMpattern\vivado.jou
#-----------------------------------------------------------
start_gui
open_project C:/Users/SET253-13U.HCCMAIN/Documents/GitHub/ENES247/lab4-PriorityEncoders_ROM/4ROMpattern/4ROMpattern.xpr
INFO: [ProjectBase 1-489] The host OS only allows 260 characters in a normal path. The project is stored in a path with more than 80 characters. If you experience issues with IP, Block Designs, or files not being found, please consider moving the project to a location with a shorter path. Alternately consider using the OS subst command to map part of the path to a drive letter.
Current project path is 'C:/Users/SET253-13U.HCCMAIN/Documents/GitHub/ENES247/lab4-PriorityEncoders_ROM/4ROMpattern'
INFO: [Project 1-313] Project file moved from 'C:/Users/SET253-09U.HCCMAIN/Documents/GitHub/ENES247/lab4-PriorityEncoders_ROM/4ROMpattern' since last save.
Scanning sources...
Finished scanning sources
WARNING: [filemgmt 56-2] IPUserFilesDir: Could not find the directory 'C:/Users/SET253-13U.HCCMAIN/Documents/GitHub/ENES247/lab4-PriorityEncoders_ROM/4ROMpattern/4ROMpattern.ip_user_files', nor could it be found using path 'C:/Users/SET253-09U.HCCMAIN/Documents/GitHub/ENES247/lab4-PriorityEncoders_ROM/4ROMpattern/4ROMpattern.ip_user_files'.
INFO: [IP_Flow 19-234] Refreshing IP repositories
INFO: [IP_Flow 19-1704] No user IP repositories specified
INFO: [IP_Flow 19-2313] Loaded Vivado IP repository 'C:/Xilinx/Vivado/2018.3/data/ip'.
open_project: Time (s): cpu = 00:00:14 ; elapsed = 00:00:06 . Memory (MB): peak = 746.855 ; gain = 150.602
update_compile_order -fileset sources_1
reset_run synth_1
launch_runs impl_1 -jobs 2
[Thu Apr  4 11:56:14 2019] Launched synth_1...
Run output will be captured here: C:/Users/SET253-13U.HCCMAIN/Documents/GitHub/ENES247/lab4-PriorityEncoders_ROM/4ROMpattern/4ROMpattern.runs/synth_1/runme.log
[Thu Apr  4 11:56:14 2019] Launched impl_1...
Run output will be captured here: C:/Users/SET253-13U.HCCMAIN/Documents/GitHub/ENES247/lab4-PriorityEncoders_ROM/4ROMpattern/4ROMpattern.runs/impl_1/runme.log
reset_run impl_1
exit
INFO: [Common 17-206] Exiting Vivado at Thu Apr  4 11:57:51 2019...
