#-----------------------------------------------------------
# Vivado v2018.3 (64-bit)
# SW Build 2405991 on Thu Dec  6 23:38:27 MST 2018
# IP Build 2404404 on Fri Dec  7 01:43:56 MST 2018
# Start of session at: Thu Mar  7 16:06:06 2019
# Process ID: 3556
# Current directory: C:/Users/SET253-01U.HCCMAIN/Documents/GitHub/ENES247/lab1-mux/lab1_2_tb_mux2-1-2bitwide
# Command line: vivado.exe -gui_launcher_event rodinguilauncherevent9272 C:\Users\SET253-01U.HCCMAIN\Documents\GitHub\ENES247\lab1-mux\lab1_2_tb_mux2-1-2bitwide\lab1_2_tb_mux2-1-2bitwide.xpr
# Log file: C:/Users/SET253-01U.HCCMAIN/Documents/GitHub/ENES247/lab1-mux/lab1_2_tb_mux2-1-2bitwide/vivado.log
# Journal file: C:/Users/SET253-01U.HCCMAIN/Documents/GitHub/ENES247/lab1-mux/lab1_2_tb_mux2-1-2bitwide\vivado.jou
#-----------------------------------------------------------
start_gui
open_project C:/Users/SET253-01U.HCCMAIN/Documents/GitHub/ENES247/lab1-mux/lab1_2_tb_mux2-1-2bitwide/lab1_2_tb_mux2-1-2bitwide.xpr
INFO: [ProjectBase 1-489] The host OS only allows 260 characters in a normal path. The project is stored in a path with more than 80 characters. If you experience issues with IP, Block Designs, or files not being found, please consider moving the project to a location with a shorter path. Alternately consider using the OS subst command to map part of the path to a drive letter.
Current project path is 'C:/Users/SET253-01U.HCCMAIN/Documents/GitHub/ENES247/lab1-mux/lab1_2_tb_mux2-1-2bitwide'
INFO: [Project 1-313] Project file moved from 'C:/Users/SET253-06U.HCCMAIN/Documents/Github/ENES247/lab1-mux/lab1_2_tb_mux2-1-2bitwide' since last save.
Scanning sources...
Finished scanning sources
INFO: [IP_Flow 19-234] Refreshing IP repositories
INFO: [IP_Flow 19-1704] No user IP repositories specified
INFO: [IP_Flow 19-2313] Loaded Vivado IP repository 'C:/Xilinx/Vivado/2018.3/data/ip'.
open_project: Time (s): cpu = 00:00:11 ; elapsed = 00:00:06 . Memory (MB): peak = 725.984 ; gain = 119.320
update_compile_order -fileset sources_1
launch_runs synth_1 -jobs 2
[Thu Mar  7 16:06:42 2019] Launched synth_1...
Run output will be captured here: C:/Users/SET253-01U.HCCMAIN/Documents/GitHub/ENES247/lab1-mux/lab1_2_tb_mux2-1-2bitwide/lab1_2_tb_mux2-1-2bitwide.runs/synth_1/runme.log
launch_runs impl_1 -jobs 2
[Thu Mar  7 16:07:49 2019] Launched impl_1...
Run output will be captured here: C:/Users/SET253-01U.HCCMAIN/Documents/GitHub/ENES247/lab1-mux/lab1_2_tb_mux2-1-2bitwide/lab1_2_tb_mux2-1-2bitwide.runs/impl_1/runme.log
exit
INFO: [Common 17-206] Exiting Vivado at Thu Mar  7 16:09:05 2019...
