#-----------------------------------------------------------
# Vivado v2018.3 (64-bit)
# SW Build 2405991 on Thu Dec  6 23:38:27 MST 2018
# IP Build 2404404 on Fri Dec  7 01:43:56 MST 2018
# Start of session at: Thu Feb 28 14:24:04 2019
# Process ID: 11692
# Current directory: C:/Users/SET253-09U.HCCMAIN/Documents/GitHub/ENES247/lab4-PriorityEncoders_ROM/3PriorityEncoder
# Command line: vivado.exe -gui_launcher_event rodinguilauncherevent12780 C:\Users\SET253-09U.HCCMAIN\Documents\GitHub\ENES247\lab4-PriorityEncoders_ROM\3PriorityEncoder\3PriorityEncoder.xpr
# Log file: C:/Users/SET253-09U.HCCMAIN/Documents/GitHub/ENES247/lab4-PriorityEncoders_ROM/3PriorityEncoder/vivado.log
# Journal file: C:/Users/SET253-09U.HCCMAIN/Documents/GitHub/ENES247/lab4-PriorityEncoders_ROM/3PriorityEncoder\vivado.jou
#-----------------------------------------------------------
start_gui
open_project C:/Users/SET253-09U.HCCMAIN/Documents/GitHub/ENES247/lab4-PriorityEncoders_ROM/3PriorityEncoder/3PriorityEncoder.xpr
INFO: [ProjectBase 1-489] The host OS only allows 260 characters in a normal path. The project is stored in a path with more than 80 characters. If you experience issues with IP, Block Designs, or files not being found, please consider moving the project to a location with a shorter path. Alternately consider using the OS subst command to map part of the path to a drive letter.
Current project path is 'C:/Users/SET253-09U.HCCMAIN/Documents/GitHub/ENES247/lab4-PriorityEncoders_ROM/3PriorityEncoder'
INFO: [Project 1-313] Project file moved from 'C:/Users/SET253-17U.HCCMAIN/Documents/GitHub/ENES247/lab4-PriorityEncoders_ROM/3PriorityEncoder/RTL_Data_Flow' since last save.
Scanning sources...
Finished scanning sources
INFO: [IP_Flow 19-234] Refreshing IP repositories
INFO: [IP_Flow 19-1704] No user IP repositories specified
INFO: [IP_Flow 19-2313] Loaded Vivado IP repository 'C:/Xilinx/Vivado/2018.3/data/ip'.
open_project: Time (s): cpu = 00:00:12 ; elapsed = 00:00:06 . Memory (MB): peak = 736.730 ; gain = 137.809
update_compile_order -fileset sources_1
reset_run synth_1
launch_runs synth_1 -jobs 2
[Thu Feb 28 14:26:07 2019] Launched synth_1...
Run output will be captured here: C:/Users/SET253-09U.HCCMAIN/Documents/GitHub/ENES247/lab4-PriorityEncoders_ROM/3PriorityEncoder/3PriorityEncoder.runs/synth_1/runme.log
launch_runs impl_1 -jobs 2
[Thu Feb 28 14:32:12 2019] Launched impl_1...
Run output will be captured here: C:/Users/SET253-09U.HCCMAIN/Documents/GitHub/ENES247/lab4-PriorityEncoders_ROM/3PriorityEncoder/3PriorityEncoder.runs/impl_1/runme.log
open_run impl_1
INFO: [Project 1-479] Netlist was created with Vivado 2018.3
INFO: [Device 21-403] Loading part xc7a100tcsg324-1
INFO: [Project 1-570] Preparing netlist for logic optimization
INFO: [Timing 38-478] Restoring timing data from binary archive.
INFO: [Timing 38-479] Binary timing data restore complete.
INFO: [Project 1-856] Restoring constraints from binary archive.
INFO: [Project 1-853] Binary constraint restore complete.
Reading XDEF placement.
Reading placer database...
Reading XDEF routing.
Read XDEF File: Time (s): cpu = 00:00:00 ; elapsed = 00:00:00.041 . Memory (MB): peak = 1565.719 ; gain = 0.000
Restored from archive | CPU: 0.000000 secs | Memory: 0.000000 MB |
Finished XDEF File Restore: Time (s): cpu = 00:00:00 ; elapsed = 00:00:00.041 . Memory (MB): peak = 1565.719 ; gain = 0.000
Netlist sorting complete. Time (s): cpu = 00:00:00 ; elapsed = 00:00:00 . Memory (MB): peak = 1565.719 ; gain = 0.000
INFO: [Project 1-111] Unisim Transformation Summary:
No Unisim elements were transformed.

open_run: Time (s): cpu = 00:00:24 ; elapsed = 00:00:19 . Memory (MB): peak = 1674.609 ; gain = 755.926
WARNING: [Timing 38-313] There are no user specified timing constraints. Timing constraints are needed for proper timing analysis.
launch_runs impl_1 -to_step write_bitstream -jobs 2
[Thu Feb 28 14:38:55 2019] Launched impl_1...
Run output will be captured here: C:/Users/SET253-09U.HCCMAIN/Documents/GitHub/ENES247/lab4-PriorityEncoders_ROM/3PriorityEncoder/3PriorityEncoder.runs/impl_1/runme.log
open_hw
connect_hw_server
INFO: [Labtools 27-2285] Connecting to hw_server url TCP:localhost:3121
INFO: [Labtools 27-2222] Launching hw_server...
INFO: [Labtools 27-2221] Launch Output:

****** Xilinx hw_server v2018.3
  **** Build date : Dec  7 2018-00:40:27
    ** Copyright 1986-2018 Xilinx, Inc. All Rights Reserved.


open_hw_target
INFO: [Labtoolstcl 44-466] Opening hw_target localhost:3121/xilinx_tcf/Digilent/210292A6EBCBA
set_property PROGRAM.FILE {C:/Users/SET253-09U.HCCMAIN/Documents/GitHub/ENES247/lab4-PriorityEncoders_ROM/3PriorityEncoder/3PriorityEncoder.runs/impl_1/priority_encoder_dataflow.bit} [get_hw_devices xc7a100t_0]
current_hw_device [get_hw_devices xc7a100t_0]
refresh_hw_device -update_hw_probes false [lindex [get_hw_devices xc7a100t_0] 0]
INFO: [Labtools 27-1434] Device xc7a100t (JTAG device index = 0) is programmed with a design that has no supported debug core(s) in it.
set_property PROBES.FILE {} [get_hw_devices xc7a100t_0]
set_property FULL_PROBES.FILE {} [get_hw_devices xc7a100t_0]
set_property PROGRAM.FILE {C:/Users/SET253-09U.HCCMAIN/Documents/GitHub/ENES247/lab4-PriorityEncoders_ROM/3PriorityEncoder/3PriorityEncoder.runs/impl_1/priority_encoder_dataflow.bit} [get_hw_devices xc7a100t_0]
program_hw_devices [get_hw_devices xc7a100t_0]
INFO: [Labtools 27-3164] End of startup status: HIGH
refresh_hw_device [lindex [get_hw_devices xc7a100t_0] 0]
INFO: [Labtools 27-1434] Device xc7a100t (JTAG device index = 0) is programmed with a design that has no supported debug core(s) in it.
close_design
synth_design -rtl -name rtl_1
Command: synth_design -rtl -name rtl_1
Starting synth_design
Using part: xc7a100tcsg324-1
Top: priority_encoder_dataflow
---------------------------------------------------------------------------------
Starting RTL Elaboration : Time (s): cpu = 00:00:03 ; elapsed = 00:00:02 . Memory (MB): peak = 2720.375 ; gain = 0.000
---------------------------------------------------------------------------------
INFO: [Synth 8-6157] synthesizing module 'priority_encoder_dataflow' [C:/Users/SET253-09U.HCCMAIN/Documents/GitHub/ENES247/lab4-PriorityEncoders_ROM/3PriorityEncoder/3PriorityEncoder.srcs/sources_1/imports/3PriorityEncoder/priority_encoder_dataflow.sv:6]
INFO: [Synth 8-6155] done synthesizing module 'priority_encoder_dataflow' (1#1) [C:/Users/SET253-09U.HCCMAIN/Documents/GitHub/ENES247/lab4-PriorityEncoders_ROM/3PriorityEncoder/3PriorityEncoder.srcs/sources_1/imports/3PriorityEncoder/priority_encoder_dataflow.sv:6]
WARNING: [Synth 8-3331] design priority_encoder_dataflow has unconnected port D[0]
---------------------------------------------------------------------------------
Finished RTL Elaboration : Time (s): cpu = 00:00:03 ; elapsed = 00:00:03 . Memory (MB): peak = 2720.375 ; gain = 0.000
---------------------------------------------------------------------------------

Report Check Netlist: 
+------+------------------+-------+---------+-------+------------------+
|      |Item              |Errors |Warnings |Status |Description       |
+------+------------------+-------+---------+-------+------------------+
|1     |multi_driven_nets |      0|        0|Passed |Multi driven nets |
+------+------------------+-------+---------+-------+------------------+
---------------------------------------------------------------------------------
Start Handling Custom Attributes
---------------------------------------------------------------------------------
---------------------------------------------------------------------------------
Finished Handling Custom Attributes : Time (s): cpu = 00:00:03 ; elapsed = 00:00:03 . Memory (MB): peak = 2720.375 ; gain = 0.000
---------------------------------------------------------------------------------
---------------------------------------------------------------------------------
Finished RTL Optimization Phase 1 : Time (s): cpu = 00:00:03 ; elapsed = 00:00:03 . Memory (MB): peak = 2720.375 ; gain = 0.000
---------------------------------------------------------------------------------
INFO: [Project 1-570] Preparing netlist for logic optimization

Processing XDC Constraints
Initializing timing engine
Parsing XDC File [C:/Users/SET253-09U.HCCMAIN/Documents/GitHub/ENES247/lab4-PriorityEncoders_ROM/3PriorityEncoder/3PriorityEncoder.srcs/constrs_1/imports/3PriorityEncoder/Nexys4DDR_Master.xdc]
Finished Parsing XDC File [C:/Users/SET253-09U.HCCMAIN/Documents/GitHub/ENES247/lab4-PriorityEncoders_ROM/3PriorityEncoder/3PriorityEncoder.srcs/constrs_1/imports/3PriorityEncoder/Nexys4DDR_Master.xdc]
Completed Processing XDC Constraints

INFO: [Opt 31-138] Pushed 0 inverter(s) to 0 load pin(s).
Netlist sorting complete. Time (s): cpu = 00:00:00 ; elapsed = 00:00:00 . Memory (MB): peak = 2720.375 ; gain = 0.000
INFO: [Project 1-111] Unisim Transformation Summary:
No Unisim elements were transformed.

RTL Elaboration Complete:  : Time (s): cpu = 00:00:09 ; elapsed = 00:00:06 . Memory (MB): peak = 2794.906 ; gain = 74.531
5 Infos, 1 Warnings, 0 Critical Warnings and 0 Errors encountered.
synth_design completed successfully
synth_design: Time (s): cpu = 00:00:09 ; elapsed = 00:00:06 . Memory (MB): peak = 2794.906 ; gain = 74.531
close_design
open_run synth_1 -name synth_1
Design is defaulting to impl run constrset: constrs_1
Design is defaulting to synth run part: xc7a100tcsg324-1
INFO: [Project 1-479] Netlist was created with Vivado 2018.3
INFO: [Project 1-570] Preparing netlist for logic optimization
Parsing XDC File [C:/Users/SET253-09U.HCCMAIN/Documents/GitHub/ENES247/lab4-PriorityEncoders_ROM/3PriorityEncoder/3PriorityEncoder.srcs/constrs_1/imports/3PriorityEncoder/Nexys4DDR_Master.xdc]
Finished Parsing XDC File [C:/Users/SET253-09U.HCCMAIN/Documents/GitHub/ENES247/lab4-PriorityEncoders_ROM/3PriorityEncoder/3PriorityEncoder.srcs/constrs_1/imports/3PriorityEncoder/Nexys4DDR_Master.xdc]
INFO: [Opt 31-138] Pushed 0 inverter(s) to 0 load pin(s).
Netlist sorting complete. Time (s): cpu = 00:00:00 ; elapsed = 00:00:00.001 . Memory (MB): peak = 2907.703 ; gain = 0.000
INFO: [Project 1-111] Unisim Transformation Summary:
No Unisim elements were transformed.

synth_design -rtl -name rtl_1
Command: synth_design -rtl -name rtl_1
Starting synth_design
Using part: xc7a100tcsg324-1
Top: priority_encoder_dataflow
---------------------------------------------------------------------------------
Starting RTL Elaboration : Time (s): cpu = 00:00:02 ; elapsed = 00:00:02 . Memory (MB): peak = 3065.754 ; gain = 0.148
---------------------------------------------------------------------------------
INFO: [Synth 8-6157] synthesizing module 'priority_encoder_dataflow' [C:/Users/SET253-09U.HCCMAIN/Documents/GitHub/ENES247/lab4-PriorityEncoders_ROM/3PriorityEncoder/3PriorityEncoder.srcs/sources_1/imports/3PriorityEncoder/priority_encoder_dataflow.sv:6]
INFO: [Synth 8-6155] done synthesizing module 'priority_encoder_dataflow' (1#1) [C:/Users/SET253-09U.HCCMAIN/Documents/GitHub/ENES247/lab4-PriorityEncoders_ROM/3PriorityEncoder/3PriorityEncoder.srcs/sources_1/imports/3PriorityEncoder/priority_encoder_dataflow.sv:6]
WARNING: [Synth 8-3331] design priority_encoder_dataflow has unconnected port D[0]
---------------------------------------------------------------------------------
Finished RTL Elaboration : Time (s): cpu = 00:00:03 ; elapsed = 00:00:03 . Memory (MB): peak = 3090.961 ; gain = 25.355
---------------------------------------------------------------------------------

Report Check Netlist: 
+------+------------------+-------+---------+-------+------------------+
|      |Item              |Errors |Warnings |Status |Description       |
+------+------------------+-------+---------+-------+------------------+
|1     |multi_driven_nets |      0|        0|Passed |Multi driven nets |
+------+------------------+-------+---------+-------+------------------+
---------------------------------------------------------------------------------
Start Handling Custom Attributes
---------------------------------------------------------------------------------
---------------------------------------------------------------------------------
Finished Handling Custom Attributes : Time (s): cpu = 00:00:03 ; elapsed = 00:00:03 . Memory (MB): peak = 3090.961 ; gain = 25.355
---------------------------------------------------------------------------------
---------------------------------------------------------------------------------
Finished RTL Optimization Phase 1 : Time (s): cpu = 00:00:03 ; elapsed = 00:00:03 . Memory (MB): peak = 3090.961 ; gain = 25.355
---------------------------------------------------------------------------------
INFO: [Project 1-570] Preparing netlist for logic optimization

Processing XDC Constraints
Initializing timing engine
Parsing XDC File [C:/Users/SET253-09U.HCCMAIN/Documents/GitHub/ENES247/lab4-PriorityEncoders_ROM/3PriorityEncoder/3PriorityEncoder.srcs/constrs_1/imports/3PriorityEncoder/Nexys4DDR_Master.xdc]
Finished Parsing XDC File [C:/Users/SET253-09U.HCCMAIN/Documents/GitHub/ENES247/lab4-PriorityEncoders_ROM/3PriorityEncoder/3PriorityEncoder.srcs/constrs_1/imports/3PriorityEncoder/Nexys4DDR_Master.xdc]
Completed Processing XDC Constraints

INFO: [Opt 31-138] Pushed 0 inverter(s) to 0 load pin(s).
Netlist sorting complete. Time (s): cpu = 00:00:00 ; elapsed = 00:00:00 . Memory (MB): peak = 3180.199 ; gain = 0.000
INFO: [Project 1-111] Unisim Transformation Summary:
No Unisim elements were transformed.

RTL Elaboration Complete:  : Time (s): cpu = 00:00:06 ; elapsed = 00:00:06 . Memory (MB): peak = 3180.199 ; gain = 114.594
5 Infos, 1 Warnings, 0 Critical Warnings and 0 Errors encountered.
synth_design completed successfully
synth_design: Time (s): cpu = 00:00:07 ; elapsed = 00:00:06 . Memory (MB): peak = 3180.199 ; gain = 114.598
current_design synth_1
exit
INFO: [Common 17-206] Exiting Vivado at Thu Feb 28 15:36:21 2019...
