#-----------------------------------------------------------
# Vivado v2018.3 (64-bit)
# SW Build 2405991 on Thu Dec  6 23:38:27 MST 2018
# IP Build 2404404 on Fri Dec  7 01:43:56 MST 2018
# Start of session at: Thu Mar  7 15:12:21 2019
# Process ID: 1836
# Current directory: C:/Users/SET253-01U.HCCMAIN/Documents/GitHub/ENES247/lab4-PriorityEncoders_ROM/3PriorityEncoder
# Command line: vivado.exe -gui_launcher_event rodinguilauncherevent8924 C:\Users\SET253-01U.HCCMAIN\Documents\GitHub\ENES247\lab4-PriorityEncoders_ROM\3PriorityEncoder\3PriorityEncoder.xpr
# Log file: C:/Users/SET253-01U.HCCMAIN/Documents/GitHub/ENES247/lab4-PriorityEncoders_ROM/3PriorityEncoder/vivado.log
# Journal file: C:/Users/SET253-01U.HCCMAIN/Documents/GitHub/ENES247/lab4-PriorityEncoders_ROM/3PriorityEncoder\vivado.jou
#-----------------------------------------------------------
start_gui
open_project C:/Users/SET253-01U.HCCMAIN/Documents/GitHub/ENES247/lab4-PriorityEncoders_ROM/3PriorityEncoder/3PriorityEncoder.xpr
INFO: [ProjectBase 1-489] The host OS only allows 260 characters in a normal path. The project is stored in a path with more than 80 characters. If you experience issues with IP, Block Designs, or files not being found, please consider moving the project to a location with a shorter path. Alternately consider using the OS subst command to map part of the path to a drive letter.
Current project path is 'C:/Users/SET253-01U.HCCMAIN/Documents/GitHub/ENES247/lab4-PriorityEncoders_ROM/3PriorityEncoder'
INFO: [Project 1-313] Project file moved from 'C:/Users/SET253-09U.HCCMAIN/Documents/GitHub/ENES247/lab4-PriorityEncoders_ROM/3PriorityEncoder' since last save.
Scanning sources...
Finished scanning sources
INFO: [IP_Flow 19-234] Refreshing IP repositories
INFO: [IP_Flow 19-1704] No user IP repositories specified
INFO: [IP_Flow 19-2313] Loaded Vivado IP repository 'C:/Xilinx/Vivado/2018.3/data/ip'.
open_project: Time (s): cpu = 00:00:12 ; elapsed = 00:00:06 . Memory (MB): peak = 736.125 ; gain = 142.918
update_compile_order -fileset sources_1
reset_run synth_1
launch_runs impl_1 -jobs 2
[Thu Mar  7 15:32:25 2019] Launched synth_1...
Run output will be captured here: C:/Users/SET253-01U.HCCMAIN/Documents/GitHub/ENES247/lab4-PriorityEncoders_ROM/3PriorityEncoder/3PriorityEncoder.runs/synth_1/runme.log
[Thu Mar  7 15:32:25 2019] Launched impl_1...
Run output will be captured here: C:/Users/SET253-01U.HCCMAIN/Documents/GitHub/ENES247/lab4-PriorityEncoders_ROM/3PriorityEncoder/3PriorityEncoder.runs/impl_1/runme.log
