
*** Running vivado
    with args -log clk_divider_behavior.vdi -applog -m64 -product Vivado -messageDb vivado.pb -mode batch -source clk_divider_behavior.tcl -notrace


****** Vivado v2018.3 (64-bit)
  **** SW Build 2405991 on Thu Dec  6 23:38:27 MST 2018
  **** IP Build 2404404 on Fri Dec  7 01:43:56 MST 2018
    ** Copyright 1986-2018 Xilinx, Inc. All Rights Reserved.

source clk_divider_behavior.tcl -notrace
Command: link_design -top clk_divider_behavior -part xc7a100tcsg324-1
Design is defaulting to srcset: sources_1
Design is defaulting to constrset: constrs_1
INFO: [Netlist 29-17] Analyzing 6 Unisim elements for replacement
INFO: [Netlist 29-28] Unisim Transformation completed in 0 CPU seconds
INFO: [Project 1-479] Netlist was created with Vivado 2018.3
INFO: [Device 21-403] Loading part xc7a100tcsg324-1
INFO: [Project 1-570] Preparing netlist for logic optimization
Parsing XDC File [C:/Users/SET253-08U.HCCMAIN/Documents/GitHub/ENES247/lab8-IntellectualProperty/lab8_1_1/Nexys4DDR_Master.xdc]
WARNING: [Vivado 12-584] No ports matched 'locked'. [C:/Users/SET253-08U.HCCMAIN/Documents/GitHub/ENES247/lab8-IntellectualProperty/lab8_1_1/Nexys4DDR_Master.xdc:48]
CRITICAL WARNING: [Common 17-55] 'set_property' expects at least one object. [C:/Users/SET253-08U.HCCMAIN/Documents/GitHub/ENES247/lab8-IntellectualProperty/lab8_1_1/Nexys4DDR_Master.xdc:48]
Resolution: If [get_<value>] was used to populate the object, check to make sure this command returns at least one valid object.
Finished Parsing XDC File [C:/Users/SET253-08U.HCCMAIN/Documents/GitHub/ENES247/lab8-IntellectualProperty/lab8_1_1/Nexys4DDR_Master.xdc]
INFO: [Opt 31-138] Pushed 0 inverter(s) to 0 load pin(s).
Netlist sorting complete. Time (s): cpu = 00:00:00 ; elapsed = 00:00:00 . Memory (MB): peak = 590.848 ; gain = 0.000
INFO: [Project 1-111] Unisim Transformation Summary:
No Unisim elements were transformed.

7 Infos, 1 Warnings, 1 Critical Warnings and 0 Errors encountered.
link_design completed successfully
link_design: Time (s): cpu = 00:00:05 ; elapsed = 00:00:07 . Memory (MB): peak = 594.859 ; gain = 327.555
Command: opt_design
Attempting to get a license for feature 'Implementation' and/or device 'xc7a100t'
INFO: [Common 17-349] Got license for feature 'Implementation' and/or device 'xc7a100t'
Running DRC as a precondition to command opt_design

Starting DRC Task
INFO: [DRC 23-27] Running DRC with 2 threads
INFO: [Project 1-461] DRC finished with 0 Errors
INFO: [Project 1-462] Please refer to the DRC report (report_drc) for more information.

Time (s): cpu = 00:00:01 ; elapsed = 00:00:00.667 . Memory (MB): peak = 605.086 ; gain = 10.227

Starting Cache Timing Information Task
INFO: [Timing 38-35] Done setting XDC timing constraints.
Ending Cache Timing Information Task | Checksum: 1dc4d1c28

Time (s): cpu = 00:00:10 ; elapsed = 00:00:10 . Memory (MB): peak = 1135.281 ; gain = 530.195

Starting Logic Optimization Task

Phase 1 Retarget
INFO: [Opt 31-138] Pushed 0 inverter(s) to 0 load pin(s).
INFO: [Opt 31-49] Retargeted 0 cell(s).
Phase 1 Retarget | Checksum: 1dc4d1c28

Time (s): cpu = 00:00:00 ; elapsed = 00:00:00.009 . Memory (MB): peak = 1231.219 ; gain = 0.000
INFO: [Opt 31-389] Phase Retarget created 0 cells and removed 0 cells

Phase 2 Constant propagation
INFO: [Opt 31-138] Pushed 0 inverter(s) to 0 load pin(s).
Phase 2 Constant propagation | Checksum: 1dc4d1c28

Time (s): cpu = 00:00:00 ; elapsed = 00:00:00.010 . Memory (MB): peak = 1231.219 ; gain = 0.000
INFO: [Opt 31-389] Phase Constant propagation created 0 cells and removed 0 cells

Phase 3 Sweep
Phase 3 Sweep | Checksum: 1b1b821bb

Time (s): cpu = 00:00:00 ; elapsed = 00:00:00.013 . Memory (MB): peak = 1231.219 ; gain = 0.000
INFO: [Opt 31-389] Phase Sweep created 0 cells and removed 0 cells

Phase 4 BUFG optimization
Phase 4 BUFG optimization | Checksum: 1b1b821bb

Time (s): cpu = 00:00:00 ; elapsed = 00:00:00.015 . Memory (MB): peak = 1231.219 ; gain = 0.000
INFO: [Opt 31-662] Phase BUFG optimization created 0 cells of which 0 are BUFGs and removed 0 cells.

Phase 5 Shift Register Optimization
Phase 5 Shift Register Optimization | Checksum: 237ed9aed

Time (s): cpu = 00:00:00 ; elapsed = 00:00:00.040 . Memory (MB): peak = 1231.219 ; gain = 0.000
INFO: [Opt 31-389] Phase Shift Register Optimization created 0 cells and removed 0 cells

Phase 6 Post Processing Netlist
Phase 6 Post Processing Netlist | Checksum: 237ed9aed

Time (s): cpu = 00:00:00 ; elapsed = 00:00:00.041 . Memory (MB): peak = 1231.219 ; gain = 0.000
INFO: [Opt 31-389] Phase Post Processing Netlist created 0 cells and removed 0 cells
Opt_design Change Summary
=========================


-------------------------------------------------------------------------------------------------------------------------
|  Phase                        |  #Cells created  |  #Cells Removed  |  #Constrained objects preventing optimizations  |
-------------------------------------------------------------------------------------------------------------------------
|  Retarget                     |               0  |               0  |                                              0  |
|  Constant propagation         |               0  |               0  |                                              0  |
|  Sweep                        |               0  |               0  |                                              0  |
|  BUFG optimization            |               0  |               0  |                                              0  |
|  Shift Register Optimization  |               0  |               0  |                                              0  |
|  Post Processing Netlist      |               0  |               0  |                                              0  |
-------------------------------------------------------------------------------------------------------------------------



Starting Connectivity Check Task

Time (s): cpu = 00:00:00 ; elapsed = 00:00:00 . Memory (MB): peak = 1231.219 ; gain = 0.000
Ending Logic Optimization Task | Checksum: 237ed9aed

Time (s): cpu = 00:00:00 ; elapsed = 00:00:00.043 . Memory (MB): peak = 1231.219 ; gain = 0.000

Starting Power Optimization Task
INFO: [Pwropt 34-132] Skipping clock gating for clocks with a period < 2.00 ns.
Ending Power Optimization Task | Checksum: 237ed9aed

Time (s): cpu = 00:00:00 ; elapsed = 00:00:00.008 . Memory (MB): peak = 1231.219 ; gain = 0.000

Starting Final Cleanup Task
Ending Final Cleanup Task | Checksum: 237ed9aed

Time (s): cpu = 00:00:00 ; elapsed = 00:00:00.001 . Memory (MB): peak = 1231.219 ; gain = 0.000

Starting Netlist Obfuscation Task
Netlist sorting complete. Time (s): cpu = 00:00:00 ; elapsed = 00:00:00 . Memory (MB): peak = 1231.219 ; gain = 0.000
Ending Netlist Obfuscation Task | Checksum: 237ed9aed

Time (s): cpu = 00:00:00 ; elapsed = 00:00:00 . Memory (MB): peak = 1231.219 ; gain = 0.000
INFO: [Common 17-83] Releasing license: Implementation
23 Infos, 1 Warnings, 1 Critical Warnings and 0 Errors encountered.
opt_design completed successfully
opt_design: Time (s): cpu = 00:00:12 ; elapsed = 00:00:12 . Memory (MB): peak = 1231.219 ; gain = 636.359
Netlist sorting complete. Time (s): cpu = 00:00:00 ; elapsed = 00:00:00 . Memory (MB): peak = 1231.219 ; gain = 0.000
INFO: [Timing 38-480] Writing timing data to binary archive.
Writing placer database...
Writing XDEF routing.
Writing XDEF routing logical nets.
Writing XDEF routing special nets.
Write XDEF Complete: Time (s): cpu = 00:00:01 ; elapsed = 00:00:00.044 . Memory (MB): peak = 1231.219 ; gain = 0.000
Netlist sorting complete. Time (s): cpu = 00:00:00 ; elapsed = 00:00:00 . Memory (MB): peak = 1231.219 ; gain = 0.000
INFO: [Common 17-1381] The checkpoint 'C:/Users/SET253-08U.HCCMAIN/Documents/GitHub/ENES247/lab8-IntellectualProperty/lab8_1_1/iporfirio_8_1_1/iporfirio_8_1_1.runs/impl_1/clk_divider_behavior_opt.dcp' has been generated.
INFO: [runtcl-4] Executing : report_drc -file clk_divider_behavior_drc_opted.rpt -pb clk_divider_behavior_drc_opted.pb -rpx clk_divider_behavior_drc_opted.rpx
Command: report_drc -file clk_divider_behavior_drc_opted.rpt -pb clk_divider_behavior_drc_opted.pb -rpx clk_divider_behavior_drc_opted.rpx
INFO: [IP_Flow 19-234] Refreshing IP repositories
INFO: [IP_Flow 19-1704] No user IP repositories specified
INFO: [IP_Flow 19-2313] Loaded Vivado IP repository 'C:/Xilinx/Vivado/2018.3/data/ip'.
INFO: [DRC 23-27] Running DRC with 2 threads
INFO: [Coretcl 2-168] The results of DRC are in file C:/Users/SET253-08U.HCCMAIN/Documents/GitHub/ENES247/lab8-IntellectualProperty/lab8_1_1/iporfirio_8_1_1/iporfirio_8_1_1.runs/impl_1/clk_divider_behavior_drc_opted.rpt.
report_drc completed successfully
Command: place_design
Attempting to get a license for feature 'Implementation' and/or device 'xc7a100t'
INFO: [Common 17-349] Got license for feature 'Implementation' and/or device 'xc7a100t'
INFO: [DRC 23-27] Running DRC with 2 threads
INFO: [Vivado_Tcl 4-198] DRC finished with 0 Errors
INFO: [Vivado_Tcl 4-199] Please refer to the DRC report (report_drc) for more information.
Running DRC as a precondition to command place_design
INFO: [DRC 23-27] Running DRC with 2 threads
INFO: [Vivado_Tcl 4-198] DRC finished with 0 Errors
INFO: [Vivado_Tcl 4-199] Please refer to the DRC report (report_drc) for more information.

Starting Placer Task
INFO: [Place 30-611] Multithreading enabled for place_design using a maximum of 2 CPUs

Phase 1 Placer Initialization

Phase 1.1 Placer Initialization Netlist Sorting
Netlist sorting complete. Time (s): cpu = 00:00:00 ; elapsed = 00:00:00 . Memory (MB): peak = 1231.219 ; gain = 0.000
Phase 1.1 Placer Initialization Netlist Sorting | Checksum: 138659e46

Time (s): cpu = 00:00:00 ; elapsed = 00:00:00.003 . Memory (MB): peak = 1231.219 ; gain = 0.000
Netlist sorting complete. Time (s): cpu = 00:00:00 ; elapsed = 00:00:00 . Memory (MB): peak = 1231.219 ; gain = 0.000

Phase 1.2 IO Placement/ Clock Placement/ Build Placer Device
INFO: [Timing 38-35] Done setting XDC timing constraints.
Phase 1.2 IO Placement/ Clock Placement/ Build Placer Device | Checksum: 1891ad06a

Time (s): cpu = 00:00:01 ; elapsed = 00:00:00.721 . Memory (MB): peak = 1238.527 ; gain = 7.309

Phase 1.3 Build Placer Netlist Model
Phase 1.3 Build Placer Netlist Model | Checksum: 227548097

Time (s): cpu = 00:00:01 ; elapsed = 00:00:00.734 . Memory (MB): peak = 1238.527 ; gain = 7.309

Phase 1.4 Constrain Clocks/Macros
Phase 1.4 Constrain Clocks/Macros | Checksum: 227548097

Time (s): cpu = 00:00:01 ; elapsed = 00:00:00.736 . Memory (MB): peak = 1238.527 ; gain = 7.309
Phase 1 Placer Initialization | Checksum: 227548097

Time (s): cpu = 00:00:01 ; elapsed = 00:00:00.737 . Memory (MB): peak = 1238.527 ; gain = 7.309

Phase 2 Global Placement

Phase 2.1 Floorplanning
Phase 2.1 Floorplanning | Checksum: 227548097

Time (s): cpu = 00:00:01 ; elapsed = 00:00:00.741 . Memory (MB): peak = 1239.344 ; gain = 8.125
WARNING: [Place 46-29] place_design is not in timing mode. Skip physical synthesis in placer
Phase 2 Global Placement | Checksum: 23854cf1a

Time (s): cpu = 00:00:01 ; elapsed = 00:00:01 . Memory (MB): peak = 1244.715 ; gain = 13.496

Phase 3 Detail Placement

Phase 3.1 Commit Multi Column Macros
Phase 3.1 Commit Multi Column Macros | Checksum: 23854cf1a

Time (s): cpu = 00:00:01 ; elapsed = 00:00:01 . Memory (MB): peak = 1244.715 ; gain = 13.496

Phase 3.2 Commit Most Macros & LUTRAMs
Phase 3.2 Commit Most Macros & LUTRAMs | Checksum: 2518b5f60

Time (s): cpu = 00:00:01 ; elapsed = 00:00:01 . Memory (MB): peak = 1244.715 ; gain = 13.496

Phase 3.3 Area Swap Optimization
Phase 3.3 Area Swap Optimization | Checksum: 29aeadf15

Time (s): cpu = 00:00:01 ; elapsed = 00:00:01 . Memory (MB): peak = 1244.715 ; gain = 13.496

Phase 3.4 Pipeline Register Optimization
Phase 3.4 Pipeline Register Optimization | Checksum: 29aeadf15

Time (s): cpu = 00:00:01 ; elapsed = 00:00:01 . Memory (MB): peak = 1244.715 ; gain = 13.496

Phase 3.5 Small Shape Detail Placement
Phase 3.5 Small Shape Detail Placement | Checksum: 185282038

Time (s): cpu = 00:00:02 ; elapsed = 00:00:01 . Memory (MB): peak = 1250.133 ; gain = 18.914

Phase 3.6 Re-assign LUT pins
Phase 3.6 Re-assign LUT pins | Checksum: 185282038

Time (s): cpu = 00:00:02 ; elapsed = 00:00:01 . Memory (MB): peak = 1250.133 ; gain = 18.914

Phase 3.7 Pipeline Register Optimization
Phase 3.7 Pipeline Register Optimization | Checksum: 185282038

Time (s): cpu = 00:00:02 ; elapsed = 00:00:01 . Memory (MB): peak = 1250.133 ; gain = 18.914
Phase 3 Detail Placement | Checksum: 185282038

Time (s): cpu = 00:00:02 ; elapsed = 00:00:01 . Memory (MB): peak = 1250.133 ; gain = 18.914

Phase 4 Post Placement Optimization and Clean-Up

Phase 4.1 Post Commit Optimization
Phase 4.1 Post Commit Optimization | Checksum: 185282038

Time (s): cpu = 00:00:02 ; elapsed = 00:00:01 . Memory (MB): peak = 1250.133 ; gain = 18.914

Phase 4.2 Post Placement Cleanup
Phase 4.2 Post Placement Cleanup | Checksum: 185282038

Time (s): cpu = 00:00:02 ; elapsed = 00:00:01 . Memory (MB): peak = 1250.133 ; gain = 18.914

Phase 4.3 Placer Reporting
Phase 4.3 Placer Reporting | Checksum: 185282038

Time (s): cpu = 00:00:02 ; elapsed = 00:00:01 . Memory (MB): peak = 1250.133 ; gain = 18.914

Phase 4.4 Final Placement Cleanup
Netlist sorting complete. Time (s): cpu = 00:00:00 ; elapsed = 00:00:00.001 . Memory (MB): peak = 1250.133 ; gain = 0.000
Phase 4.4 Final Placement Cleanup | Checksum: 1324f5b12

Time (s): cpu = 00:00:02 ; elapsed = 00:00:01 . Memory (MB): peak = 1250.133 ; gain = 18.914
Phase 4 Post Placement Optimization and Clean-Up | Checksum: 1324f5b12

Time (s): cpu = 00:00:02 ; elapsed = 00:00:01 . Memory (MB): peak = 1250.133 ; gain = 18.914
Ending Placer Task | Checksum: 94a49bb9

Time (s): cpu = 00:00:02 ; elapsed = 00:00:01 . Memory (MB): peak = 1250.133 ; gain = 18.914
INFO: [Common 17-83] Releasing license: Implementation
41 Infos, 2 Warnings, 1 Critical Warnings and 0 Errors encountered.
place_design completed successfully
Netlist sorting complete. Time (s): cpu = 00:00:00 ; elapsed = 00:00:00 . Memory (MB): peak = 1250.133 ; gain = 0.000
INFO: [Timing 38-480] Writing timing data to binary archive.
Writing placer database...
Writing XDEF routing.
Writing XDEF routing logical nets.
Writing XDEF routing special nets.
Write XDEF Complete: Time (s): cpu = 00:00:00 ; elapsed = 00:00:00.043 . Memory (MB): peak = 1252.898 ; gain = 2.766
Netlist sorting complete. Time (s): cpu = 00:00:00 ; elapsed = 00:00:00 . Memory (MB): peak = 1255.906 ; gain = 0.000
INFO: [Common 17-1381] The checkpoint 'C:/Users/SET253-08U.HCCMAIN/Documents/GitHub/ENES247/lab8-IntellectualProperty/lab8_1_1/iporfirio_8_1_1/iporfirio_8_1_1.runs/impl_1/clk_divider_behavior_placed.dcp' has been generated.
INFO: [runtcl-4] Executing : report_io -file clk_divider_behavior_io_placed.rpt
report_io: Time (s): cpu = 00:00:00 ; elapsed = 00:00:00.036 . Memory (MB): peak = 1255.906 ; gain = 0.000
INFO: [runtcl-4] Executing : report_utilization -file clk_divider_behavior_utilization_placed.rpt -pb clk_divider_behavior_utilization_placed.pb
INFO: [runtcl-4] Executing : report_control_sets -verbose -file clk_divider_behavior_control_sets_placed.rpt
report_control_sets: Time (s): cpu = 00:00:00 ; elapsed = 00:00:00.001 . Memory (MB): peak = 1255.906 ; gain = 0.000
Command: route_design
Attempting to get a license for feature 'Implementation' and/or device 'xc7a100t'
INFO: [Common 17-349] Got license for feature 'Implementation' and/or device 'xc7a100t'
Running DRC as a precondition to command route_design
INFO: [DRC 23-27] Running DRC with 2 threads
INFO: [Vivado_Tcl 4-198] DRC finished with 0 Errors
INFO: [Vivado_Tcl 4-199] Please refer to the DRC report (report_drc) for more information.


Starting Routing Task
INFO: [Route 35-254] Multithreading enabled for route_design using a maximum of 2 CPUs
Checksum: PlaceDB: 5e5d9b7 ConstDB: 0 ShapeSum: 8ebec202 RouteDB: 0

Phase 1 Build RT Design
Phase 1 Build RT Design | Checksum: 165ffd9c8

Time (s): cpu = 00:00:34 ; elapsed = 00:00:30 . Memory (MB): peak = 1416.496 ; gain = 160.590
Post Restoration Checksum: NetGraph: a11f8437 NumContArr: c4e05591 Constraints: 0 Timing: 0

Phase 2 Router Initialization
INFO: [Route 35-64] No timing constraints were detected. The router will operate in resource-optimization mode.

Phase 2.1 Fix Topology Constraints
Phase 2.1 Fix Topology Constraints | Checksum: 165ffd9c8

Time (s): cpu = 00:00:34 ; elapsed = 00:00:30 . Memory (MB): peak = 1422.305 ; gain = 166.398

Phase 2.2 Pre Route Cleanup
Phase 2.2 Pre Route Cleanup | Checksum: 165ffd9c8

Time (s): cpu = 00:00:34 ; elapsed = 00:00:30 . Memory (MB): peak = 1422.305 ; gain = 166.398
 Number of Nodes with overlaps = 0
Phase 2 Router Initialization | Checksum: 0d02e71d

Time (s): cpu = 00:00:34 ; elapsed = 00:00:30 . Memory (MB): peak = 1429.949 ; gain = 174.043

Phase 3 Initial Routing
 Number of Nodes with overlaps = 0
Phase 3 Initial Routing | Checksum: f7ae6431

Time (s): cpu = 00:00:34 ; elapsed = 00:00:30 . Memory (MB): peak = 1433.590 ; gain = 177.684

Phase 4 Rip-up And Reroute

Phase 4.1 Global Iteration 0
Phase 4.1 Global Iteration 0 | Checksum: f7ae6431

Time (s): cpu = 00:00:34 ; elapsed = 00:00:30 . Memory (MB): peak = 1433.590 ; gain = 177.684
Phase 4 Rip-up And Reroute | Checksum: f7ae6431

Time (s): cpu = 00:00:34 ; elapsed = 00:00:30 . Memory (MB): peak = 1433.590 ; gain = 177.684

Phase 5 Delay and Skew Optimization
Phase 5 Delay and Skew Optimization | Checksum: f7ae6431

Time (s): cpu = 00:00:34 ; elapsed = 00:00:30 . Memory (MB): peak = 1433.590 ; gain = 177.684

Phase 6 Post Hold Fix

Phase 6.1 Hold Fix Iter
Phase 6.1 Hold Fix Iter | Checksum: f7ae6431

Time (s): cpu = 00:00:34 ; elapsed = 00:00:30 . Memory (MB): peak = 1433.590 ; gain = 177.684
Phase 6 Post Hold Fix | Checksum: f7ae6431

Time (s): cpu = 00:00:34 ; elapsed = 00:00:30 . Memory (MB): peak = 1433.590 ; gain = 177.684

Phase 7 Route finalize

Router Utilization Summary
  Global Vertical Routing Utilization    = 0.00191496 %
  Global Horizontal Routing Utilization  = 0.000852515 %
  Routable Net Status*
  *Does not include unroutable nets such as driverless and loadless.
  Run report_route_status for detailed report.
  Number of Failed Nets               = 0
  Number of Unrouted Nets             = 0
  Number of Partially Routed Nets     = 0
  Number of Node Overlaps             = 0

Congestion Report
North Dir 1x1 Area, Max Cong = 1.8018%, No Congested Regions.
South Dir 1x1 Area, Max Cong = 5.40541%, No Congested Regions.
East Dir 1x1 Area, Max Cong = 2.94118%, No Congested Regions.
West Dir 1x1 Area, Max Cong = 2.94118%, No Congested Regions.

------------------------------
Reporting congestion hotspots
------------------------------
Direction: North
----------------
Congested clusters found at Level 0
Effective congestion level: 0 Aspect Ratio: 1 Sparse Ratio: 0
Direction: South
----------------
Congested clusters found at Level 0
Effective congestion level: 0 Aspect Ratio: 1 Sparse Ratio: 0
Direction: East
----------------
Congested clusters found at Level 0
Effective congestion level: 0 Aspect Ratio: 1 Sparse Ratio: 0
Direction: West
----------------
Congested clusters found at Level 0
Effective congestion level: 0 Aspect Ratio: 1 Sparse Ratio: 0

Phase 7 Route finalize | Checksum: f7ae6431

Time (s): cpu = 00:00:34 ; elapsed = 00:00:30 . Memory (MB): peak = 1433.590 ; gain = 177.684

Phase 8 Verifying routed nets

 Verification completed successfully
Phase 8 Verifying routed nets | Checksum: f7ae6431

Time (s): cpu = 00:00:34 ; elapsed = 00:00:30 . Memory (MB): peak = 1435.602 ; gain = 179.695

Phase 9 Depositing Routes
Phase 9 Depositing Routes | Checksum: a643c4e0

Time (s): cpu = 00:00:34 ; elapsed = 00:00:30 . Memory (MB): peak = 1435.602 ; gain = 179.695
INFO: [Route 35-16] Router Completed Successfully

Time (s): cpu = 00:00:34 ; elapsed = 00:00:30 . Memory (MB): peak = 1435.602 ; gain = 179.695

Routing Is Done.
INFO: [Common 17-83] Releasing license: Implementation
54 Infos, 2 Warnings, 1 Critical Warnings and 0 Errors encountered.
route_design completed successfully
route_design: Time (s): cpu = 00:00:35 ; elapsed = 00:00:31 . Memory (MB): peak = 1435.602 ; gain = 179.695
Netlist sorting complete. Time (s): cpu = 00:00:00 ; elapsed = 00:00:00 . Memory (MB): peak = 1435.602 ; gain = 0.000
INFO: [Timing 38-480] Writing timing data to binary archive.
Writing placer database...
Writing XDEF routing.
Writing XDEF routing logical nets.
Writing XDEF routing special nets.
Write XDEF Complete: Time (s): cpu = 00:00:00 ; elapsed = 00:00:00.041 . Memory (MB): peak = 1435.602 ; gain = 0.000
Netlist sorting complete. Time (s): cpu = 00:00:00 ; elapsed = 00:00:00.001 . Memory (MB): peak = 1435.602 ; gain = 0.000
INFO: [Common 17-1381] The checkpoint 'C:/Users/SET253-08U.HCCMAIN/Documents/GitHub/ENES247/lab8-IntellectualProperty/lab8_1_1/iporfirio_8_1_1/iporfirio_8_1_1.runs/impl_1/clk_divider_behavior_routed.dcp' has been generated.
INFO: [runtcl-4] Executing : report_drc -file clk_divider_behavior_drc_routed.rpt -pb clk_divider_behavior_drc_routed.pb -rpx clk_divider_behavior_drc_routed.rpx
Command: report_drc -file clk_divider_behavior_drc_routed.rpt -pb clk_divider_behavior_drc_routed.pb -rpx clk_divider_behavior_drc_routed.rpx
INFO: [IP_Flow 19-1839] IP Catalog is up to date.
INFO: [DRC 23-27] Running DRC with 2 threads
INFO: [Coretcl 2-168] The results of DRC are in file C:/Users/SET253-08U.HCCMAIN/Documents/GitHub/ENES247/lab8-IntellectualProperty/lab8_1_1/iporfirio_8_1_1/iporfirio_8_1_1.runs/impl_1/clk_divider_behavior_drc_routed.rpt.
report_drc completed successfully
INFO: [runtcl-4] Executing : report_methodology -file clk_divider_behavior_methodology_drc_routed.rpt -pb clk_divider_behavior_methodology_drc_routed.pb -rpx clk_divider_behavior_methodology_drc_routed.rpx
Command: report_methodology -file clk_divider_behavior_methodology_drc_routed.rpt -pb clk_divider_behavior_methodology_drc_routed.pb -rpx clk_divider_behavior_methodology_drc_routed.rpx
INFO: [Timing 38-35] Done setting XDC timing constraints.
INFO: [DRC 23-133] Running Methodology with 2 threads
INFO: [Coretcl 2-1520] The results of Report Methodology are in file C:/Users/SET253-08U.HCCMAIN/Documents/GitHub/ENES247/lab8-IntellectualProperty/lab8_1_1/iporfirio_8_1_1/iporfirio_8_1_1.runs/impl_1/clk_divider_behavior_methodology_drc_routed.rpt.
report_methodology completed successfully
INFO: [runtcl-4] Executing : report_power -file clk_divider_behavior_power_routed.rpt -pb clk_divider_behavior_power_summary_routed.pb -rpx clk_divider_behavior_power_routed.rpx
Command: report_power -file clk_divider_behavior_power_routed.rpt -pb clk_divider_behavior_power_summary_routed.pb -rpx clk_divider_behavior_power_routed.rpx
WARNING: [Power 33-232] No user defined clocks were found in the design!
Resolution: Please specify clocks using create_clock/create_generated_clock for sequential elements. For pure combinatorial circuits, please specify a virtual clock, otherwise the vectorless estimation might be inaccurate
INFO: [Timing 38-35] Done setting XDC timing constraints.
Running Vector-less Activity Propagation...

Finished Running Vector-less Activity Propagation
66 Infos, 3 Warnings, 1 Critical Warnings and 0 Errors encountered.
report_power completed successfully
INFO: [runtcl-4] Executing : report_route_status -file clk_divider_behavior_route_status.rpt -pb clk_divider_behavior_route_status.pb
INFO: [runtcl-4] Executing : report_timing_summary -max_paths 10 -file clk_divider_behavior_timing_summary_routed.rpt -pb clk_divider_behavior_timing_summary_routed.pb -rpx clk_divider_behavior_timing_summary_routed.rpx -warn_on_violation 
INFO: [Timing 38-91] UpdateTimingParams: Speed grade: -1, Delay Type: min_max.
INFO: [Timing 38-191] Multithreading enabled for timing update using a maximum of 2 CPUs
WARNING: [Timing 38-313] There are no user specified timing constraints. Timing constraints are needed for proper timing analysis.
INFO: [runtcl-4] Executing : report_incremental_reuse -file clk_divider_behavior_incremental_reuse_routed.rpt
INFO: [Vivado_Tcl 4-1062] Incremental flow is disabled. No incremental reuse Info to report.
INFO: [runtcl-4] Executing : report_clock_utilization -file clk_divider_behavior_clock_utilization_routed.rpt
INFO: [runtcl-4] Executing : report_bus_skew -warn_on_violation -file clk_divider_behavior_bus_skew_routed.rpt -pb clk_divider_behavior_bus_skew_routed.pb -rpx clk_divider_behavior_bus_skew_routed.rpx
INFO: [Timing 38-91] UpdateTimingParams: Speed grade: -1, Delay Type: min_max.
INFO: [Timing 38-191] Multithreading enabled for timing update using a maximum of 2 CPUs
INFO: [Common 17-206] Exiting Vivado at Sat May  4 15:52:11 2019...

*** Running vivado
    with args -log clk_divider_behavior.vdi -applog -m64 -product Vivado -messageDb vivado.pb -mode batch -source clk_divider_behavior.tcl -notrace


****** Vivado v2018.3 (64-bit)
  **** SW Build 2405991 on Thu Dec  6 23:38:27 MST 2018
  **** IP Build 2404404 on Fri Dec  7 01:43:56 MST 2018
    ** Copyright 1986-2018 Xilinx, Inc. All Rights Reserved.

source clk_divider_behavior.tcl -notrace
Command: open_checkpoint clk_divider_behavior_routed.dcp

Starting open_checkpoint Task

Time (s): cpu = 00:00:00 ; elapsed = 00:00:00.036 . Memory (MB): peak = 252.012 ; gain = 0.000
INFO: [Netlist 29-17] Analyzing 6 Unisim elements for replacement
INFO: [Netlist 29-28] Unisim Transformation completed in 0 CPU seconds
INFO: [Project 1-479] Netlist was created with Vivado 2018.3
INFO: [Device 21-403] Loading part xc7a100tcsg324-1
INFO: [Project 1-570] Preparing netlist for logic optimization
INFO: [Timing 38-478] Restoring timing data from binary archive.
INFO: [Timing 38-479] Binary timing data restore complete.
INFO: [Project 1-856] Restoring constraints from binary archive.
INFO: [Project 1-853] Binary constraint restore complete.
Reading XDEF placement.
Reading placer database...
Reading XDEF routing.
Read XDEF File: Time (s): cpu = 00:00:00 ; elapsed = 00:00:00.106 . Memory (MB): peak = 1146.254 ; gain = 0.000
Restored from archive | CPU: 0.000000 secs | Memory: 0.000000 MB |
Finished XDEF File Restore: Time (s): cpu = 00:00:00 ; elapsed = 00:00:00.106 . Memory (MB): peak = 1146.254 ; gain = 0.000
Netlist sorting complete. Time (s): cpu = 00:00:00 ; elapsed = 00:00:00 . Memory (MB): peak = 1146.254 ; gain = 0.000
INFO: [Project 1-111] Unisim Transformation Summary:
No Unisim elements were transformed.

INFO: [Project 1-604] Checkpoint was created with Vivado v2018.3 (64-bit) build 2405991
open_checkpoint: Time (s): cpu = 00:00:16 ; elapsed = 00:00:18 . Memory (MB): peak = 1146.254 ; gain = 894.242
Command: write_bitstream -force clk_divider_behavior.bit
Attempting to get a license for feature 'Implementation' and/or device 'xc7a100t'
INFO: [Common 17-349] Got license for feature 'Implementation' and/or device 'xc7a100t'
Running DRC as a precondition to command write_bitstream
INFO: [IP_Flow 19-234] Refreshing IP repositories
INFO: [IP_Flow 19-1704] No user IP repositories specified
INFO: [IP_Flow 19-2313] Loaded Vivado IP repository 'C:/Xilinx/Vivado/2018.3/data/ip'.
INFO: [DRC 23-27] Running DRC with 2 threads
WARNING: [DRC CFGBVS-1] Missing CFGBVS and CONFIG_VOLTAGE Design Properties: Neither the CFGBVS nor CONFIG_VOLTAGE voltage property is set in the current_design.  Configuration bank voltage select (CFGBVS) must be set to VCCO or GND, and CONFIG_VOLTAGE must be set to the correct configuration voltage, in order to determine the I/O voltage support for the pins in bank 0.  It is suggested to specify these either using the 'Edit Device Properties' function in the GUI or directly in the XDC file using the following syntax:

 set_property CFGBVS value1 [current_design]
 #where value1 is either VCCO or GND

 set_property CONFIG_VOLTAGE value2 [current_design]
 #where value2 is the voltage provided to configuration bank 0

Refer to the device configuration user guide for more information.
INFO: [Vivado 12-3199] DRC finished with 0 Errors, 1 Warnings
INFO: [Vivado 12-3200] Please refer to the DRC report (report_drc) for more information.
INFO: [Designutils 20-2272] Running write_bitstream with 2 threads.
Loading data files...
Loading site data...
Loading route data...
Processing options...
Creating bitmap...
Creating bitstream...
Writing bitstream ./clk_divider_behavior.bit...
INFO: [Vivado 12-1842] Bitgen Completed Successfully.
INFO: [Project 1-120] WebTalk data collection is mandatory when using a WebPACK part without a full Vivado license. To see the specific WebTalk data collected for your design, open the usage_statistics_webtalk.html or usage_statistics_webtalk.xml file in the implementation directory.
INFO: [Common 17-186] 'C:/Users/SET253-08U.HCCMAIN/Documents/GitHub/ENES247/lab8-IntellectualProperty/lab8_1_1/iporfirio_8_1_1/iporfirio_8_1_1.runs/impl_1/usage_statistics_webtalk.xml' has been successfully sent to Xilinx on Sat May  4 15:54:16 2019. For additional details about this file, please refer to the WebTalk help file at C:/Xilinx/Vivado/2018.3/doc/webtalk_introduction.html.
INFO: [Common 17-83] Releasing license: Implementation
23 Infos, 1 Warnings, 0 Critical Warnings and 0 Errors encountered.
write_bitstream completed successfully
write_bitstream: Time (s): cpu = 00:00:16 ; elapsed = 00:00:17 . Memory (MB): peak = 1638.227 ; gain = 491.973
INFO: [Common 17-206] Exiting Vivado at Sat May  4 15:54:16 2019...

*** Running vivado
    with args -log clk_divider_behavior.vdi -applog -m64 -product Vivado -messageDb vivado.pb -mode batch -source clk_divider_behavior.tcl -notrace


****** Vivado v2018.3 (64-bit)
  **** SW Build 2405991 on Thu Dec  6 23:38:27 MST 2018
  **** IP Build 2404404 on Fri Dec  7 01:43:56 MST 2018
    ** Copyright 1986-2018 Xilinx, Inc. All Rights Reserved.

source clk_divider_behavior.tcl -notrace
Command: open_checkpoint clk_divider_behavior_routed.dcp

Starting open_checkpoint Task

Time (s): cpu = 00:00:00 ; elapsed = 00:00:00.034 . Memory (MB): peak = 251.781 ; gain = 0.000
INFO: [Netlist 29-17] Analyzing 6 Unisim elements for replacement
INFO: [Netlist 29-28] Unisim Transformation completed in 0 CPU seconds
INFO: [Project 1-479] Netlist was created with Vivado 2018.3
INFO: [Device 21-403] Loading part xc7a100tcsg324-1
INFO: [Project 1-570] Preparing netlist for logic optimization
INFO: [Timing 38-478] Restoring timing data from binary archive.
INFO: [Timing 38-479] Binary timing data restore complete.
INFO: [Project 1-856] Restoring constraints from binary archive.
INFO: [Project 1-853] Binary constraint restore complete.
Reading XDEF placement.
Reading placer database...
Reading XDEF routing.
Read XDEF File: Time (s): cpu = 00:00:00 ; elapsed = 00:00:00.107 . Memory (MB): peak = 1144.078 ; gain = 0.000
Restored from archive | CPU: 0.000000 secs | Memory: 0.000000 MB |
Finished XDEF File Restore: Time (s): cpu = 00:00:00 ; elapsed = 00:00:00.108 . Memory (MB): peak = 1144.078 ; gain = 0.000
Netlist sorting complete. Time (s): cpu = 00:00:00 ; elapsed = 00:00:00 . Memory (MB): peak = 1144.078 ; gain = 0.000
INFO: [Project 1-111] Unisim Transformation Summary:
No Unisim elements were transformed.

INFO: [Project 1-604] Checkpoint was created with Vivado v2018.3 (64-bit) build 2405991
open_checkpoint: Time (s): cpu = 00:00:17 ; elapsed = 00:00:18 . Memory (MB): peak = 1144.078 ; gain = 892.297
Command: write_bitstream -force clk_divider_behavior.bit
Attempting to get a license for feature 'Implementation' and/or device 'xc7a100t'
INFO: [Common 17-349] Got license for feature 'Implementation' and/or device 'xc7a100t'
Running DRC as a precondition to command write_bitstream
INFO: [IP_Flow 19-234] Refreshing IP repositories
INFO: [IP_Flow 19-1704] No user IP repositories specified
INFO: [IP_Flow 19-2313] Loaded Vivado IP repository 'C:/Xilinx/Vivado/2018.3/data/ip'.
INFO: [DRC 23-27] Running DRC with 2 threads
WARNING: [DRC CFGBVS-1] Missing CFGBVS and CONFIG_VOLTAGE Design Properties: Neither the CFGBVS nor CONFIG_VOLTAGE voltage property is set in the current_design.  Configuration bank voltage select (CFGBVS) must be set to VCCO or GND, and CONFIG_VOLTAGE must be set to the correct configuration voltage, in order to determine the I/O voltage support for the pins in bank 0.  It is suggested to specify these either using the 'Edit Device Properties' function in the GUI or directly in the XDC file using the following syntax:

 set_property CFGBVS value1 [current_design]
 #where value1 is either VCCO or GND

 set_property CONFIG_VOLTAGE value2 [current_design]
 #where value2 is the voltage provided to configuration bank 0

Refer to the device configuration user guide for more information.
INFO: [Vivado 12-3199] DRC finished with 0 Errors, 1 Warnings
INFO: [Vivado 12-3200] Please refer to the DRC report (report_drc) for more information.
INFO: [Designutils 20-2272] Running write_bitstream with 2 threads.
Loading data files...
Loading site data...
Loading route data...
Processing options...
Creating bitmap...
Creating bitstream...
Writing bitstream ./clk_divider_behavior.bit...
INFO: [Vivado 12-1842] Bitgen Completed Successfully.
INFO: [Project 1-120] WebTalk data collection is mandatory when using a WebPACK part without a full Vivado license. To see the specific WebTalk data collected for your design, open the usage_statistics_webtalk.html or usage_statistics_webtalk.xml file in the implementation directory.
INFO: [Common 17-186] 'C:/Users/SET253-08U.HCCMAIN/Documents/GitHub/ENES247/lab8-IntellectualProperty/lab8_1_1/iporfirio_8_1_1/iporfirio_8_1_1.runs/impl_1/usage_statistics_webtalk.xml' has been successfully sent to Xilinx on Sat May  4 15:56:46 2019. For additional details about this file, please refer to the WebTalk help file at C:/Xilinx/Vivado/2018.3/doc/webtalk_introduction.html.
INFO: [Common 17-83] Releasing license: Implementation
23 Infos, 1 Warnings, 0 Critical Warnings and 0 Errors encountered.
write_bitstream completed successfully
write_bitstream: Time (s): cpu = 00:00:15 ; elapsed = 00:00:17 . Memory (MB): peak = 1633.695 ; gain = 489.617
INFO: [Common 17-206] Exiting Vivado at Sat May  4 15:56:46 2019...
