#-----------------------------------------------------------
# Vivado v2018.3 (64-bit)
# SW Build 2405991 on Thu Dec  6 23:38:27 MST 2018
# IP Build 2404404 on Fri Dec  7 01:43:56 MST 2018
# Start of session at: Fri Mar 15 14:20:10 2019
# Process ID: 12208
# Current directory: C:/Users/SET253-08U.HCCMAIN/Documents/GitHub/ENES247/lab2-7segDisplayofAdders/lab2_2_hexToBCD
# Command line: vivado.exe -gui_launcher_event rodinguilauncherevent12112 C:\Users\SET253-08U.HCCMAIN\Documents\GitHub\ENES247\lab2-7segDisplayofAdders\lab2_2_hexToBCD\lab2_2_hexToBCD.xpr
# Log file: C:/Users/SET253-08U.HCCMAIN/Documents/GitHub/ENES247/lab2-7segDisplayofAdders/lab2_2_hexToBCD/vivado.log
# Journal file: C:/Users/SET253-08U.HCCMAIN/Documents/GitHub/ENES247/lab2-7segDisplayofAdders/lab2_2_hexToBCD\vivado.jou
#-----------------------------------------------------------
start_gui
open_project C:/Users/SET253-08U.HCCMAIN/Documents/GitHub/ENES247/lab2-7segDisplayofAdders/lab2_2_hexToBCD/lab2_2_hexToBCD.xpr
INFO: [ProjectBase 1-489] The host OS only allows 260 characters in a normal path. The project is stored in a path with more than 80 characters. If you experience issues with IP, Block Designs, or files not being found, please consider moving the project to a location with a shorter path. Alternately consider using the OS subst command to map part of the path to a drive letter.
Current project path is 'C:/Users/SET253-08U.HCCMAIN/Documents/GitHub/ENES247/lab2-7segDisplayofAdders/lab2_2_hexToBCD'
INFO: [Project 1-313] Project file moved from 'C:/Users/SET253-22U.HCCMAIN/Documents/GitHub/ENES247/lab2-7segDisplayofAdders/lab2_2_hexToBCD' since last save.
Scanning sources...
Finished scanning sources
WARNING: [filemgmt 56-2] IPUserFilesDir: Could not find the directory 'C:/Users/SET253-08U.HCCMAIN/Documents/GitHub/ENES247/lab2-7segDisplayofAdders/lab2_2_hexToBCD/lab2_2_hexToBCD.ip_user_files', nor could it be found using path 'C:/Users/SET253-22U.HCCMAIN/Documents/GitHub/ENES247/lab2-7segDisplayofAdders/lab2_2_hexToBCD/lab2_2_hexToBCD.ip_user_files'.
INFO: [IP_Flow 19-234] Refreshing IP repositories
INFO: [IP_Flow 19-1704] No user IP repositories specified
INFO: [IP_Flow 19-2313] Loaded Vivado IP repository 'C:/Xilinx/Vivado/2018.3/data/ip'.
open_project: Time (s): cpu = 00:00:16 ; elapsed = 00:00:09 . Memory (MB): peak = 719.848 ; gain = 162.547
update_compile_order -fileset sources_1
reset_run synth_1
launch_runs synth_1 -jobs 2
[Fri Mar 15 14:20:49 2019] Launched synth_1...
Run output will be captured here: C:/Users/SET253-08U.HCCMAIN/Documents/GitHub/ENES247/lab2-7segDisplayofAdders/lab2_2_hexToBCD/lab2_2_hexToBCD.runs/synth_1/runme.log
launch_runs impl_1 -jobs 2
[Fri Mar 15 14:23:20 2019] Launched impl_1...
Run output will be captured here: C:/Users/SET253-08U.HCCMAIN/Documents/GitHub/ENES247/lab2-7segDisplayofAdders/lab2_2_hexToBCD/lab2_2_hexToBCD.runs/impl_1/runme.log
open_run impl_1
INFO: [Common 17-41] Interrupt caught. Command should exit soon.
INFO: [Project 1-479] Netlist was created with Vivado 2018.3
INFO: [Common 17-344] 'open_run' was cancelled
exit
INFO: [Common 17-206] Exiting Vivado at Fri Mar 15 14:49:09 2019...
