#-----------------------------------------------------------
# Vivado v2018.3 (64-bit)
# SW Build 2405991 on Thu Dec  6 23:38:27 MST 2018
# IP Build 2404404 on Fri Dec  7 01:43:56 MST 2018
# Start of session at: Fri Mar 15 15:28:59 2019
# Process ID: 13104
# Current directory: C:/Users/SET253-08U.HCCMAIN/Documents/GitHub/ENES247/lab3-ReusableBCDhex7segDisplayCode/4_32bitsHexTo7segAnd16LEDs
# Command line: vivado.exe -gui_launcher_event rodinguilauncherevent13220 C:\Users\SET253-08U.HCCMAIN\Documents\GitHub\ENES247\lab3-ReusableBCDhex7segDisplayCode\4_32bitsHexTo7segAnd16LEDs\3_32bitsHexTo7segAnd16LEDs.xpr
# Log file: C:/Users/SET253-08U.HCCMAIN/Documents/GitHub/ENES247/lab3-ReusableBCDhex7segDisplayCode/4_32bitsHexTo7segAnd16LEDs/vivado.log
# Journal file: C:/Users/SET253-08U.HCCMAIN/Documents/GitHub/ENES247/lab3-ReusableBCDhex7segDisplayCode/4_32bitsHexTo7segAnd16LEDs\vivado.jou
#-----------------------------------------------------------
start_gui
open_project C:/Users/SET253-08U.HCCMAIN/Documents/GitHub/ENES247/lab3-ReusableBCDhex7segDisplayCode/4_32bitsHexTo7segAnd16LEDs/3_32bitsHexTo7segAnd16LEDs.xpr
INFO: [ProjectBase 1-489] The host OS only allows 260 characters in a normal path. The project is stored in a path with more than 80 characters. If you experience issues with IP, Block Designs, or files not being found, please consider moving the project to a location with a shorter path. Alternately consider using the OS subst command to map part of the path to a drive letter.
Current project path is 'C:/Users/SET253-08U.HCCMAIN/Documents/GitHub/ENES247/lab3-ReusableBCDhex7segDisplayCode/4_32bitsHexTo7segAnd16LEDs'
INFO: [Project 1-313] Project file moved from 'C:/Users/Scott Foerster/Documents/GitHub/ENES247/lab3-ReusableBCDhex7segDisplayCode/4_32bitsHexTo7segAnd16LEDs' since last save.
Scanning sources...
Finished scanning sources
WARNING: [filemgmt 56-2] IPUserFilesDir: Could not find the directory 'C:/Users/SET253-08U.HCCMAIN/Documents/GitHub/ENES247/lab3-ReusableBCDhex7segDisplayCode/4_32bitsHexTo7segAnd16LEDs/3_32bitsHexTo7segAnd16LEDs.ip_user_files', nor could it be found using path 'C:/Users/Scott Foerster/Documents/GitHub/ENES247/lab3-ReusableBCDhex7segDisplayCode/4_32bitsHexTo7segAnd16LEDs/3_32bitsHexTo7segAnd16LEDs.ip_user_files'.
INFO: [IP_Flow 19-234] Refreshing IP repositories
INFO: [IP_Flow 19-1704] No user IP repositories specified
INFO: [IP_Flow 19-2313] Loaded Vivado IP repository 'C:/Xilinx/Vivado/2018.3/data/ip'.
open_project: Time (s): cpu = 00:00:13 ; elapsed = 00:00:06 . Memory (MB): peak = 691.926 ; gain = 105.355
update_compile_order -fileset sources_1
reset_run synth_1
launch_runs synth_1 -jobs 2
[Fri Mar 15 15:29:45 2019] Launched synth_1...
Run output will be captured here: C:/Users/SET253-08U.HCCMAIN/Documents/GitHub/ENES247/lab3-ReusableBCDhex7segDisplayCode/4_32bitsHexTo7segAnd16LEDs/3_32bitsHexTo7segAnd16LEDs.runs/synth_1/runme.log
launch_runs impl_1 -jobs 2
[Fri Mar 15 15:30:25 2019] Launched impl_1...
Run output will be captured here: C:/Users/SET253-08U.HCCMAIN/Documents/GitHub/ENES247/lab3-ReusableBCDhex7segDisplayCode/4_32bitsHexTo7segAnd16LEDs/3_32bitsHexTo7segAnd16LEDs.runs/impl_1/runme.log
open_run impl_1
INFO: [Netlist 29-17] Analyzing 7 Unisim elements for replacement
INFO: [Netlist 29-28] Unisim Transformation completed in 0 CPU seconds
INFO: [Project 1-479] Netlist was created with Vivado 2018.3
INFO: [Device 21-403] Loading part xc7a100tcsg324-1
INFO: [Project 1-570] Preparing netlist for logic optimization
INFO: [Timing 38-478] Restoring timing data from binary archive.
INFO: [Timing 38-479] Binary timing data restore complete.
INFO: [Project 1-856] Restoring constraints from binary archive.
INFO: [Project 1-853] Binary constraint restore complete.
Reading XDEF placement.
Reading placer database...
Reading XDEF routing.
Read XDEF File: Time (s): cpu = 00:00:00 ; elapsed = 00:00:00.051 . Memory (MB): peak = 1579.664 ; gain = 0.000
Restored from archive | CPU: 0.000000 secs | Memory: 0.000000 MB |
Finished XDEF File Restore: Time (s): cpu = 00:00:00 ; elapsed = 00:00:00.052 . Memory (MB): peak = 1579.664 ; gain = 0.000
Netlist sorting complete. Time (s): cpu = 00:00:00 ; elapsed = 00:00:00 . Memory (MB): peak = 1579.664 ; gain = 0.000
INFO: [Project 1-111] Unisim Transformation Summary:
No Unisim elements were transformed.

open_run: Time (s): cpu = 00:00:24 ; elapsed = 00:00:19 . Memory (MB): peak = 1682.078 ; gain = 929.707
WARNING: [Timing 38-313] There are no user specified timing constraints. Timing constraints are needed for proper timing analysis.
exit
INFO: [Common 17-206] Exiting Vivado at Fri Mar 15 15:49:17 2019...
