
*** Running vivado
    with args -log stop_watch_core.vds -m64 -product Vivado -mode batch -messageDb vivado.pb -notrace -source stop_watch_core.tcl


****** Vivado v2018.3 (64-bit)
  **** SW Build 2405991 on Thu Dec  6 23:38:27 MST 2018
  **** IP Build 2404404 on Fri Dec  7 01:43:56 MST 2018
    ** Copyright 1986-2018 Xilinx, Inc. All Rights Reserved.

source stop_watch_core.tcl -notrace
Command: synth_design -top stop_watch_core -part xc7a100tcsg324-1
Starting synth_design
Attempting to get a license for feature 'Synthesis' and/or device 'xc7a100t'
INFO: [Common 17-349] Got license for feature 'Synthesis' and/or device 'xc7a100t'
INFO: Launching helper process for spawning children vivado processes
INFO: Helper process launched with PID 8856 
WARNING: [Synth 8-2644] root scope declaration is not allowed in verilog 95/2K mode [C:/Users/SET165-13U/Documents/GitHub/ENES247/lab9-StopWatch/lab9_3_1/stop_watch_core_Nexys4ddr.v:6]
---------------------------------------------------------------------------------
Starting RTL Elaboration : Time (s): cpu = 00:00:02 ; elapsed = 00:00:03 . Memory (MB): peak = 418.727 ; gain = 112.633
---------------------------------------------------------------------------------
INFO: [Synth 8-6157] synthesizing module 'stop_watch_core' [C:/Users/SET165-13U/Documents/GitHub/ENES247/lab9-StopWatch/lab9_3_1/stop_watch_core_Nexys4ddr.v:8]
INFO: [Synth 8-6157] synthesizing module 'CLK_5MHz' [C:/Users/SET165-13U/Documents/GitHub/ENES247/lab9-StopWatch/lab9_3_1/iporfirio_9_3_1/iporfirio_9_3_1.runs/synth_1/.Xil/Vivado-7372-SET165-13C/realtime/CLK_5MHz_stub.v:5]
INFO: [Synth 8-6155] done synthesizing module 'CLK_5MHz' (1#1) [C:/Users/SET165-13U/Documents/GitHub/ENES247/lab9-StopWatch/lab9_3_1/iporfirio_9_3_1/iporfirio_9_3_1.runs/synth_1/.Xil/Vivado-7372-SET165-13C/realtime/CLK_5MHz_stub.v:5]
WARNING: [Synth 8-350] instance 'U1' of module 'CLK_5MHz' requires 3 connections, but only 2 given [C:/Users/SET165-13U/Documents/GitHub/ENES247/lab9-StopWatch/lab9_3_1/stop_watch_core_Nexys4ddr.v:25]
INFO: [Synth 8-6157] synthesizing module 'clk_divider_about_500hz_refresh_rate_4display' [C:/Users/SET165-13U/Documents/GitHub/ENES247/lab9-StopWatch/lab9_3_1/clk_divider_about_500hz_refresh_rate_4display.v:9]
INFO: [Synth 8-155] case statement is not full and has no default [C:/Users/SET165-13U/Documents/GitHub/ENES247/lab9-StopWatch/lab9_3_1/clk_divider_about_500hz_refresh_rate_4display.v:26]
INFO: [Synth 8-6155] done synthesizing module 'clk_divider_about_500hz_refresh_rate_4display' (2#1) [C:/Users/SET165-13U/Documents/GitHub/ENES247/lab9-StopWatch/lab9_3_1/clk_divider_about_500hz_refresh_rate_4display.v:9]
INFO: [Synth 8-6157] synthesizing module 'counter_6Bit_dsp48' [C:/Users/SET165-13U/Documents/GitHub/ENES247/lab9-StopWatch/lab9_3_1/iporfirio_9_3_1/iporfirio_9_3_1.runs/synth_1/.Xil/Vivado-7372-SET165-13C/realtime/counter_6Bit_dsp48_stub.v:6]
INFO: [Synth 8-6155] done synthesizing module 'counter_6Bit_dsp48' (3#1) [C:/Users/SET165-13U/Documents/GitHub/ENES247/lab9-StopWatch/lab9_3_1/iporfirio_9_3_1/iporfirio_9_3_1.runs/synth_1/.Xil/Vivado-7372-SET165-13C/realtime/counter_6Bit_dsp48_stub.v:6]
INFO: [Synth 8-6157] synthesizing module 'bcdto7segment_dataflow' [C:/Users/SET165-13U/Documents/GitHub/ENES247/lab9-StopWatch/lab9_3_1/bcdto7segment_dataflow.v:6]
INFO: [Synth 8-6155] done synthesizing module 'bcdto7segment_dataflow' (4#1) [C:/Users/SET165-13U/Documents/GitHub/ENES247/lab9-StopWatch/lab9_3_1/bcdto7segment_dataflow.v:6]
INFO: [Synth 8-6157] synthesizing module 'binary6Bit_to_2digitBCD' [C:/Users/SET165-13U/Documents/GitHub/ENES247/lab9-StopWatch/lab9_3_1/binary6Bit_to_2digitBCD.v:7]
INFO: [Synth 8-6155] done synthesizing module 'binary6Bit_to_2digitBCD' (5#1) [C:/Users/SET165-13U/Documents/GitHub/ENES247/lab9-StopWatch/lab9_3_1/binary6Bit_to_2digitBCD.v:7]
INFO: [Synth 8-6155] done synthesizing module 'stop_watch_core' (6#1) [C:/Users/SET165-13U/Documents/GitHub/ENES247/lab9-StopWatch/lab9_3_1/stop_watch_core_Nexys4ddr.v:8]
WARNING: [Synth 8-3917] design stop_watch_core has port an[7] driven by constant 1
WARNING: [Synth 8-3917] design stop_watch_core has port an[6] driven by constant 1
WARNING: [Synth 8-3917] design stop_watch_core has port an[5] driven by constant 1
WARNING: [Synth 8-3917] design stop_watch_core has port an[4] driven by constant 1
---------------------------------------------------------------------------------
Finished RTL Elaboration : Time (s): cpu = 00:00:03 ; elapsed = 00:00:03 . Memory (MB): peak = 453.352 ; gain = 147.258
---------------------------------------------------------------------------------

Report Check Netlist: 
+------+------------------+-------+---------+-------+------------------+
|      |Item              |Errors |Warnings |Status |Description       |
+------+------------------+-------+---------+-------+------------------+
|1     |multi_driven_nets |      0|        0|Passed |Multi driven nets |
+------+------------------+-------+---------+-------+------------------+
---------------------------------------------------------------------------------
Start Handling Custom Attributes
---------------------------------------------------------------------------------
---------------------------------------------------------------------------------
Finished Handling Custom Attributes : Time (s): cpu = 00:00:03 ; elapsed = 00:00:04 . Memory (MB): peak = 453.352 ; gain = 147.258
---------------------------------------------------------------------------------
---------------------------------------------------------------------------------
Finished RTL Optimization Phase 1 : Time (s): cpu = 00:00:03 ; elapsed = 00:00:04 . Memory (MB): peak = 453.352 ; gain = 147.258
---------------------------------------------------------------------------------
INFO: [Device 21-403] Loading part xc7a100tcsg324-1
INFO: [Project 1-570] Preparing netlist for logic optimization

Processing XDC Constraints
Initializing timing engine
Parsing XDC File [c:/Users/SET165-13U/Documents/GitHub/ENES247/lab9-StopWatch/lab9_3_1/iporfirio_9_3_1/iporfirio_9_3_1.srcs/sources_1/ip/CLK_5MHz/CLK_5MHz/CLK_5MHz_in_context.xdc] for cell 'U1'
Finished Parsing XDC File [c:/Users/SET165-13U/Documents/GitHub/ENES247/lab9-StopWatch/lab9_3_1/iporfirio_9_3_1/iporfirio_9_3_1.srcs/sources_1/ip/CLK_5MHz/CLK_5MHz/CLK_5MHz_in_context.xdc] for cell 'U1'
Parsing XDC File [c:/Users/SET165-13U/Documents/GitHub/ENES247/lab9-StopWatch/lab9_3_1/iporfirio_9_3_1/iporfirio_9_3_1.srcs/sources_1/ip/counter_6Bit_dsp48/counter_6Bit_dsp48/counter_6Bit_dsp48_in_context.xdc] for cell 'U2'
Finished Parsing XDC File [c:/Users/SET165-13U/Documents/GitHub/ENES247/lab9-StopWatch/lab9_3_1/iporfirio_9_3_1/iporfirio_9_3_1.srcs/sources_1/ip/counter_6Bit_dsp48/counter_6Bit_dsp48/counter_6Bit_dsp48_in_context.xdc] for cell 'U2'
Parsing XDC File [c:/Users/SET165-13U/Documents/GitHub/ENES247/lab9-StopWatch/lab9_3_1/iporfirio_9_3_1/iporfirio_9_3_1.srcs/sources_1/ip/counter_6Bit_dsp48/counter_6Bit_dsp48/counter_6Bit_dsp48_in_context.xdc] for cell 'U3'
Finished Parsing XDC File [c:/Users/SET165-13U/Documents/GitHub/ENES247/lab9-StopWatch/lab9_3_1/iporfirio_9_3_1/iporfirio_9_3_1.srcs/sources_1/ip/counter_6Bit_dsp48/counter_6Bit_dsp48/counter_6Bit_dsp48_in_context.xdc] for cell 'U3'
Parsing XDC File [c:/Users/SET165-13U/Documents/GitHub/ENES247/lab9-StopWatch/lab9_3_1/iporfirio_9_3_1/iporfirio_9_3_1.srcs/sources_1/ip/counter_6Bit_dsp48/counter_6Bit_dsp48/counter_6Bit_dsp48_in_context.xdc] for cell 'U4'
Finished Parsing XDC File [c:/Users/SET165-13U/Documents/GitHub/ENES247/lab9-StopWatch/lab9_3_1/iporfirio_9_3_1/iporfirio_9_3_1.srcs/sources_1/ip/counter_6Bit_dsp48/counter_6Bit_dsp48/counter_6Bit_dsp48_in_context.xdc] for cell 'U4'
Parsing XDC File [C:/Users/SET165-13U/Documents/GitHub/ENES247/lab9-StopWatch/lab9_3_1/Nexys4DDR_Master.xdc]
Finished Parsing XDC File [C:/Users/SET165-13U/Documents/GitHub/ENES247/lab9-StopWatch/lab9_3_1/Nexys4DDR_Master.xdc]
INFO: [Project 1-236] Implementation specific constraints were found while reading constraint file [C:/Users/SET165-13U/Documents/GitHub/ENES247/lab9-StopWatch/lab9_3_1/Nexys4DDR_Master.xdc]. These constraints will be ignored for synthesis but will be used in implementation. Impacted constraints are listed in the file [.Xil/stop_watch_core_propImpl.xdc].
Resolution: To avoid this warning, move constraints listed in [.Xil/stop_watch_core_propImpl.xdc] to another XDC file and exclude this new file from synthesis with the used_in_synthesis property (File Properties dialog in GUI) and re-run elaboration/synthesis.
Netlist sorting complete. Time (s): cpu = 00:00:00 ; elapsed = 00:00:00 . Memory (MB): peak = 807.953 ; gain = 0.000
Completed Processing XDC Constraints

Netlist sorting complete. Time (s): cpu = 00:00:00 ; elapsed = 00:00:00 . Memory (MB): peak = 807.953 ; gain = 0.000
INFO: [Project 1-111] Unisim Transformation Summary:
No Unisim elements were transformed.

Netlist sorting complete. Time (s): cpu = 00:00:00 ; elapsed = 00:00:00 . Memory (MB): peak = 807.953 ; gain = 0.000
Constraint Validation Runtime : Time (s): cpu = 00:00:00 ; elapsed = 00:00:00.006 . Memory (MB): peak = 807.953 ; gain = 0.000
---------------------------------------------------------------------------------
Finished Constraint Validation : Time (s): cpu = 00:00:11 ; elapsed = 00:00:12 . Memory (MB): peak = 807.953 ; gain = 501.859
---------------------------------------------------------------------------------
---------------------------------------------------------------------------------
Start Loading Part and Timing Information
---------------------------------------------------------------------------------
Loading part: xc7a100tcsg324-1
---------------------------------------------------------------------------------
Finished Loading Part and Timing Information : Time (s): cpu = 00:00:11 ; elapsed = 00:00:12 . Memory (MB): peak = 807.953 ; gain = 501.859
---------------------------------------------------------------------------------
---------------------------------------------------------------------------------
Start Applying 'set_property' XDC Constraints
---------------------------------------------------------------------------------
Applied set_property IO_BUFFER_TYPE = NONE for clk. (constraint file  c:/Users/SET165-13U/Documents/GitHub/ENES247/lab9-StopWatch/lab9_3_1/iporfirio_9_3_1/iporfirio_9_3_1.srcs/sources_1/ip/CLK_5MHz/CLK_5MHz/CLK_5MHz_in_context.xdc, line 3).
Applied set_property CLOCK_BUFFER_TYPE = NONE for clk. (constraint file  c:/Users/SET165-13U/Documents/GitHub/ENES247/lab9-StopWatch/lab9_3_1/iporfirio_9_3_1/iporfirio_9_3_1.srcs/sources_1/ip/CLK_5MHz/CLK_5MHz/CLK_5MHz_in_context.xdc, line 4).
Applied set_property DONT_TOUCH = true for U1. (constraint file  auto generated constraint, line ).
Applied set_property DONT_TOUCH = true for U2. (constraint file  auto generated constraint, line ).
Applied set_property DONT_TOUCH = true for U3. (constraint file  auto generated constraint, line ).
Applied set_property DONT_TOUCH = true for U4. (constraint file  auto generated constraint, line ).
---------------------------------------------------------------------------------
Finished applying 'set_property' XDC Constraints : Time (s): cpu = 00:00:11 ; elapsed = 00:00:12 . Memory (MB): peak = 807.953 ; gain = 501.859
---------------------------------------------------------------------------------
INFO: [Synth 8-5546] ROM "tenth_count_done" won't be mapped to RAM because it is too sparse
INFO: [Synth 8-5546] ROM "second_count_done" won't be mapped to RAM because it is too sparse
INFO: [Synth 8-5546] ROM "minute_count_done" won't be mapped to RAM because it is too sparse
INFO: [Synth 8-5546] ROM "cnt_done_i" won't be mapped to RAM because it is too sparse
---------------------------------------------------------------------------------
Finished RTL Optimization Phase 2 : Time (s): cpu = 00:00:11 ; elapsed = 00:00:12 . Memory (MB): peak = 807.953 ; gain = 501.859
---------------------------------------------------------------------------------

Report RTL Partitions: 
+-+--------------+------------+----------+
| |RTL Partition |Replication |Instances |
+-+--------------+------------+----------+
+-+--------------+------------+----------+
---------------------------------------------------------------------------------
Start RTL Component Statistics 
---------------------------------------------------------------------------------
Detailed RTL Component Info : 
+---Adders : 
	   2 Input     15 Bit       Adders := 1     
+---Registers : 
	               15 Bit    Registers := 1     
	                4 Bit    Registers := 1     
	                1 Bit    Registers := 1     
+---Muxes : 
	   6 Input     15 Bit        Muxes := 1     
	   5 Input      8 Bit        Muxes := 1     
	   6 Input      4 Bit        Muxes := 1     
	   6 Input      1 Bit        Muxes := 1     
	   2 Input      1 Bit        Muxes := 4     
---------------------------------------------------------------------------------
Finished RTL Component Statistics 
---------------------------------------------------------------------------------
---------------------------------------------------------------------------------
Start RTL Hierarchical Component Statistics 
---------------------------------------------------------------------------------
Hierarchical RTL Component report 
Module stop_watch_core 
Detailed RTL Component Info : 
+---Registers : 
	                1 Bit    Registers := 1     
+---Muxes : 
	   5 Input      8 Bit        Muxes := 1     
	   2 Input      1 Bit        Muxes := 4     
Module clk_divider_about_500hz_refresh_rate_4display 
Detailed RTL Component Info : 
+---Adders : 
	   2 Input     15 Bit       Adders := 1     
+---Registers : 
	               15 Bit    Registers := 1     
	                4 Bit    Registers := 1     
+---Muxes : 
	   6 Input     15 Bit        Muxes := 1     
	   6 Input      4 Bit        Muxes := 1     
	   6 Input      1 Bit        Muxes := 1     
---------------------------------------------------------------------------------
Finished RTL Hierarchical Component Statistics
---------------------------------------------------------------------------------
---------------------------------------------------------------------------------
Start Part Resource Summary
---------------------------------------------------------------------------------
Part Resources:
DSPs: 240 (col length:80)
BRAMs: 270 (col length: RAMB18 80 RAMB36 40)
---------------------------------------------------------------------------------
Finished Part Resource Summary
---------------------------------------------------------------------------------
---------------------------------------------------------------------------------
Start Cross Boundary and Area Optimization
---------------------------------------------------------------------------------
Warning: Parallel synthesis criteria is not met 
INFO: [Synth 8-5546] ROM "cnt_done_i" won't be mapped to RAM because it is too sparse
WARNING: [Synth 8-3917] design stop_watch_core has port an[7] driven by constant 1
WARNING: [Synth 8-3917] design stop_watch_core has port an[6] driven by constant 1
WARNING: [Synth 8-3917] design stop_watch_core has port an[5] driven by constant 1
WARNING: [Synth 8-3917] design stop_watch_core has port an[4] driven by constant 1
---------------------------------------------------------------------------------
Finished Cross Boundary and Area Optimization : Time (s): cpu = 00:00:12 ; elapsed = 00:00:14 . Memory (MB): peak = 807.953 ; gain = 501.859
---------------------------------------------------------------------------------
---------------------------------------------------------------------------------
Start ROM, RAM, DSP and Shift Register Reporting
---------------------------------------------------------------------------------

ROM:
+------------------------+------------+---------------+----------------+
|Module Name             | RTL Object | Depth x Width | Implemented As | 
+------------------------+------------+---------------+----------------+
|binary6Bit_to_2digitBCD | p_0_out    | 64x8          | LUT            | 
|stop_watch_core         | p_0_out    | 64x8          | LUT            | 
+------------------------+------------+---------------+----------------+

---------------------------------------------------------------------------------
Finished ROM, RAM, DSP and Shift Register Reporting
---------------------------------------------------------------------------------

Report RTL Partitions: 
+-+--------------+------------+----------+
| |RTL Partition |Replication |Instances |
+-+--------------+------------+----------+
+-+--------------+------------+----------+
---------------------------------------------------------------------------------
Start Applying XDC Timing Constraints
---------------------------------------------------------------------------------
INFO: [Synth 8-5578] Moved timing constraint from pin 'U1/clk_out1' to pin 'U1/bbstub_clk_out1/O'
INFO: [Synth 8-5819] Moved 1 constraints on hierarchical pins to their respective driving/loading pins
---------------------------------------------------------------------------------
Finished Applying XDC Timing Constraints : Time (s): cpu = 00:00:21 ; elapsed = 00:00:22 . Memory (MB): peak = 807.953 ; gain = 501.859
---------------------------------------------------------------------------------
---------------------------------------------------------------------------------
Start Timing Optimization
---------------------------------------------------------------------------------
---------------------------------------------------------------------------------
Finished Timing Optimization : Time (s): cpu = 00:00:21 ; elapsed = 00:00:22 . Memory (MB): peak = 808.000 ; gain = 501.906
---------------------------------------------------------------------------------

Report RTL Partitions: 
+-+--------------+------------+----------+
| |RTL Partition |Replication |Instances |
+-+--------------+------------+----------+
+-+--------------+------------+----------+
---------------------------------------------------------------------------------
Start Technology Mapping
---------------------------------------------------------------------------------
---------------------------------------------------------------------------------
Finished Technology Mapping : Time (s): cpu = 00:00:21 ; elapsed = 00:00:23 . Memory (MB): peak = 818.832 ; gain = 512.738
---------------------------------------------------------------------------------

Report RTL Partitions: 
+-+--------------+------------+----------+
| |RTL Partition |Replication |Instances |
+-+--------------+------------+----------+
+-+--------------+------------+----------+
---------------------------------------------------------------------------------
Start IO Insertion
---------------------------------------------------------------------------------
---------------------------------------------------------------------------------
Start Flattening Before IO Insertion
---------------------------------------------------------------------------------
---------------------------------------------------------------------------------
Finished Flattening Before IO Insertion
---------------------------------------------------------------------------------
---------------------------------------------------------------------------------
Start Final Netlist Cleanup
---------------------------------------------------------------------------------
---------------------------------------------------------------------------------
Finished Final Netlist Cleanup
---------------------------------------------------------------------------------
---------------------------------------------------------------------------------
Finished IO Insertion : Time (s): cpu = 00:00:22 ; elapsed = 00:00:24 . Memory (MB): peak = 818.832 ; gain = 512.738
---------------------------------------------------------------------------------

Report Check Netlist: 
+------+------------------+-------+---------+-------+------------------+
|      |Item              |Errors |Warnings |Status |Description       |
+------+------------------+-------+---------+-------+------------------+
|1     |multi_driven_nets |      0|        0|Passed |Multi driven nets |
+------+------------------+-------+---------+-------+------------------+
---------------------------------------------------------------------------------
Start Renaming Generated Instances
---------------------------------------------------------------------------------
---------------------------------------------------------------------------------
Finished Renaming Generated Instances : Time (s): cpu = 00:00:22 ; elapsed = 00:00:24 . Memory (MB): peak = 818.832 ; gain = 512.738
---------------------------------------------------------------------------------

Report RTL Partitions: 
+-+--------------+------------+----------+
| |RTL Partition |Replication |Instances |
+-+--------------+------------+----------+
+-+--------------+------------+----------+
---------------------------------------------------------------------------------
Start Rebuilding User Hierarchy
---------------------------------------------------------------------------------
---------------------------------------------------------------------------------
Finished Rebuilding User Hierarchy : Time (s): cpu = 00:00:22 ; elapsed = 00:00:24 . Memory (MB): peak = 818.832 ; gain = 512.738
---------------------------------------------------------------------------------
---------------------------------------------------------------------------------
Start Renaming Generated Ports
---------------------------------------------------------------------------------
---------------------------------------------------------------------------------
Finished Renaming Generated Ports : Time (s): cpu = 00:00:22 ; elapsed = 00:00:24 . Memory (MB): peak = 818.832 ; gain = 512.738
---------------------------------------------------------------------------------
---------------------------------------------------------------------------------
Start Handling Custom Attributes
---------------------------------------------------------------------------------
---------------------------------------------------------------------------------
Finished Handling Custom Attributes : Time (s): cpu = 00:00:22 ; elapsed = 00:00:24 . Memory (MB): peak = 818.832 ; gain = 512.738
---------------------------------------------------------------------------------
---------------------------------------------------------------------------------
Start Renaming Generated Nets
---------------------------------------------------------------------------------
---------------------------------------------------------------------------------
Finished Renaming Generated Nets : Time (s): cpu = 00:00:22 ; elapsed = 00:00:24 . Memory (MB): peak = 818.832 ; gain = 512.738
---------------------------------------------------------------------------------
---------------------------------------------------------------------------------
Start Writing Synthesis Report
---------------------------------------------------------------------------------

Report BlackBoxes: 
+------+-------------------+----------+
|      |BlackBox name      |Instances |
+------+-------------------+----------+
|1     |CLK_5MHz           |         1|
|2     |counter_6Bit_dsp48 |         3|
+------+-------------------+----------+

Report Cell Usage: 
+------+----------------------+------+
|      |Cell                  |Count |
+------+----------------------+------+
|1     |CLK_5MHz              |     1|
|2     |counter_6Bit_dsp48    |     1|
|3     |counter_6Bit_dsp48__3 |     1|
|4     |counter_6Bit_dsp48__4 |     1|
|5     |CARRY4                |     9|
|6     |LUT2                  |    32|
|7     |LUT3                  |     2|
|8     |LUT4                  |    23|
|9     |LUT5                  |    13|
|10    |LUT6                  |    29|
|11    |FDCE                  |    35|
|12    |FDPE                  |     4|
|13    |IBUF                  |     2|
|14    |OBUF                  |    16|
+------+----------------------+------+

Report Instance Areas: 
+------+---------+----------------------------------------------+------+
|      |Instance |Module                                        |Cells |
+------+---------+----------------------------------------------+------+
|1     |top      |                                              |   185|
|2     |  R1     |clk_divider_about_500hz_refresh_rate_4display |    72|
+------+---------+----------------------------------------------+------+
---------------------------------------------------------------------------------
Finished Writing Synthesis Report : Time (s): cpu = 00:00:22 ; elapsed = 00:00:24 . Memory (MB): peak = 818.832 ; gain = 512.738
---------------------------------------------------------------------------------
Synthesis finished with 0 errors, 0 critical warnings and 4 warnings.
Synthesis Optimization Runtime : Time (s): cpu = 00:00:13 ; elapsed = 00:00:18 . Memory (MB): peak = 818.832 ; gain = 158.137
Synthesis Optimization Complete : Time (s): cpu = 00:00:22 ; elapsed = 00:00:24 . Memory (MB): peak = 818.832 ; gain = 512.738
INFO: [Project 1-571] Translating synthesized netlist
INFO: [Netlist 29-17] Analyzing 9 Unisim elements for replacement
INFO: [Netlist 29-28] Unisim Transformation completed in 0 CPU seconds
INFO: [Project 1-570] Preparing netlist for logic optimization
INFO: [Opt 31-138] Pushed 0 inverter(s) to 0 load pin(s).
Netlist sorting complete. Time (s): cpu = 00:00:00 ; elapsed = 00:00:00 . Memory (MB): peak = 818.832 ; gain = 0.000
INFO: [Project 1-111] Unisim Transformation Summary:
No Unisim elements were transformed.

INFO: [Common 17-83] Releasing license: Synthesis
32 Infos, 10 Warnings, 0 Critical Warnings and 0 Errors encountered.
synth_design completed successfully
synth_design: Time (s): cpu = 00:00:24 ; elapsed = 00:00:26 . Memory (MB): peak = 818.832 ; gain = 524.203
Netlist sorting complete. Time (s): cpu = 00:00:00 ; elapsed = 00:00:00 . Memory (MB): peak = 818.832 ; gain = 0.000
WARNING: [Constraints 18-5210] No constraints selected for write.
Resolution: This message can indicate that there are no constraints for the design, or it can indicate that the used_in flags are set such that the constraints are ignored. This later case is used when running synth_design to not write synthesis constraints to the resulting checkpoint. Instead, project constraints are read when the synthesized design is opened.
INFO: [Common 17-1381] The checkpoint 'C:/Users/SET165-13U/Documents/GitHub/ENES247/lab9-StopWatch/lab9_3_1/iporfirio_9_3_1/iporfirio_9_3_1.runs/synth_1/stop_watch_core.dcp' has been generated.
INFO: [runtcl-4] Executing : report_utilization -file stop_watch_core_utilization_synth.rpt -pb stop_watch_core_utilization_synth.pb
INFO: [Common 17-206] Exiting Vivado at Sat May 18 16:07:01 2019...
