#-----------------------------------------------------------
# Vivado v2018.3 (64-bit)
# SW Build 2405991 on Thu Dec  6 23:38:27 MST 2018
# IP Build 2404404 on Fri Dec  7 01:43:56 MST 2018
# Start of session at: Thu Feb 14 14:28:25 2019
# Process ID: 2656
# Current directory: C:/Users/SET253-08U.HCCMAIN/Documents/GitHub/ENES247/lab1-mux/lab1_3_mux2-1-2bitwide-reg
# Command line: vivado.exe -gui_launcher_event rodinguilauncherevent6188 C:\Users\SET253-08U.HCCMAIN\Documents\GitHub\ENES247\lab1-mux\lab1_3_mux2-1-2bitwide-reg\lab1_3_mux2-1-2bitwide-reg.xpr
# Log file: C:/Users/SET253-08U.HCCMAIN/Documents/GitHub/ENES247/lab1-mux/lab1_3_mux2-1-2bitwide-reg/vivado.log
# Journal file: C:/Users/SET253-08U.HCCMAIN/Documents/GitHub/ENES247/lab1-mux/lab1_3_mux2-1-2bitwide-reg\vivado.jou
#-----------------------------------------------------------
start_gui
open_project C:/Users/SET253-08U.HCCMAIN/Documents/GitHub/ENES247/lab1-mux/lab1_3_mux2-1-2bitwide-reg/lab1_3_mux2-1-2bitwide-reg.xpr
INFO: [ProjectBase 1-489] The host OS only allows 260 characters in a normal path. The project is stored in a path with more than 80 characters. If you experience issues with IP, Block Designs, or files not being found, please consider moving the project to a location with a shorter path. Alternately consider using the OS subst command to map part of the path to a drive letter.
Current project path is 'C:/Users/SET253-08U.HCCMAIN/Documents/GitHub/ENES247/lab1-mux/lab1_3_mux2-1-2bitwide-reg'
INFO: [Project 1-313] Project file moved from 'C:/Users/FoersterGame/Documents/GitHub/ENES247/lab1-mux/lab1_3_mux2-1-2bitwide-reg' since last save.
Scanning sources...
Finished scanning sources
WARNING: [filemgmt 56-2] IPUserFilesDir: Could not find the directory 'C:/Users/SET253-08U.HCCMAIN/Documents/GitHub/ENES247/lab1-mux/lab1_3_mux2-1-2bitwide-reg/lab1_3_mux2-1-2bitwide-reg.ip_user_files', nor could it be found using path 'C:/Users/FoersterGame/Documents/GitHub/ENES247/lab1-mux/lab1_3_mux2-1-2bitwide-reg/lab1_3_mux2-1-2bitwide-reg.ip_user_files'.
INFO: [IP_Flow 19-234] Refreshing IP repositories
INFO: [IP_Flow 19-1704] No user IP repositories specified
INFO: [IP_Flow 19-2313] Loaded Vivado IP repository 'C:/Xilinx/Vivado/2018.3/data/ip'.
open_project: Time (s): cpu = 00:00:12 ; elapsed = 00:00:06 . Memory (MB): peak = 757.313 ; gain = 167.848
update_compile_order -fileset sources_1
reorder_files -fileset constrs_1 -after C:/Users/SET253-08U.HCCMAIN/Documents/GitHub/ENES247/lab1-mux/lab1_3_mux2-1-2bitwide-reg/lab1_3_mux2-1-2bitwide-reg.srcs/constrs_1/imports/lab1_3_mux2-1-2bitwide-reg/Nexys4DDR_Master.xdc C:/Users/SET253-08U.HCCMAIN/Documents/GitHub/ENES247/lab1-mux/lab1_3_mux2-1-2bitwide-reg/lab1_3_mux2-1-2bitwide-reg.srcs/constrs_1/imports/lab1_3_mux2-1-2bitwide-reg/Nexys4DDR_Master.xdc
exit
INFO: [Common 17-206] Exiting Vivado at Thu Feb 14 15:14:15 2019...
