#-----------------------------------------------------------
# Vivado v2018.3 (64-bit)
# SW Build 2405991 on Thu Dec  6 23:38:27 MST 2018
# IP Build 2404404 on Fri Dec  7 01:43:56 MST 2018
# Start of session at: Sat May 18 13:46:47 2019
# Process ID: 380
# Current directory: C:/Users/SET165-13U/Documents/GitHub/ENES247/lab9-StopWatch/lab9_2_3/iporfirio_9_2_3
# Command line: vivado.exe -gui_launcher_event rodinguilauncherevent13016 C:\Users\SET165-13U\Documents\GitHub\ENES247\lab9-StopWatch\lab9_2_3\iporfirio_9_2_3\iporfirio_9_2_3.xpr
# Log file: C:/Users/SET165-13U/Documents/GitHub/ENES247/lab9-StopWatch/lab9_2_3/iporfirio_9_2_3/vivado.log
# Journal file: C:/Users/SET165-13U/Documents/GitHub/ENES247/lab9-StopWatch/lab9_2_3/iporfirio_9_2_3\vivado.jou
#-----------------------------------------------------------
start_gui
open_project C:/Users/SET165-13U/Documents/GitHub/ENES247/lab9-StopWatch/lab9_2_3/iporfirio_9_2_3/iporfirio_9_2_3.xpr
INFO: [ProjectBase 1-489] The host OS only allows 260 characters in a normal path. The project is stored in a path with more than 80 characters. If you experience issues with IP, Block Designs, or files not being found, please consider moving the project to a location with a shorter path. Alternately consider using the OS subst command to map part of the path to a drive letter.
Current project path is 'C:/Users/SET165-13U/Documents/GitHub/ENES247/lab9-StopWatch/lab9_2_3/iporfirio_9_2_3'
INFO: [Project 1-313] Project file moved from 'C:/Users/SET253-14U.HCCMAIN/Documents/GitHub/ENES247/lab9-StopWatch/lab9_2_3/iporfirio_9_2_3' since last save.
Scanning sources...
Finished scanning sources
INFO: [IP_Flow 19-234] Refreshing IP repositories
INFO: [IP_Flow 19-1704] No user IP repositories specified
INFO: [IP_Flow 19-2313] Loaded Vivado IP repository 'C:/Xilinx/Vivado/2018.3/data/ip'.
open_project: Time (s): cpu = 00:00:12 ; elapsed = 00:00:07 . Memory (MB): peak = 718.078 ; gain = 127.801
update_compile_order -fileset sources_1
set_property -dict [list CONFIG.Final_Count_Value {31}] [get_ips counter_8Bit_fabric]
generate_target all [get_files  C:/Users/SET165-13U/Documents/GitHub/ENES247/lab9-StopWatch/lab9_2_3/iporfirio_9_2_3/iporfirio_9_2_3.srcs/sources_1/ip/counter_8Bit_fabric/counter_8Bit_fabric.xci]
INFO: [IP_Flow 19-1686] Generating 'Instantiation Template' target for IP 'counter_8Bit_fabric'...
INFO: [IP_Flow 19-1686] Generating 'Synthesis' target for IP 'counter_8Bit_fabric'...
INFO: [IP_Flow 19-1686] Generating 'Simulation' target for IP 'counter_8Bit_fabric'...
INFO: [IP_Flow 19-1686] Generating 'Change Log' target for IP 'counter_8Bit_fabric'...
catch { config_ip_cache -export [get_ips -all counter_8Bit_fabric] }
export_ip_user_files -of_objects [get_files C:/Users/SET165-13U/Documents/GitHub/ENES247/lab9-StopWatch/lab9_2_3/iporfirio_9_2_3/iporfirio_9_2_3.srcs/sources_1/ip/counter_8Bit_fabric/counter_8Bit_fabric.xci] -no_script -sync -force -quiet
reset_run counter_8Bit_fabric_synth_1
launch_runs -jobs 2 counter_8Bit_fabric_synth_1
[Sat May 18 13:56:38 2019] Launched counter_8Bit_fabric_synth_1...
Run output will be captured here: C:/Users/SET165-13U/Documents/GitHub/ENES247/lab9-StopWatch/lab9_2_3/iporfirio_9_2_3/iporfirio_9_2_3.runs/counter_8Bit_fabric_synth_1/runme.log
export_simulation -of_objects [get_files C:/Users/SET165-13U/Documents/GitHub/ENES247/lab9-StopWatch/lab9_2_3/iporfirio_9_2_3/iporfirio_9_2_3.srcs/sources_1/ip/counter_8Bit_fabric/counter_8Bit_fabric.xci] -directory C:/Users/SET165-13U/Documents/GitHub/ENES247/lab9-StopWatch/lab9_2_3/iporfirio_9_2_3/iporfirio_9_2_3.ip_user_files/sim_scripts -ip_user_files_dir C:/Users/SET165-13U/Documents/GitHub/ENES247/lab9-StopWatch/lab9_2_3/iporfirio_9_2_3/iporfirio_9_2_3.ip_user_files -ipstatic_source_dir C:/Users/SET165-13U/Documents/GitHub/ENES247/lab9-StopWatch/lab9_2_3/iporfirio_9_2_3/iporfirio_9_2_3.ip_user_files/ipstatic -lib_map_path [list {modelsim=C:/Users/SET165-13U/Documents/GitHub/ENES247/lab9-StopWatch/lab9_2_3/iporfirio_9_2_3/iporfirio_9_2_3.cache/compile_simlib/modelsim} {questa=C:/Users/SET165-13U/Documents/GitHub/ENES247/lab9-StopWatch/lab9_2_3/iporfirio_9_2_3/iporfirio_9_2_3.cache/compile_simlib/questa} {riviera=C:/Users/SET165-13U/Documents/GitHub/ENES247/lab9-StopWatch/lab9_2_3/iporfirio_9_2_3/iporfirio_9_2_3.cache/compile_simlib/riviera} {activehdl=C:/Users/SET165-13U/Documents/GitHub/ENES247/lab9-StopWatch/lab9_2_3/iporfirio_9_2_3/iporfirio_9_2_3.cache/compile_simlib/activehdl}] -use_ip_compiled_libs -force -quiet
reset_run synth_1
WARNING: [Vivado 12-1017] Problems encountered:
1. Failed to delete one or more files in run directory C:/Users/SET165-13U/Documents/GitHub/ENES247/lab9-StopWatch/lab9_2_3/iporfirio_9_2_3/iporfirio_9_2_3.runs/synth_1

launch_runs synth_1 -jobs 2 -scripts_only
reset_run synth_1
launch_runs impl_1 -jobs 2 -scripts_only
exit
INFO: [Common 17-206] Exiting Vivado at Sat May 18 14:00:45 2019...
