#-----------------------------------------------------------
# Vivado v2018.3 (64-bit)
# SW Build 2405991 on Thu Dec  6 23:38:27 MST 2018
# IP Build 2404404 on Fri Dec  7 01:43:56 MST 2018
# Start of session at: Thu Mar 14 13:34:36 2019
# Process ID: 4776
# Current directory: C:/Users/SET253-07U.HCCMAIN/Documents/GitHub/ENES247/lab1-mux/lab1_2_mux2-1-tristate
# Command line: vivado.exe -gui_launcher_event rodinguilauncherevent9488 C:\Users\SET253-07U.HCCMAIN\Documents\GitHub\ENES247\lab1-mux\lab1_2_mux2-1-tristate\lab1_2_mux2-1-tristate.xpr
# Log file: C:/Users/SET253-07U.HCCMAIN/Documents/GitHub/ENES247/lab1-mux/lab1_2_mux2-1-tristate/vivado.log
# Journal file: C:/Users/SET253-07U.HCCMAIN/Documents/GitHub/ENES247/lab1-mux/lab1_2_mux2-1-tristate\vivado.jou
#-----------------------------------------------------------
start_gui
open_project C:/Users/SET253-07U.HCCMAIN/Documents/GitHub/ENES247/lab1-mux/lab1_2_mux2-1-tristate/lab1_2_mux2-1-tristate.xpr
INFO: [ProjectBase 1-489] The host OS only allows 260 characters in a normal path. The project is stored in a path with more than 80 characters. If you experience issues with IP, Block Designs, or files not being found, please consider moving the project to a location with a shorter path. Alternately consider using the OS subst command to map part of the path to a drive letter.
Current project path is 'C:/Users/SET253-07U.HCCMAIN/Documents/GitHub/ENES247/lab1-mux/lab1_2_mux2-1-tristate'
INFO: [Project 1-313] Project file moved from 'C:/Users/SET253-06U.HCCMAIN/Documents/Github/ENES247/lab1-mux/lab1_2_mux2-1-tristate' since last save.
Scanning sources...
Finished scanning sources
WARNING: [filemgmt 56-2] IPUserFilesDir: Could not find the directory 'C:/Users/SET253-07U.HCCMAIN/Documents/GitHub/ENES247/lab1-mux/lab1_2_mux2-1-tristate/lab1_2_mux2-1-tristate.ip_user_files', nor could it be found using path 'C:/Users/SET253-06U.HCCMAIN/Documents/Github/ENES247/lab1-mux/lab1_2_mux2-1-tristate/lab1_2_mux2-1-tristate.ip_user_files'.
INFO: [IP_Flow 19-234] Refreshing IP repositories
INFO: [IP_Flow 19-1704] No user IP repositories specified
INFO: [IP_Flow 19-2313] Loaded Vivado IP repository 'C:/Xilinx/Vivado/2018.3/data/ip'.
open_project: Time (s): cpu = 00:00:17 ; elapsed = 00:00:09 . Memory (MB): peak = 720.203 ; gain = 154.672
update_compile_order -fileset sources_1
reset_run synth_1
launch_runs synth_1 -jobs 2
[Thu Mar 14 13:36:01 2019] Launched synth_1...
Run output will be captured here: C:/Users/SET253-07U.HCCMAIN/Documents/GitHub/ENES247/lab1-mux/lab1_2_mux2-1-tristate/lab1_2_mux2-1-tristate.runs/synth_1/runme.log
launch_runs impl_1 -jobs 2
[Thu Mar 14 13:37:27 2019] Launched impl_1...
Run output will be captured here: C:/Users/SET253-07U.HCCMAIN/Documents/GitHub/ENES247/lab1-mux/lab1_2_mux2-1-tristate/lab1_2_mux2-1-tristate.runs/impl_1/runme.log
open_run impl_1
INFO: [Project 1-479] Netlist was created with Vivado 2018.3
INFO: [Device 21-403] Loading part xc7a100tcsg324-1
INFO: [Project 1-570] Preparing netlist for logic optimization
INFO: [Timing 38-478] Restoring timing data from binary archive.
INFO: [Timing 38-479] Binary timing data restore complete.
INFO: [Project 1-856] Restoring constraints from binary archive.
INFO: [Project 1-853] Binary constraint restore complete.
Reading XDEF placement.
Reading placer database...
Reading XDEF routing.
Read XDEF File: Time (s): cpu = 00:00:00 ; elapsed = 00:00:00.042 . Memory (MB): peak = 1528.223 ; gain = 0.000
Restored from archive | CPU: 0.000000 secs | Memory: 0.000000 MB |
Finished XDEF File Restore: Time (s): cpu = 00:00:00 ; elapsed = 00:00:00.042 . Memory (MB): peak = 1528.223 ; gain = 0.000
Netlist sorting complete. Time (s): cpu = 00:00:00 ; elapsed = 00:00:00 . Memory (MB): peak = 1528.223 ; gain = 0.000
INFO: [Project 1-111] Unisim Transformation Summary:
No Unisim elements were transformed.

open_run: Time (s): cpu = 00:00:23 ; elapsed = 00:00:19 . Memory (MB): peak = 1634.375 ; gain = 912.723
WARNING: [Timing 38-313] There are no user specified timing constraints. Timing constraints are needed for proper timing analysis.
launch_simulation
INFO: [Vivado 12-5682] Launching behavioral simulation in 'C:/Users/SET253-07U.HCCMAIN/Documents/GitHub/ENES247/lab1-mux/lab1_2_mux2-1-tristate/lab1_2_mux2-1-tristate.sim/sim_1/behav/xsim'
INFO: [SIM-utils-51] Simulation object is 'sim_1'
INFO: [SIM-utils-54] Inspecting design source files for 'm2x1Mux' in fileset 'sim_1'...
INFO: [USF-XSim-97] Finding global include files...
INFO: [USF-XSim-98] Fetching design files from 'sim_1'...
INFO: [USF-XSim-2] XSim::Compile design
INFO: [USF-XSim-61] Executing 'COMPILE and ANALYZE' step in 'C:/Users/SET253-07U.HCCMAIN/Documents/GitHub/ENES247/lab1-mux/lab1_2_mux2-1-tristate/lab1_2_mux2-1-tristate.sim/sim_1/behav/xsim'
"xvlog --incr --relax -prj m2x1Mux_vlog.prj"
INFO: [VRFC 10-2263] Analyzing Verilog file "C:/Users/SET253-07U.HCCMAIN/Documents/GitHub/ENES247/lab1-mux/lab1_2_mux2-1-tristate/lab1_2_mux2-1-tristate.srcs/sources_1/imports/lab1_2_mux2-1-tristate/m2x1mux.v" into library xil_defaultlib
INFO: [VRFC 10-311] analyzing module m2x1Mux
INFO: [VRFC 10-2263] Analyzing Verilog file "C:/Users/SET253-07U.HCCMAIN/Documents/GitHub/ENES247/lab1-mux/lab1_2_mux2-1-tristate/lab1_2_mux2-1-tristate.sim/sim_1/behav/xsim/glbl.v" into library xil_defaultlib
INFO: [VRFC 10-311] analyzing module glbl
INFO: [USF-XSim-69] 'compile' step finished in '2' seconds
INFO: [USF-XSim-3] XSim::Elaborate design
INFO: [USF-XSim-61] Executing 'ELABORATE' step in 'C:/Users/SET253-07U.HCCMAIN/Documents/GitHub/ENES247/lab1-mux/lab1_2_mux2-1-tristate/lab1_2_mux2-1-tristate.sim/sim_1/behav/xsim'
Vivado Simulator 2018.3
Copyright 1986-1999, 2001-2018 Xilinx, Inc. All Rights Reserved.
Running: C:/Xilinx/Vivado/2018.3/bin/unwrapped/win64.o/xelab.exe -wto 40e6a6d6de9a4e44aa91ad7037b0ab38 --incr --debug typical --relax --mt 2 -L xil_defaultlib -L unisims_ver -L unimacro_ver -L secureip --snapshot m2x1Mux_behav xil_defaultlib.m2x1Mux xil_defaultlib.glbl -log elaborate.log 
Using 2 slave threads.
Starting static elaboration
Completed static elaboration
Starting simulation data flow analysis
WARNING: [XSIM 43-4100] "C:/Users/SET253-07U.HCCMAIN/Documents/GitHub/ENES247/lab1-mux/lab1_2_mux2-1-tristate/lab1_2_mux2-1-tristate.sim/sim_1/behav/xsim/glbl.v" Line 6. Module glbl has a timescale but at least one module in design doesn't have timescale.
Completed simulation data flow analysis
Time Resolution for simulation is 1ps
Compiling module xil_defaultlib.m2x1Mux
Compiling module xil_defaultlib.glbl
Built simulation snapshot m2x1Mux_behav

****** Webtalk v2018.3 (64-bit)
  **** SW Build 2405991 on Thu Dec  6 23:38:27 MST 2018
  **** IP Build 2404404 on Fri Dec  7 01:43:56 MST 2018
    ** Copyright 1986-2018 Xilinx, Inc. All Rights Reserved.

source C:/Users/SET253-07U.HCCMAIN/Documents/GitHub/ENES247/lab1-mux/lab1_2_mux2-1-tristate/lab1_2_mux2-1-tristate.sim/sim_1/behav/xsim/xsim.dir/m2x1Mux_behav/webtalk/xsim_webtalk.tcl -notrace
INFO: [Common 17-206] Exiting Webtalk at Thu Mar 14 13:52:01 2019...
INFO: [USF-XSim-69] 'elaborate' step finished in '5' seconds
INFO: [USF-XSim-4] XSim::Simulate design
INFO: [USF-XSim-61] Executing 'SIMULATE' step in 'C:/Users/SET253-07U.HCCMAIN/Documents/GitHub/ENES247/lab1-mux/lab1_2_mux2-1-tristate/lab1_2_mux2-1-tristate.sim/sim_1/behav/xsim'
INFO: [USF-XSim-98] *** Running xsim
   with args "m2x1Mux_behav -key {Behavioral:sim_1:Functional:m2x1Mux} -tclbatch {m2x1Mux.tcl} -log {simulate.log}"
INFO: [USF-XSim-8] Loading simulator feature
Vivado Simulator 2018.3
Time resolution is 1 ps
source m2x1Mux.tcl
# set curr_wave [current_wave_config]
# if { [string length $curr_wave] == 0 } {
#   if { [llength [get_objects]] > 0} {
#     add_wave /
#     set_property needs_save false [current_wave_config]
#   } else {
#      send_msg_id Add_Wave-1 WARNING "No top level signals found. Simulator will start without a wave window. If you want to open a wave window go to 'File->New Waveform Configuration' or type 'create_wave_config' in the TCL console."
#   }
# }
# run 1000ns
INFO: [USF-XSim-96] XSim completed. Design snapshot 'm2x1Mux_behav' loaded.
INFO: [USF-XSim-97] XSim simulation ran for 1000ns
launch_simulation: Time (s): cpu = 00:00:06 ; elapsed = 00:00:11 . Memory (MB): peak = 1698.578 ; gain = 30.645
close_sim
INFO: [Simtcl 6-16] Simulation closed
exit
INFO: [Common 17-206] Exiting Vivado at Thu Mar 14 14:02:14 2019...
