#-----------------------------------------------------------
# Vivado v2018.3 (64-bit)
# SW Build 2405991 on Thu Dec  6 23:38:27 MST 2018
# IP Build 2404404 on Fri Dec  7 01:43:56 MST 2018
# Start of session at: Sat May  4 16:09:55 2019
# Process ID: 10028
# Current directory: C:/Users/SET253-08U.HCCMAIN/Documents/GitHub/ENES247/lab8-IntellectualProperty/lab8_1_1/iporfirio_8_1_1
# Command line: vivado.exe -gui_launcher_event rodinguilauncherevent3032 C:\Users\SET253-08U.HCCMAIN\Documents\GitHub\ENES247\lab8-IntellectualProperty\lab8_1_1\iporfirio_8_1_1\iporfirio_8_1_1.xpr
# Log file: C:/Users/SET253-08U.HCCMAIN/Documents/GitHub/ENES247/lab8-IntellectualProperty/lab8_1_1/iporfirio_8_1_1/vivado.log
# Journal file: C:/Users/SET253-08U.HCCMAIN/Documents/GitHub/ENES247/lab8-IntellectualProperty/lab8_1_1/iporfirio_8_1_1\vivado.jou
#-----------------------------------------------------------
start_gui
open_project C:/Users/SET253-08U.HCCMAIN/Documents/GitHub/ENES247/lab8-IntellectualProperty/lab8_1_1/iporfirio_8_1_1/iporfirio_8_1_1.xpr
INFO: [ProjectBase 1-489] The host OS only allows 260 characters in a normal path. The project is stored in a path with more than 80 characters. If you experience issues with IP, Block Designs, or files not being found, please consider moving the project to a location with a shorter path. Alternately consider using the OS subst command to map part of the path to a drive letter.
Current project path is 'C:/Users/SET253-08U.HCCMAIN/Documents/GitHub/ENES247/lab8-IntellectualProperty/lab8_1_1/iporfirio_8_1_1'
Scanning sources...
Finished scanning sources
INFO: [IP_Flow 19-234] Refreshing IP repositories
INFO: [IP_Flow 19-1704] No user IP repositories specified
INFO: [IP_Flow 19-2313] Loaded Vivado IP repository 'C:/Xilinx/Vivado/2018.3/data/ip'.
open_project: Time (s): cpu = 00:00:12 ; elapsed = 00:00:06 . Memory (MB): peak = 714.434 ; gain = 122.508
update_compile_order -fileset sources_1
set_property top one_second_clock_behavior [current_fileset]
update_compile_order -fileset sources_1
reset_run synth_1
launch_runs synth_1 -jobs 4
[Sat May  4 16:11:17 2019] Launched synth_1...
Run output will be captured here: C:/Users/SET253-08U.HCCMAIN/Documents/GitHub/ENES247/lab8-IntellectualProperty/lab8_1_1/iporfirio_8_1_1/iporfirio_8_1_1.runs/synth_1/runme.log
launch_runs impl_1 -jobs 4
[Sat May  4 16:11:56 2019] Launched impl_1...
Run output will be captured here: C:/Users/SET253-08U.HCCMAIN/Documents/GitHub/ENES247/lab8-IntellectualProperty/lab8_1_1/iporfirio_8_1_1/iporfirio_8_1_1.runs/impl_1/runme.log
open_run impl_1
INFO: [Netlist 29-17] Analyzing 7 Unisim elements for replacement
INFO: [Netlist 29-28] Unisim Transformation completed in 0 CPU seconds
INFO: [Project 1-479] Netlist was created with Vivado 2018.3
INFO: [Device 21-403] Loading part xc7a100tcsg324-1
INFO: [Project 1-570] Preparing netlist for logic optimization
INFO: [Timing 38-478] Restoring timing data from binary archive.
INFO: [Timing 38-479] Binary timing data restore complete.
INFO: [Project 1-856] Restoring constraints from binary archive.
INFO: [Project 1-853] Binary constraint restore complete.
Reading XDEF placement.
Reading placer database...
Reading XDEF routing.
Read XDEF File: Time (s): cpu = 00:00:00 ; elapsed = 00:00:00.043 . Memory (MB): peak = 1626.316 ; gain = 0.000
Restored from archive | CPU: 0.000000 secs | Memory: 0.000000 MB |
Finished XDEF File Restore: Time (s): cpu = 00:00:00 ; elapsed = 00:00:00.044 . Memory (MB): peak = 1626.316 ; gain = 0.000
Netlist sorting complete. Time (s): cpu = 00:00:00 ; elapsed = 00:00:00 . Memory (MB): peak = 1626.316 ; gain = 0.000
INFO: [Project 1-111] Unisim Transformation Summary:
No Unisim elements were transformed.

open_run: Time (s): cpu = 00:00:21 ; elapsed = 00:00:18 . Memory (MB): peak = 1746.391 ; gain = 812.277
open_hw
connect_hw_server
INFO: [Labtools 27-2285] Connecting to hw_server url TCP:localhost:3121
INFO: [Labtools 27-2222] Launching hw_server...
INFO: [Labtools 27-2221] Launch Output:

****** Xilinx hw_server v2018.3
  **** Build date : Dec  7 2018-00:40:27
    ** Copyright 1986-2018 Xilinx, Inc. All Rights Reserved.


open_hw_target
INFO: [Labtoolstcl 44-466] Opening hw_target localhost:3121/xilinx_tcf/Digilent/210292A6EBCBA
current_hw_device [get_hw_devices xc7a100t_0]
refresh_hw_device -update_hw_probes false [lindex [get_hw_devices xc7a100t_0] 0]
INFO: [Labtools 27-1434] Device xc7a100t (JTAG device index = 0) is programmed with a design that has no supported debug core(s) in it.
refresh_hw_device [lindex [get_hw_devices xc7a100t_0] 0]
INFO: [Labtools 27-1434] Device xc7a100t (JTAG device index = 0) is programmed with a design that has no supported debug core(s) in it.
close_hw
launch_runs impl_1 -to_step write_bitstream -jobs 4
[Sat May  4 16:14:19 2019] Launched impl_1...
Run output will be captured here: C:/Users/SET253-08U.HCCMAIN/Documents/GitHub/ENES247/lab8-IntellectualProperty/lab8_1_1/iporfirio_8_1_1/iporfirio_8_1_1.runs/impl_1/runme.log
close_design
synth_design -rtl -name rtl_1
Command: synth_design -rtl -name rtl_1
Starting synth_design
Using part: xc7a100tcsg324-1
Top: one_second_clock_behavior
WARNING: [Synth 8-2611] redeclaration of ansi port Q is not allowed [C:/Users/SET253-08U.HCCMAIN/Documents/GitHub/ENES247/lab8-IntellectualProperty/lab8_1_1/one_second_clock_behavior.v:14]
---------------------------------------------------------------------------------
Starting RTL Elaboration : Time (s): cpu = 00:00:02 ; elapsed = 00:00:02 . Memory (MB): peak = 2851.477 ; gain = 0.000
---------------------------------------------------------------------------------
INFO: [Synth 8-6157] synthesizing module 'one_second_clock_behavior' [C:/Users/SET253-08U.HCCMAIN/Documents/GitHub/ENES247/lab8-IntellectualProperty/lab8_1_1/one_second_clock_behavior.v:6]
INFO: [Synth 8-6157] synthesizing module 'clk_wiz_0' [C:/Users/SET253-08U.HCCMAIN/Documents/GitHub/ENES247/lab8-IntellectualProperty/lab8_1_1/iporfirio_8_1_1/.Xil/Vivado-10028-SET253-08C/realtime/clk_wiz_0_stub.v:5]
INFO: [Synth 8-6155] done synthesizing module 'clk_wiz_0' (1#1) [C:/Users/SET253-08U.HCCMAIN/Documents/GitHub/ENES247/lab8-IntellectualProperty/lab8_1_1/iporfirio_8_1_1/.Xil/Vivado-10028-SET253-08C/realtime/clk_wiz_0_stub.v:5]
INFO: [Synth 8-6157] synthesizing module 'clk_divider_behavior' [C:/Users/SET253-08U.HCCMAIN/Documents/GitHub/ENES247/lab8-IntellectualProperty/lab8_1_1/clk_divider_behavior.v:6]
INFO: [Synth 8-6155] done synthesizing module 'clk_divider_behavior' (2#1) [C:/Users/SET253-08U.HCCMAIN/Documents/GitHub/ENES247/lab8-IntellectualProperty/lab8_1_1/clk_divider_behavior.v:6]
INFO: [Synth 8-6155] done synthesizing module 'one_second_clock_behavior' (3#1) [C:/Users/SET253-08U.HCCMAIN/Documents/GitHub/ENES247/lab8-IntellectualProperty/lab8_1_1/one_second_clock_behavior.v:6]
WARNING: [Synth 8-3331] design one_second_clock_behavior has unconnected port reset
---------------------------------------------------------------------------------
Finished RTL Elaboration : Time (s): cpu = 00:00:03 ; elapsed = 00:00:03 . Memory (MB): peak = 2851.477 ; gain = 0.000
---------------------------------------------------------------------------------

Report Check Netlist: 
+------+------------------+-------+---------+-------+------------------+
|      |Item              |Errors |Warnings |Status |Description       |
+------+------------------+-------+---------+-------+------------------+
|1     |multi_driven_nets |      0|        0|Passed |Multi driven nets |
+------+------------------+-------+---------+-------+------------------+
---------------------------------------------------------------------------------
Start Handling Custom Attributes
---------------------------------------------------------------------------------
---------------------------------------------------------------------------------
Finished Handling Custom Attributes : Time (s): cpu = 00:00:03 ; elapsed = 00:00:03 . Memory (MB): peak = 2851.477 ; gain = 0.000
---------------------------------------------------------------------------------
---------------------------------------------------------------------------------
Finished RTL Optimization Phase 1 : Time (s): cpu = 00:00:03 ; elapsed = 00:00:03 . Memory (MB): peak = 2851.477 ; gain = 0.000
---------------------------------------------------------------------------------
INFO: [Project 1-454] Reading design checkpoint 'c:/Users/SET253-08U.HCCMAIN/Documents/GitHub/ENES247/lab8-IntellectualProperty/lab8_1_1/iporfirio_8_1_1/iporfirio_8_1_1.srcs/sources_1/ip/clk_wiz_0/clk_wiz_0.dcp' for cell 'instance_name'
INFO: [Netlist 29-17] Analyzing 1 Unisim elements for replacement
INFO: [Netlist 29-28] Unisim Transformation completed in 0 CPU seconds
INFO: [Project 1-479] Netlist was created with Vivado 2018.3
INFO: [Project 1-570] Preparing netlist for logic optimization
INFO: [Opt 31-141] Inserted 1 OBUFs to IO ports without IO buffers.

Processing XDC Constraints
Initializing timing engine
Parsing XDC File [c:/Users/SET253-08U.HCCMAIN/Documents/GitHub/ENES247/lab8-IntellectualProperty/lab8_1_1/iporfirio_8_1_1/iporfirio_8_1_1.srcs/sources_1/ip/clk_wiz_0/clk_wiz_0_board.xdc] for cell 'instance_name/inst'
Finished Parsing XDC File [c:/Users/SET253-08U.HCCMAIN/Documents/GitHub/ENES247/lab8-IntellectualProperty/lab8_1_1/iporfirio_8_1_1/iporfirio_8_1_1.srcs/sources_1/ip/clk_wiz_0/clk_wiz_0_board.xdc] for cell 'instance_name/inst'
Parsing XDC File [c:/Users/SET253-08U.HCCMAIN/Documents/GitHub/ENES247/lab8-IntellectualProperty/lab8_1_1/iporfirio_8_1_1/iporfirio_8_1_1.srcs/sources_1/ip/clk_wiz_0/clk_wiz_0.xdc] for cell 'instance_name/inst'
Finished Parsing XDC File [c:/Users/SET253-08U.HCCMAIN/Documents/GitHub/ENES247/lab8-IntellectualProperty/lab8_1_1/iporfirio_8_1_1/iporfirio_8_1_1.srcs/sources_1/ip/clk_wiz_0/clk_wiz_0.xdc] for cell 'instance_name/inst'
INFO: [Project 1-236] Implementation specific constraints were found while reading constraint file [c:/Users/SET253-08U.HCCMAIN/Documents/GitHub/ENES247/lab8-IntellectualProperty/lab8_1_1/iporfirio_8_1_1/iporfirio_8_1_1.srcs/sources_1/ip/clk_wiz_0/clk_wiz_0.xdc]. These constraints will be ignored for synthesis but will be used in implementation. Impacted constraints are listed in the file [.Xil/one_second_clock_behavior_propImpl.xdc].
Resolution: To avoid this warning, move constraints listed in [.Xil/one_second_clock_behavior_propImpl.xdc] to another XDC file and exclude this new file from synthesis with the used_in_synthesis property (File Properties dialog in GUI) and re-run elaboration/synthesis.
INFO: [Timing 38-2] Deriving generated clocks
Netlist sorting complete. Time (s): cpu = 00:00:00 ; elapsed = 00:00:00 . Memory (MB): peak = 2851.477 ; gain = 0.000
Parsing XDC File [C:/Users/SET253-08U.HCCMAIN/Documents/GitHub/ENES247/lab8-IntellectualProperty/lab8_1_1/Nexys4DDR_Master.xdc]
Finished Parsing XDC File [C:/Users/SET253-08U.HCCMAIN/Documents/GitHub/ENES247/lab8-IntellectualProperty/lab8_1_1/Nexys4DDR_Master.xdc]
Completed Processing XDC Constraints

INFO: [Opt 31-138] Pushed 0 inverter(s) to 0 load pin(s).
Netlist sorting complete. Time (s): cpu = 00:00:00 ; elapsed = 00:00:00 . Memory (MB): peak = 2851.477 ; gain = 0.000
INFO: [Project 1-111] Unisim Transformation Summary:
No Unisim elements were transformed.

RTL Elaboration Complete:  : Time (s): cpu = 00:00:07 ; elapsed = 00:00:06 . Memory (MB): peak = 2851.477 ; gain = 0.000
16 Infos, 2 Warnings, 0 Critical Warnings and 0 Errors encountered.
synth_design completed successfully
synth_design: Time (s): cpu = 00:00:07 ; elapsed = 00:00:06 . Memory (MB): peak = 2851.477 ; gain = 0.000
open_hw
connect_hw_server
INFO: [Labtools 27-2285] Connecting to hw_server url TCP:localhost:3121
INFO: [Labtools 27-2222] Launching hw_server...
INFO: [Labtools 27-2221] Launch Output:

****** Xilinx hw_server v2018.3
  **** Build date : Dec  7 2018-00:40:27
    ** Copyright 1986-2018 Xilinx, Inc. All Rights Reserved.


open_hw_target
INFO: [Labtoolstcl 44-466] Opening hw_target localhost:3121/xilinx_tcf/Digilent/210292A6EBCBA
set_property PROGRAM.FILE {C:/Users/SET253-08U.HCCMAIN/Documents/GitHub/ENES247/lab8-IntellectualProperty/lab8_1_1/iporfirio_8_1_1/iporfirio_8_1_1.runs/impl_1/one_second_clock_behavior.bit} [get_hw_devices xc7a100t_0]
current_hw_device [get_hw_devices xc7a100t_0]
refresh_hw_device -update_hw_probes false [lindex [get_hw_devices xc7a100t_0] 0]
INFO: [Labtools 27-1434] Device xc7a100t (JTAG device index = 0) is programmed with a design that has no supported debug core(s) in it.
set_property PROBES.FILE {} [get_hw_devices xc7a100t_0]
set_property FULL_PROBES.FILE {} [get_hw_devices xc7a100t_0]
set_property PROGRAM.FILE {C:/Users/SET253-08U.HCCMAIN/Documents/GitHub/ENES247/lab8-IntellectualProperty/lab8_1_1/iporfirio_8_1_1/iporfirio_8_1_1.runs/impl_1/one_second_clock_behavior.bit} [get_hw_devices xc7a100t_0]
program_hw_devices [get_hw_devices xc7a100t_0]
INFO: [Labtools 27-3164] End of startup status: HIGH
refresh_hw_device [lindex [get_hw_devices xc7a100t_0] 0]
INFO: [Labtools 27-1434] Device xc7a100t (JTAG device index = 0) is programmed with a design that has no supported debug core(s) in it.
exit
INFO: [Common 17-206] Exiting Vivado at Sat May  4 16:22:17 2019...
