#-----------------------------------------------------------
# Vivado v2018.3 (64-bit)
# SW Build 2405991 on Thu Dec  6 23:38:27 MST 2018
# IP Build 2404404 on Fri Dec  7 01:43:56 MST 2018
# Start of session at: Thu May 16 14:14:59 2019
# Process ID: 4700
# Current directory: C:/Users/SET253-14U.HCCMAIN/Documents/GitHub/ENES247/lab9-StopWatch/lab9_1_2/iporfirio_9_1_2
# Command line: vivado.exe -gui_launcher_event rodinguilauncherevent7072 C:\Users\SET253-14U.HCCMAIN\Documents\GitHub\ENES247\lab9-StopWatch\lab9_1_2\iporfirio_9_1_2\iporfirio_9_1_2.xpr
# Log file: C:/Users/SET253-14U.HCCMAIN/Documents/GitHub/ENES247/lab9-StopWatch/lab9_1_2/iporfirio_9_1_2/vivado.log
# Journal file: C:/Users/SET253-14U.HCCMAIN/Documents/GitHub/ENES247/lab9-StopWatch/lab9_1_2/iporfirio_9_1_2\vivado.jou
#-----------------------------------------------------------
start_gui
open_project C:/Users/SET253-14U.HCCMAIN/Documents/GitHub/ENES247/lab9-StopWatch/lab9_1_2/iporfirio_9_1_2/iporfirio_9_1_2.xpr
INFO: [ProjectBase 1-489] The host OS only allows 260 characters in a normal path. The project is stored in a path with more than 80 characters. If you experience issues with IP, Block Designs, or files not being found, please consider moving the project to a location with a shorter path. Alternately consider using the OS subst command to map part of the path to a drive letter.
Current project path is 'C:/Users/SET253-14U.HCCMAIN/Documents/GitHub/ENES247/lab9-StopWatch/lab9_1_2/iporfirio_9_1_2'
INFO: [Project 1-313] Project file moved from 'C:/Users/SET253-19U.HCCMAIN/Documents/GitHub/ENES247/lab9-StopWatch/lab9_1_2/iporfirio_9_1_2' since last save.
Scanning sources...
Finished scanning sources
INFO: [IP_Flow 19-234] Refreshing IP repositories
INFO: [IP_Flow 19-1704] No user IP repositories specified
INFO: [IP_Flow 19-2313] Loaded Vivado IP repository 'C:/Xilinx/Vivado/2018.3/data/ip'.
open_project: Time (s): cpu = 00:00:13 ; elapsed = 00:00:07 . Memory (MB): peak = 729.434 ; gain = 130.664
update_compile_order -fileset sources_1
synth_design -rtl -name rtl_1
Command: synth_design -rtl -name rtl_1
Starting synth_design
Using part: xc7a100tcsg324-1
Top: claadder_gate
---------------------------------------------------------------------------------
Starting RTL Elaboration : Time (s): cpu = 00:00:02 ; elapsed = 00:00:02 . Memory (MB): peak = 808.465 ; gain = 79.031
---------------------------------------------------------------------------------
INFO: [Synth 8-6157] synthesizing module 'claadder_gate' [C:/Users/SET253-14U.HCCMAIN/Documents/GitHub/ENES247/lab9-StopWatch/lab9_1_2/claadder_gate.v:6]
INFO: [Synth 8-6157] synthesizing module 'fulladder_with_pg_gate' [C:/Users/SET253-14U.HCCMAIN/Documents/GitHub/ENES247/lab9-StopWatch/lab9_1_2/fulladder_with_pg_gate.v:6]
	Parameter AND_DELAY bound to: 2 - type: integer 
	Parameter OR_DELAY bound to: 2 - type: integer 
	Parameter XOR_DELAY bound to: 2 - type: integer 
INFO: [Synth 8-6155] done synthesizing module 'fulladder_with_pg_gate' (1#1) [C:/Users/SET253-14U.HCCMAIN/Documents/GitHub/ENES247/lab9-StopWatch/lab9_1_2/fulladder_with_pg_gate.v:6]
INFO: [Synth 8-6157] synthesizing module 'cla_gate' [C:/Users/SET253-14U.HCCMAIN/Documents/GitHub/ENES247/lab9-StopWatch/lab9_1_2/cla_gate.v:6]
	Parameter AND_DELAY bound to: 2 - type: integer 
	Parameter OR_DELAY bound to: 2 - type: integer 
	Parameter XOR_DELAY bound to: 2 - type: integer 
INFO: [Synth 8-6155] done synthesizing module 'cla_gate' (2#1) [C:/Users/SET253-14U.HCCMAIN/Documents/GitHub/ENES247/lab9-StopWatch/lab9_1_2/cla_gate.v:6]
INFO: [Synth 8-6155] done synthesizing module 'claadder_gate' (3#1) [C:/Users/SET253-14U.HCCMAIN/Documents/GitHub/ENES247/lab9-StopWatch/lab9_1_2/claadder_gate.v:6]
---------------------------------------------------------------------------------
Finished RTL Elaboration : Time (s): cpu = 00:00:03 ; elapsed = 00:00:03 . Memory (MB): peak = 837.090 ; gain = 107.656
---------------------------------------------------------------------------------

Report Check Netlist: 
+------+------------------+-------+---------+-------+------------------+
|      |Item              |Errors |Warnings |Status |Description       |
+------+------------------+-------+---------+-------+------------------+
|1     |multi_driven_nets |      0|        0|Passed |Multi driven nets |
+------+------------------+-------+---------+-------+------------------+
---------------------------------------------------------------------------------
Start Handling Custom Attributes
---------------------------------------------------------------------------------
---------------------------------------------------------------------------------
Finished Handling Custom Attributes : Time (s): cpu = 00:00:03 ; elapsed = 00:00:03 . Memory (MB): peak = 837.090 ; gain = 107.656
---------------------------------------------------------------------------------
---------------------------------------------------------------------------------
Finished RTL Optimization Phase 1 : Time (s): cpu = 00:00:03 ; elapsed = 00:00:03 . Memory (MB): peak = 837.090 ; gain = 107.656
---------------------------------------------------------------------------------
INFO: [Device 21-403] Loading part xc7a100tcsg324-1
INFO: [Project 1-570] Preparing netlist for logic optimization

Processing XDC Constraints
Initializing timing engine
Completed Processing XDC Constraints

INFO: [Opt 31-138] Pushed 0 inverter(s) to 0 load pin(s).
Netlist sorting complete. Time (s): cpu = 00:00:00 ; elapsed = 00:00:00 . Memory (MB): peak = 1153.234 ; gain = 0.000
INFO: [Project 1-111] Unisim Transformation Summary:
No Unisim elements were transformed.

RTL Elaboration Complete:  : Time (s): cpu = 00:00:15 ; elapsed = 00:00:12 . Memory (MB): peak = 1189.473 ; gain = 460.039
10 Infos, 0 Warnings, 0 Critical Warnings and 0 Errors encountered.
synth_design completed successfully
synth_design: Time (s): cpu = 00:00:15 ; elapsed = 00:00:12 . Memory (MB): peak = 1189.473 ; gain = 460.039
exit
INFO: [Common 17-206] Exiting Vivado at Thu May 16 14:17:20 2019...
