#-----------------------------------------------------------
# Vivado v2018.3 (64-bit)
# SW Build 2405991 on Thu Dec  6 23:38:27 MST 2018
# IP Build 2404404 on Fri Dec  7 01:43:56 MST 2018
# Start of session at: Wed May 22 15:13:57 2019
# Process ID: 11420
# Current directory: C:/Users/SET253-08U.HCCMAIN/Documents/GitHub/ENES247/lab10-FSM-Moore-Mealy/lab10_3_1/lab3
# Command line: vivado.exe -gui_launcher_event rodinguilauncherevent12032 C:\Users\SET253-08U.HCCMAIN\Documents\GitHub\ENES247\lab10-FSM-Moore-Mealy\lab10_3_1\lab3\lab3.xpr
# Log file: C:/Users/SET253-08U.HCCMAIN/Documents/GitHub/ENES247/lab10-FSM-Moore-Mealy/lab10_3_1/lab3/vivado.log
# Journal file: C:/Users/SET253-08U.HCCMAIN/Documents/GitHub/ENES247/lab10-FSM-Moore-Mealy/lab10_3_1/lab3\vivado.jou
#-----------------------------------------------------------
start_gui
open_project C:/Users/SET253-08U.HCCMAIN/Documents/GitHub/ENES247/lab10-FSM-Moore-Mealy/lab10_3_1/lab3/lab3.xpr
INFO: [ProjectBase 1-489] The host OS only allows 260 characters in a normal path. The project is stored in a path with more than 80 characters. If you experience issues with IP, Block Designs, or files not being found, please consider moving the project to a location with a shorter path. Alternately consider using the OS subst command to map part of the path to a drive letter.
Current project path is 'C:/Users/SET253-08U.HCCMAIN/Documents/GitHub/ENES247/lab10-FSM-Moore-Mealy/lab10_3_1/lab3'
INFO: [Project 1-313] Project file moved from 'C:/Users/SET253-17U.HCCMAIN/Documents/GitHub/ENES247/lab10-FSM-Moore-Mealy/lab10_3_1/lab3' since last save.
Scanning sources...
Finished scanning sources
WARNING: [filemgmt 56-2] IPUserFilesDir: Could not find the directory 'C:/Users/SET253-08U.HCCMAIN/Documents/GitHub/ENES247/lab10-FSM-Moore-Mealy/lab10_3_1/lab3/lab3.ip_user_files', nor could it be found using path 'C:/Users/SET253-17U.HCCMAIN/Documents/GitHub/ENES247/lab10-FSM-Moore-Mealy/lab10_3_1/lab3/lab3.ip_user_files'.
INFO: [IP_Flow 19-234] Refreshing IP repositories
INFO: [IP_Flow 19-1704] No user IP repositories specified
INFO: [IP_Flow 19-2313] Loaded Vivado IP repository 'C:/Xilinx/Vivado/2018.3/data/ip'.
open_project: Time (s): cpu = 00:00:18 ; elapsed = 00:00:10 . Memory (MB): peak = 707.793 ; gain = 147.438
update_compile_order -fileset sources_1
reset_run synth_1
launch_runs synth_1 -jobs 2
[Wed May 22 15:15:28 2019] Launched synth_1...
Run output will be captured here: C:/Users/SET253-08U.HCCMAIN/Documents/GitHub/ENES247/lab10-FSM-Moore-Mealy/lab10_3_1/lab3/lab3.runs/synth_1/runme.log
launch_runs impl_1 -jobs 2
[Wed May 22 15:16:17 2019] Launched impl_1...
Run output will be captured here: C:/Users/SET253-08U.HCCMAIN/Documents/GitHub/ENES247/lab10-FSM-Moore-Mealy/lab10_3_1/lab3/lab3.runs/impl_1/runme.log
open_run impl_1
INFO: [Project 1-479] Netlist was created with Vivado 2018.3
INFO: [Device 21-403] Loading part xc7a100tcsg324-1
INFO: [Project 1-570] Preparing netlist for logic optimization
INFO: [Timing 38-478] Restoring timing data from binary archive.
INFO: [Timing 38-479] Binary timing data restore complete.
INFO: [Project 1-856] Restoring constraints from binary archive.
INFO: [Project 1-853] Binary constraint restore complete.
Reading XDEF placement.
Reading placer database...
Reading XDEF routing.
Read XDEF File: Time (s): cpu = 00:00:00 ; elapsed = 00:00:00.041 . Memory (MB): peak = 1552.746 ; gain = 0.000
Restored from archive | CPU: 0.000000 secs | Memory: 0.000000 MB |
Finished XDEF File Restore: Time (s): cpu = 00:00:00 ; elapsed = 00:00:00.043 . Memory (MB): peak = 1552.746 ; gain = 0.000
Netlist sorting complete. Time (s): cpu = 00:00:00 ; elapsed = 00:00:00 . Memory (MB): peak = 1552.746 ; gain = 0.000
INFO: [Project 1-111] Unisim Transformation Summary:
No Unisim elements were transformed.

open_run: Time (s): cpu = 00:00:27 ; elapsed = 00:00:21 . Memory (MB): peak = 1660.430 ; gain = 931.574
WARNING: [Timing 38-313] There are no user specified timing constraints. Timing constraints are needed for proper timing analysis.
close_design
synth_design -rtl -name rtl_1
Command: synth_design -rtl -name rtl_1
Starting synth_design
Using part: xc7a100tcsg324-1
Top: mealy_ROM
---------------------------------------------------------------------------------
Starting RTL Elaboration : Time (s): cpu = 00:00:02 ; elapsed = 00:00:02 . Memory (MB): peak = 1697.996 ; gain = 0.000
---------------------------------------------------------------------------------
INFO: [Synth 8-6157] synthesizing module 'mealy_ROM' [C:/Users/SET253-08U.HCCMAIN/Documents/GitHub/ENES247/lab10-FSM-Moore-Mealy/lab10_3_1/mealy_ROM.v:26]
INFO: [Synth 8-6157] synthesizing module 'count_ROM' [C:/Users/SET253-08U.HCCMAIN/Documents/GitHub/ENES247/lab10-FSM-Moore-Mealy/lab10_3_1/count_ROM.v:6]
INFO: [Synth 8-6155] done synthesizing module 'count_ROM' (1#1) [C:/Users/SET253-08U.HCCMAIN/Documents/GitHub/ENES247/lab10-FSM-Moore-Mealy/lab10_3_1/count_ROM.v:6]
INFO: [Synth 8-6155] done synthesizing module 'mealy_ROM' (2#1) [C:/Users/SET253-08U.HCCMAIN/Documents/GitHub/ENES247/lab10-FSM-Moore-Mealy/lab10_3_1/mealy_ROM.v:26]
---------------------------------------------------------------------------------
Finished RTL Elaboration : Time (s): cpu = 00:00:03 ; elapsed = 00:00:03 . Memory (MB): peak = 1697.996 ; gain = 0.000
---------------------------------------------------------------------------------

Report Check Netlist: 
+------+------------------+-------+---------+-------+------------------+
|      |Item              |Errors |Warnings |Status |Description       |
+------+------------------+-------+---------+-------+------------------+
|1     |multi_driven_nets |      0|        0|Passed |Multi driven nets |
+------+------------------+-------+---------+-------+------------------+
---------------------------------------------------------------------------------
Start Handling Custom Attributes
---------------------------------------------------------------------------------
---------------------------------------------------------------------------------
Finished Handling Custom Attributes : Time (s): cpu = 00:00:03 ; elapsed = 00:00:03 . Memory (MB): peak = 1697.996 ; gain = 0.000
---------------------------------------------------------------------------------
---------------------------------------------------------------------------------
Finished RTL Optimization Phase 1 : Time (s): cpu = 00:00:03 ; elapsed = 00:00:03 . Memory (MB): peak = 1697.996 ; gain = 0.000
---------------------------------------------------------------------------------
INFO: [Project 1-570] Preparing netlist for logic optimization

Processing XDC Constraints
Initializing timing engine
Parsing XDC File [C:/Users/SET253-08U.HCCMAIN/Documents/GitHub/ENES247/lab10-FSM-Moore-Mealy/lab10_3_1/Nexys4DDR_Master.xdc]
Finished Parsing XDC File [C:/Users/SET253-08U.HCCMAIN/Documents/GitHub/ENES247/lab10-FSM-Moore-Mealy/lab10_3_1/Nexys4DDR_Master.xdc]
Completed Processing XDC Constraints

INFO: [Opt 31-138] Pushed 0 inverter(s) to 0 load pin(s).
Netlist sorting complete. Time (s): cpu = 00:00:00 ; elapsed = 00:00:00 . Memory (MB): peak = 1697.996 ; gain = 0.000
INFO: [Project 1-111] Unisim Transformation Summary:
No Unisim elements were transformed.

RTL Elaboration Complete:  : Time (s): cpu = 00:00:08 ; elapsed = 00:00:05 . Memory (MB): peak = 1709.285 ; gain = 11.289
7 Infos, 0 Warnings, 0 Critical Warnings and 0 Errors encountered.
synth_design completed successfully
synth_design: Time (s): cpu = 00:00:08 ; elapsed = 00:00:05 . Memory (MB): peak = 1709.285 ; gain = 11.289
launch_runs impl_1 -to_step write_bitstream -jobs 2
[Wed May 22 15:26:07 2019] Launched impl_1...
Run output will be captured here: C:/Users/SET253-08U.HCCMAIN/Documents/GitHub/ENES247/lab10-FSM-Moore-Mealy/lab10_3_1/lab3/lab3.runs/impl_1/runme.log
open_hw
connect_hw_server
INFO: [Labtools 27-2285] Connecting to hw_server url TCP:localhost:3121
INFO: [Labtools 27-2222] Launching hw_server...
INFO: [Labtools 27-2221] Launch Output:

****** Xilinx hw_server v2018.3
  **** Build date : Dec  7 2018-00:40:27
    ** Copyright 1986-2018 Xilinx, Inc. All Rights Reserved.


open_hw_target
INFO: [Labtoolstcl 44-466] Opening hw_target localhost:3121/xilinx_tcf/Digilent/210292A6EBCBA
set_property PROGRAM.FILE {C:/Users/SET253-08U.HCCMAIN/Documents/GitHub/ENES247/lab10-FSM-Moore-Mealy/lab10_3_1/lab3/lab3.runs/impl_1/mealy_ROM.bit} [get_hw_devices xc7a100t_0]
current_hw_device [get_hw_devices xc7a100t_0]
refresh_hw_device -update_hw_probes false [lindex [get_hw_devices xc7a100t_0] 0]
INFO: [Labtools 27-1434] Device xc7a100t (JTAG device index = 0) is programmed with a design that has no supported debug core(s) in it.
set_property PROBES.FILE {} [get_hw_devices xc7a100t_0]
set_property FULL_PROBES.FILE {} [get_hw_devices xc7a100t_0]
set_property PROGRAM.FILE {C:/Users/SET253-08U.HCCMAIN/Documents/GitHub/ENES247/lab10-FSM-Moore-Mealy/lab10_3_1/lab3/lab3.runs/impl_1/mealy_ROM.bit} [get_hw_devices xc7a100t_0]
program_hw_devices [get_hw_devices xc7a100t_0]
INFO: [Labtools 27-3164] End of startup status: HIGH
refresh_hw_device [lindex [get_hw_devices xc7a100t_0] 0]
INFO: [Labtools 27-1434] Device xc7a100t (JTAG device index = 0) is programmed with a design that has no supported debug core(s) in it.
open_run impl_1
INFO: [Project 1-479] Netlist was created with Vivado 2018.3
INFO: [Project 1-570] Preparing netlist for logic optimization
INFO: [Timing 38-478] Restoring timing data from binary archive.
INFO: [Timing 38-479] Binary timing data restore complete.
INFO: [Project 1-856] Restoring constraints from binary archive.
INFO: [Project 1-853] Binary constraint restore complete.
Reading XDEF placement.
Reading placer database...
Reading XDEF routing.
Read XDEF File: Time (s): cpu = 00:00:00 ; elapsed = 00:00:00.041 . Memory (MB): peak = 2858.430 ; gain = 0.000
Restored from archive | CPU: 0.000000 secs | Memory: 0.000000 MB |
Finished XDEF File Restore: Time (s): cpu = 00:00:00 ; elapsed = 00:00:00.041 . Memory (MB): peak = 2858.430 ; gain = 0.000
Netlist sorting complete. Time (s): cpu = 00:00:00 ; elapsed = 00:00:00 . Memory (MB): peak = 2858.430 ; gain = 0.000
INFO: [Project 1-111] Unisim Transformation Summary:
No Unisim elements were transformed.

WARNING: [Timing 38-313] There are no user specified timing constraints. Timing constraints are needed for proper timing analysis.
set_property SOURCE_SET sources_1 [get_filesets sim_1]
add_files -fileset sim_1 -norecurse C:/Users/SET253-08U.HCCMAIN/Documents/GitHub/ENES247/lab10-FSM-Moore-Mealy/lab10_3_1/mealy_ROM_tb.v
update_compile_order -fileset sim_1
update_compile_order -fileset sim_1
launch_simulation
INFO: [Vivado 12-5682] Launching behavioral simulation in 'C:/Users/SET253-08U.HCCMAIN/Documents/GitHub/ENES247/lab10-FSM-Moore-Mealy/lab10_3_1/lab3/lab3.sim/sim_1/behav/xsim'
INFO: [SIM-utils-51] Simulation object is 'sim_1'
INFO: [SIM-utils-54] Inspecting design source files for 'mealy_ROM_tb' in fileset 'sim_1'...
INFO: [USF-XSim-97] Finding global include files...
INFO: [USF-XSim-98] Fetching design files from 'sim_1'...
INFO: [USF-XSim-2] XSim::Compile design
INFO: [USF-XSim-61] Executing 'COMPILE and ANALYZE' step in 'C:/Users/SET253-08U.HCCMAIN/Documents/GitHub/ENES247/lab10-FSM-Moore-Mealy/lab10_3_1/lab3/lab3.sim/sim_1/behav/xsim'
"xvlog --incr --relax -prj mealy_ROM_tb_vlog.prj"
INFO: [VRFC 10-2263] Analyzing Verilog file "C:/Users/SET253-08U.HCCMAIN/Documents/GitHub/ENES247/lab10-FSM-Moore-Mealy/lab10_3_1/count_ROM.v" into library xil_defaultlib
INFO: [VRFC 10-311] analyzing module count_ROM
INFO: [VRFC 10-2263] Analyzing Verilog file "C:/Users/SET253-08U.HCCMAIN/Documents/GitHub/ENES247/lab10-FSM-Moore-Mealy/lab10_3_1/mealy_ROM.v" into library xil_defaultlib
INFO: [VRFC 10-311] analyzing module mealy_ROM
INFO: [VRFC 10-2263] Analyzing Verilog file "C:/Users/SET253-08U.HCCMAIN/Documents/GitHub/ENES247/lab10-FSM-Moore-Mealy/lab10_3_1/mealy_ROM_tb.v" into library xil_defaultlib
INFO: [VRFC 10-311] analyzing module mealy_ROM_tb
INFO: [VRFC 10-2263] Analyzing Verilog file "C:/Users/SET253-08U.HCCMAIN/Documents/GitHub/ENES247/lab10-FSM-Moore-Mealy/lab10_3_1/lab3/lab3.sim/sim_1/behav/xsim/glbl.v" into library xil_defaultlib
INFO: [VRFC 10-311] analyzing module glbl
INFO: [USF-XSim-69] 'compile' step finished in '2' seconds
INFO: [USF-XSim-3] XSim::Elaborate design
INFO: [USF-XSim-61] Executing 'ELABORATE' step in 'C:/Users/SET253-08U.HCCMAIN/Documents/GitHub/ENES247/lab10-FSM-Moore-Mealy/lab10_3_1/lab3/lab3.sim/sim_1/behav/xsim'
Vivado Simulator 2018.3
Copyright 1986-1999, 2001-2018 Xilinx, Inc. All Rights Reserved.
Running: C:/Xilinx/Vivado/2018.3/bin/unwrapped/win64.o/xelab.exe -wto 93dcf2ff49254a03a230514ffd10c4b2 --incr --debug typical --relax --mt 2 -L xil_defaultlib -L unisims_ver -L unimacro_ver -L secureip --snapshot mealy_ROM_tb_behav xil_defaultlib.mealy_ROM_tb xil_defaultlib.glbl -log elaborate.log 
Using 2 slave threads.
Starting static elaboration
Completed static elaboration
Starting simulation data flow analysis
Completed simulation data flow analysis
Time Resolution for simulation is 1ps
Compiling module xil_defaultlib.count_ROM
Compiling module xil_defaultlib.mealy_ROM
Compiling module xil_defaultlib.mealy_ROM_tb
Compiling module xil_defaultlib.glbl
Built simulation snapshot mealy_ROM_tb_behav

****** Webtalk v2018.3 (64-bit)
  **** SW Build 2405991 on Thu Dec  6 23:38:27 MST 2018
  **** IP Build 2404404 on Fri Dec  7 01:43:56 MST 2018
    ** Copyright 1986-2018 Xilinx, Inc. All Rights Reserved.

source C:/Users/SET253-08U.HCCMAIN/Documents/GitHub/ENES247/lab10-FSM-Moore-Mealy/lab10_3_1/lab3/lab3.sim/sim_1/behav/xsim/xsim.dir/mealy_ROM_tb_behav/webtalk/xsim_webtalk.tcl -notrace
INFO: [Common 17-186] 'C:/Users/SET253-08U.HCCMAIN/Documents/GitHub/ENES247/lab10-FSM-Moore-Mealy/lab10_3_1/lab3/lab3.sim/sim_1/behav/xsim/xsim.dir/mealy_ROM_tb_behav/webtalk/usage_statistics_ext_xsim.xml' has been successfully sent to Xilinx on Wed May 22 15:44:38 2019. For additional details about this file, please refer to the WebTalk help file at C:/Xilinx/Vivado/2018.3/doc/webtalk_introduction.html.
INFO: [Common 17-206] Exiting Webtalk at Wed May 22 15:44:38 2019...
run_program: Time (s): cpu = 00:00:01 ; elapsed = 00:00:06 . Memory (MB): peak = 3266.379 ; gain = 0.000
INFO: [USF-XSim-69] 'elaborate' step finished in '6' seconds
INFO: [USF-XSim-4] XSim::Simulate design
INFO: [USF-XSim-61] Executing 'SIMULATE' step in 'C:/Users/SET253-08U.HCCMAIN/Documents/GitHub/ENES247/lab10-FSM-Moore-Mealy/lab10_3_1/lab3/lab3.sim/sim_1/behav/xsim'
INFO: [USF-XSim-98] *** Running xsim
   with args "mealy_ROM_tb_behav -key {Behavioral:sim_1:Functional:mealy_ROM_tb} -tclbatch {mealy_ROM_tb.tcl} -log {simulate.log}"
INFO: [USF-XSim-8] Loading simulator feature
Vivado Simulator 2018.3
Time resolution is 1 ps
source mealy_ROM_tb.tcl
# set curr_wave [current_wave_config]
# if { [string length $curr_wave] == 0 } {
#   if { [llength [get_objects]] > 0} {
#     add_wave /
#     set_property needs_save false [current_wave_config]
#   } else {
#      send_msg_id Add_Wave-1 WARNING "No top level signals found. Simulator will start without a wave window. If you want to open a wave window go to 'File->New Waveform Configuration' or type 'create_wave_config' in the TCL console."
#   }
# }
# run 1000ns
INFO: [USF-XSim-96] XSim completed. Design snapshot 'mealy_ROM_tb_behav' loaded.
INFO: [USF-XSim-97] XSim simulation ran for 1000ns
launch_simulation: Time (s): cpu = 00:00:06 ; elapsed = 00:00:12 . Memory (MB): peak = 3266.379 ; gain = 0.000
