#-----------------------------------------------------------
# Vivado v2018.3 (64-bit)
# SW Build 2405991 on Thu Dec  6 23:38:27 MST 2018
# IP Build 2404404 on Fri Dec  7 01:43:56 MST 2018
# Start of session at: Thu Apr  4 13:58:38 2019
# Process ID: 952
# Current directory: C:/Users/SET253-13U.HCCMAIN/Documents/GitHub/ENES247/lab5-Latches_FlipFlops/lab5_1_2/iporfirio_5_1_2
# Command line: vivado.exe -gui_launcher_event rodinguilauncherevent11088 C:\Users\SET253-13U.HCCMAIN\Documents\GitHub\ENES247\lab5-Latches_FlipFlops\lab5_1_2\iporfirio_5_1_2\iporfirio_5_1_2.xpr
# Log file: C:/Users/SET253-13U.HCCMAIN/Documents/GitHub/ENES247/lab5-Latches_FlipFlops/lab5_1_2/iporfirio_5_1_2/vivado.log
# Journal file: C:/Users/SET253-13U.HCCMAIN/Documents/GitHub/ENES247/lab5-Latches_FlipFlops/lab5_1_2/iporfirio_5_1_2\vivado.jou
#-----------------------------------------------------------
start_gui
open_project C:/Users/SET253-13U.HCCMAIN/Documents/GitHub/ENES247/lab5-Latches_FlipFlops/lab5_1_2/iporfirio_5_1_2/iporfirio_5_1_2.xpr
INFO: [ProjectBase 1-489] The host OS only allows 260 characters in a normal path. The project is stored in a path with more than 80 characters. If you experience issues with IP, Block Designs, or files not being found, please consider moving the project to a location with a shorter path. Alternately consider using the OS subst command to map part of the path to a drive letter.
Current project path is 'C:/Users/SET253-13U.HCCMAIN/Documents/GitHub/ENES247/lab5-Latches_FlipFlops/lab5_1_2/iporfirio_5_1_2'
Scanning sources...
Finished scanning sources
INFO: [IP_Flow 19-234] Refreshing IP repositories
INFO: [IP_Flow 19-1704] No user IP repositories specified
INFO: [IP_Flow 19-2313] Loaded Vivado IP repository 'C:/Xilinx/Vivado/2018.3/data/ip'.
open_project: Time (s): cpu = 00:00:11 ; elapsed = 00:00:06 . Memory (MB): peak = 752.641 ; gain = 160.137
update_compile_order -fileset sources_1
reset_run synth_1
launch_runs synth_1 -jobs 4
[Thu Apr  4 13:59:12 2019] Launched synth_1...
Run output will be captured here: C:/Users/SET253-13U.HCCMAIN/Documents/GitHub/ENES247/lab5-Latches_FlipFlops/lab5_1_2/iporfirio_5_1_2/iporfirio_5_1_2.runs/synth_1/runme.log
launch_runs impl_1 -jobs 4
[Thu Apr  4 13:59:49 2019] Launched impl_1...
Run output will be captured here: C:/Users/SET253-13U.HCCMAIN/Documents/GitHub/ENES247/lab5-Latches_FlipFlops/lab5_1_2/iporfirio_5_1_2/iporfirio_5_1_2.runs/impl_1/runme.log
launch_runs impl_1 -to_step write_bitstream -jobs 4
[Thu Apr  4 14:03:25 2019] Launched impl_1...
Run output will be captured here: C:/Users/SET253-13U.HCCMAIN/Documents/GitHub/ENES247/lab5-Latches_FlipFlops/lab5_1_2/iporfirio_5_1_2/iporfirio_5_1_2.runs/impl_1/runme.log
open_hw
connect_hw_server
INFO: [Labtools 27-2285] Connecting to hw_server url TCP:localhost:3121
INFO: [Labtools 27-2222] Launching hw_server...
INFO: [Labtools 27-2221] Launch Output:

****** Xilinx hw_server v2018.3
  **** Build date : Dec  7 2018-00:40:27
    ** Copyright 1986-2018 Xilinx, Inc. All Rights Reserved.


open_hw_target
INFO: [Labtoolstcl 44-466] Opening hw_target localhost:3121/xilinx_tcf/Digilent/210292A6EBCBA
current_hw_device [get_hw_devices xc7a100t_0]
refresh_hw_device -update_hw_probes false [lindex [get_hw_devices xc7a100t_0] 0]
INFO: [Labtools 27-1435] Device xc7a100t (JTAG device index = 0) is not programmed (DONE status = 0).
reset_run synth_1
launch_runs synth_1 -jobs 4
[Thu Apr  4 14:06:17 2019] Launched synth_1...
Run output will be captured here: C:/Users/SET253-13U.HCCMAIN/Documents/GitHub/ENES247/lab5-Latches_FlipFlops/lab5_1_2/iporfirio_5_1_2/iporfirio_5_1_2.runs/synth_1/runme.log
launch_runs impl_1 -jobs 4
[Thu Apr  4 14:06:52 2019] Launched impl_1...
Run output will be captured here: C:/Users/SET253-13U.HCCMAIN/Documents/GitHub/ENES247/lab5-Latches_FlipFlops/lab5_1_2/iporfirio_5_1_2/iporfirio_5_1_2.runs/impl_1/runme.log
open_run impl_1
INFO: [Project 1-479] Netlist was created with Vivado 2018.3
INFO: [Device 21-403] Loading part xc7a100tcsg324-1
INFO: [Project 1-570] Preparing netlist for logic optimization
INFO: [Timing 38-478] Restoring timing data from binary archive.
INFO: [Timing 38-479] Binary timing data restore complete.
INFO: [Project 1-856] Restoring constraints from binary archive.
INFO: [Project 1-853] Binary constraint restore complete.
Reading XDEF placement.
Reading placer database...
Reading XDEF routing.
Read XDEF File: Time (s): cpu = 00:00:00 ; elapsed = 00:00:00.043 . Memory (MB): peak = 2572.332 ; gain = 0.000
Restored from archive | CPU: 0.000000 secs | Memory: 0.000000 MB |
Finished XDEF File Restore: Time (s): cpu = 00:00:00 ; elapsed = 00:00:00.044 . Memory (MB): peak = 2572.332 ; gain = 0.000
Netlist sorting complete. Time (s): cpu = 00:00:00 ; elapsed = 00:00:00 . Memory (MB): peak = 2572.332 ; gain = 0.000
INFO: [Project 1-111] Unisim Transformation Summary:
No Unisim elements were transformed.

open_run: Time (s): cpu = 00:00:30 ; elapsed = 00:00:27 . Memory (MB): peak = 2687.488 ; gain = 250.215
WARNING: [Timing 38-313] There are no user specified timing constraints. Timing constraints are needed for proper timing analysis.
launch_runs impl_1 -to_step write_bitstream -jobs 4
[Thu Apr  4 14:08:56 2019] Launched impl_1...
Run output will be captured here: C:/Users/SET253-13U.HCCMAIN/Documents/GitHub/ENES247/lab5-Latches_FlipFlops/lab5_1_2/iporfirio_5_1_2/iporfirio_5_1_2.runs/impl_1/runme.log
reset_run synth_1
launch_runs synth_1 -jobs 4
[Thu Apr  4 14:10:22 2019] Launched synth_1...
Run output will be captured here: C:/Users/SET253-13U.HCCMAIN/Documents/GitHub/ENES247/lab5-Latches_FlipFlops/lab5_1_2/iporfirio_5_1_2/iporfirio_5_1_2.runs/synth_1/runme.log
launch_runs impl_1 -jobs 4
[Thu Apr  4 14:11:03 2019] Launched impl_1...
Run output will be captured here: C:/Users/SET253-13U.HCCMAIN/Documents/GitHub/ENES247/lab5-Latches_FlipFlops/lab5_1_2/iporfirio_5_1_2/iporfirio_5_1_2.runs/impl_1/runme.log
refresh_design
INFO: [Project 1-479] Netlist was created with Vivado 2018.3
INFO: [Project 1-570] Preparing netlist for logic optimization
INFO: [Timing 38-478] Restoring timing data from binary archive.
INFO: [Timing 38-479] Binary timing data restore complete.
INFO: [Project 1-856] Restoring constraints from binary archive.
INFO: [Project 1-853] Binary constraint restore complete.
Reading XDEF placement.
Reading placer database...
Reading XDEF routing.
Read XDEF File: Time (s): cpu = 00:00:00 ; elapsed = 00:00:00.044 . Memory (MB): peak = 2711.895 ; gain = 0.000
Restored from archive | CPU: 0.000000 secs | Memory: 0.000000 MB |
Finished XDEF File Restore: Time (s): cpu = 00:00:00 ; elapsed = 00:00:00.044 . Memory (MB): peak = 2711.895 ; gain = 0.000
WARNING: [Timing 38-313] There are no user specified timing constraints. Timing constraints are needed for proper timing analysis.
launch_runs impl_1 -to_step write_bitstream -jobs 4
[Thu Apr  4 14:12:25 2019] Launched impl_1...
Run output will be captured here: C:/Users/SET253-13U.HCCMAIN/Documents/GitHub/ENES247/lab5-Latches_FlipFlops/lab5_1_2/iporfirio_5_1_2/iporfirio_5_1_2.runs/impl_1/runme.log
reset_run synth_1
launch_runs impl_1 -to_step write_bitstream -jobs 4
[Thu Apr  4 14:14:28 2019] Launched synth_1...
Run output will be captured here: C:/Users/SET253-13U.HCCMAIN/Documents/GitHub/ENES247/lab5-Latches_FlipFlops/lab5_1_2/iporfirio_5_1_2/iporfirio_5_1_2.runs/synth_1/runme.log
[Thu Apr  4 14:14:28 2019] Launched impl_1...
Run output will be captured here: C:/Users/SET253-13U.HCCMAIN/Documents/GitHub/ENES247/lab5-Latches_FlipFlops/lab5_1_2/iporfirio_5_1_2/iporfirio_5_1_2.runs/impl_1/runme.log
set_property PROBES.FILE {} [get_hw_devices xc7a100t_0]
set_property FULL_PROBES.FILE {} [get_hw_devices xc7a100t_0]
set_property PROGRAM.FILE {C:/Users/SET253-13U.HCCMAIN/Documents/GitHub/ENES247/lab5-Latches_FlipFlops/lab5_1_2/iporfirio_5_1_2/iporfirio_5_1_2.runs/impl_1/SR_gated_latch_dataflow.bit} [get_hw_devices xc7a100t_0]
program_hw_devices [get_hw_devices xc7a100t_0]
INFO: [Labtools 27-3164] End of startup status: HIGH
refresh_hw_device [lindex [get_hw_devices xc7a100t_0] 0]
INFO: [Labtools 27-1434] Device xc7a100t (JTAG device index = 0) is programmed with a design that has no supported debug core(s) in it.
close_design
synth_design -rtl -name rtl_1
Command: synth_design -rtl -name rtl_1
Starting synth_design
Using part: xc7a100tcsg324-1
Top: SR_gated_latch_dataflow
---------------------------------------------------------------------------------
Starting RTL Elaboration : Time (s): cpu = 00:00:02 ; elapsed = 00:00:02 . Memory (MB): peak = 3428.539 ; gain = 0.000
---------------------------------------------------------------------------------
INFO: [Synth 8-6157] synthesizing module 'SR_gated_latch_dataflow' [C:/Users/SET253-13U.HCCMAIN/Documents/GitHub/ENES247/lab5-Latches_FlipFlops/lab5_1_2/SR_gated_latch_dataflow.v:6]
INFO: [Synth 8-6155] done synthesizing module 'SR_gated_latch_dataflow' (1#1) [C:/Users/SET253-13U.HCCMAIN/Documents/GitHub/ENES247/lab5-Latches_FlipFlops/lab5_1_2/SR_gated_latch_dataflow.v:6]
---------------------------------------------------------------------------------
Finished RTL Elaboration : Time (s): cpu = 00:00:03 ; elapsed = 00:00:03 . Memory (MB): peak = 3428.539 ; gain = 0.000
---------------------------------------------------------------------------------

Report Check Netlist: 
+------+------------------+-------+---------+-------+------------------+
|      |Item              |Errors |Warnings |Status |Description       |
+------+------------------+-------+---------+-------+------------------+
|1     |multi_driven_nets |      0|        0|Passed |Multi driven nets |
+------+------------------+-------+---------+-------+------------------+
---------------------------------------------------------------------------------
Start Handling Custom Attributes
---------------------------------------------------------------------------------
---------------------------------------------------------------------------------
Finished Handling Custom Attributes : Time (s): cpu = 00:00:03 ; elapsed = 00:00:03 . Memory (MB): peak = 3428.539 ; gain = 0.000
---------------------------------------------------------------------------------
---------------------------------------------------------------------------------
Finished RTL Optimization Phase 1 : Time (s): cpu = 00:00:03 ; elapsed = 00:00:03 . Memory (MB): peak = 3428.539 ; gain = 0.000
---------------------------------------------------------------------------------
INFO: [Project 1-570] Preparing netlist for logic optimization

Processing XDC Constraints
Initializing timing engine
Parsing XDC File [C:/Users/SET253-13U.HCCMAIN/Documents/GitHub/ENES247/lab5-Latches_FlipFlops/lab5_1_2/Nexys4DDR_Master.xdc]
WARNING: [Vivado 12-507] No nets matched 'Q_OBUF_inst_i_1'. [C:/Users/SET253-13U.HCCMAIN/Documents/GitHub/ENES247/lab5-Latches_FlipFlops/lab5_1_2/Nexys4DDR_Master.xdc:5]
CRITICAL WARNING: [Common 17-55] 'set_property' expects at least one object. [C:/Users/SET253-13U.HCCMAIN/Documents/GitHub/ENES247/lab5-Latches_FlipFlops/lab5_1_2/Nexys4DDR_Master.xdc:5]
Resolution: If [get_<value>] was used to populate the object, check to make sure this command returns at least one valid object.
Finished Parsing XDC File [C:/Users/SET253-13U.HCCMAIN/Documents/GitHub/ENES247/lab5-Latches_FlipFlops/lab5_1_2/Nexys4DDR_Master.xdc]
INFO: [Project 1-236] Implementation specific constraints were found while reading constraint file [C:/Users/SET253-13U.HCCMAIN/Documents/GitHub/ENES247/lab5-Latches_FlipFlops/lab5_1_2/Nexys4DDR_Master.xdc]. These constraints will be ignored for synthesis but will be used in implementation. Impacted constraints are listed in the file [.Xil/SR_gated_latch_dataflow_propImpl.xdc].
Resolution: To avoid this warning, move constraints listed in [.Xil/SR_gated_latch_dataflow_propImpl.xdc] to another XDC file and exclude this new file from synthesis with the used_in_synthesis property (File Properties dialog in GUI) and re-run elaboration/synthesis.
Netlist sorting complete. Time (s): cpu = 00:00:00 ; elapsed = 00:00:00 . Memory (MB): peak = 3428.539 ; gain = 0.000
Completed Processing XDC Constraints

INFO: [Opt 31-138] Pushed 0 inverter(s) to 0 load pin(s).
Netlist sorting complete. Time (s): cpu = 00:00:00 ; elapsed = 00:00:00 . Memory (MB): peak = 3428.539 ; gain = 0.000
INFO: [Project 1-111] Unisim Transformation Summary:
No Unisim elements were transformed.

RTL Elaboration Complete:  : Time (s): cpu = 00:00:09 ; elapsed = 00:00:06 . Memory (MB): peak = 3428.539 ; gain = 0.000
6 Infos, 1 Warnings, 1 Critical Warnings and 0 Errors encountered.
synth_design completed successfully
synth_design: Time (s): cpu = 00:00:09 ; elapsed = 00:00:06 . Memory (MB): peak = 3428.539 ; gain = 0.000
exit
INFO: [Common 17-206] Exiting Vivado at Thu Apr  4 14:23:53 2019...
