
*** Running vivado
    with args -log mux_2bit_2_to_1_dataflow_tb.vds -m64 -product Vivado -mode batch -messageDb vivado.pb -notrace -source mux_2bit_2_to_1_dataflow_tb.tcl


****** Vivado v2018.3 (64-bit)
  **** SW Build 2405991 on Thu Dec  6 23:38:27 MST 2018
  **** IP Build 2404404 on Fri Dec  7 01:43:56 MST 2018
    ** Copyright 1986-2018 Xilinx, Inc. All Rights Reserved.

source mux_2bit_2_to_1_dataflow_tb.tcl -notrace
Command: synth_design -top mux_2bit_2_to_1_dataflow_tb -part xc7a100tcsg324-1
Starting synth_design
Attempting to get a license for feature 'Synthesis' and/or device 'xc7a100t'
INFO: [Common 17-349] Got license for feature 'Synthesis' and/or device 'xc7a100t'
INFO: Launching helper process for spawning children vivado processes
INFO: Helper process launched with PID 10660 
---------------------------------------------------------------------------------
Starting RTL Elaboration : Time (s): cpu = 00:00:02 ; elapsed = 00:00:02 . Memory (MB): peak = 374.758 ; gain = 100.980
---------------------------------------------------------------------------------
INFO: [Synth 8-6157] synthesizing module 'mux_2bit_2_to_1_dataflow_tb' [C:/Users/SET253-01U.HCCMAIN/Documents/GitHub/ENES247/lab1-mux/lab1_2_tb_mux2-1-2bitwide/lab1_2_tb_mux2-1-2bitwide.srcs/sources_1/imports/lab1_2_tb_mux2-1-2bitwide/mux_2bit_2_to_1_dataflow_tb.v:6]
INFO: [Synth 8-6157] synthesizing module 'mux_2bit_2_to_1_dataflow' [C:/Users/SET253-01U.HCCMAIN/Documents/GitHub/ENES247/lab1-mux/lab1_2_tb_mux2-1-2bitwide/lab1_2_tb_mux2-1-2bitwide.srcs/sources_1/imports/lab1_2_tb_mux2-1-2bitwide/mux_2bit_2_to_1_dataflow.v:6]
INFO: [Synth 8-6155] done synthesizing module 'mux_2bit_2_to_1_dataflow' (1#1) [C:/Users/SET253-01U.HCCMAIN/Documents/GitHub/ENES247/lab1-mux/lab1_2_tb_mux2-1-2bitwide/lab1_2_tb_mux2-1-2bitwide.srcs/sources_1/imports/lab1_2_tb_mux2-1-2bitwide/mux_2bit_2_to_1_dataflow.v:6]
INFO: [Synth 8-6155] done synthesizing module 'mux_2bit_2_to_1_dataflow_tb' (2#1) [C:/Users/SET253-01U.HCCMAIN/Documents/GitHub/ENES247/lab1-mux/lab1_2_tb_mux2-1-2bitwide/lab1_2_tb_mux2-1-2bitwide.srcs/sources_1/imports/lab1_2_tb_mux2-1-2bitwide/mux_2bit_2_to_1_dataflow_tb.v:6]
---------------------------------------------------------------------------------
Finished RTL Elaboration : Time (s): cpu = 00:00:03 ; elapsed = 00:00:03 . Memory (MB): peak = 430.930 ; gain = 157.152
---------------------------------------------------------------------------------

Report Check Netlist: 
+------+------------------+-------+---------+-------+------------------+
|      |Item              |Errors |Warnings |Status |Description       |
+------+------------------+-------+---------+-------+------------------+
|1     |multi_driven_nets |      0|        0|Passed |Multi driven nets |
+------+------------------+-------+---------+-------+------------------+
---------------------------------------------------------------------------------
Start Handling Custom Attributes
---------------------------------------------------------------------------------
---------------------------------------------------------------------------------
Finished Handling Custom Attributes : Time (s): cpu = 00:00:03 ; elapsed = 00:00:03 . Memory (MB): peak = 430.930 ; gain = 157.152
---------------------------------------------------------------------------------
---------------------------------------------------------------------------------
Finished RTL Optimization Phase 1 : Time (s): cpu = 00:00:03 ; elapsed = 00:00:03 . Memory (MB): peak = 430.930 ; gain = 157.152
---------------------------------------------------------------------------------
INFO: [Device 21-403] Loading part xc7a100tcsg324-1
INFO: [Project 1-570] Preparing netlist for logic optimization

Processing XDC Constraints
Initializing timing engine
Parsing XDC File [C:/Users/SET253-01U.HCCMAIN/Documents/GitHub/ENES247/lab1-mux/lab1_2_tb_mux2-1-2bitwide/lab1_2_tb_mux2-1-2bitwide.srcs/constrs_1/imports/lab1_2_tb_mux2-1-2bitwide/Nexys4DDR_Master.xdc]
WARNING: [Vivado 12-584] No ports matched 'x[0]'. [C:/Users/SET253-01U.HCCMAIN/Documents/GitHub/ENES247/lab1-mux/lab1_2_tb_mux2-1-2bitwide/lab1_2_tb_mux2-1-2bitwide.srcs/constrs_1/imports/lab1_2_tb_mux2-1-2bitwide/Nexys4DDR_Master.xdc:13]
CRITICAL WARNING: [Common 17-55] 'set_property' expects at least one object. [C:/Users/SET253-01U.HCCMAIN/Documents/GitHub/ENES247/lab1-mux/lab1_2_tb_mux2-1-2bitwide/lab1_2_tb_mux2-1-2bitwide.srcs/constrs_1/imports/lab1_2_tb_mux2-1-2bitwide/Nexys4DDR_Master.xdc:13]
Resolution: If [get_<value>] was used to populate the object, check to make sure this command returns at least one valid object.
WARNING: [Vivado 12-584] No ports matched 'x[1]'. [C:/Users/SET253-01U.HCCMAIN/Documents/GitHub/ENES247/lab1-mux/lab1_2_tb_mux2-1-2bitwide/lab1_2_tb_mux2-1-2bitwide.srcs/constrs_1/imports/lab1_2_tb_mux2-1-2bitwide/Nexys4DDR_Master.xdc:14]
CRITICAL WARNING: [Common 17-55] 'set_property' expects at least one object. [C:/Users/SET253-01U.HCCMAIN/Documents/GitHub/ENES247/lab1-mux/lab1_2_tb_mux2-1-2bitwide/lab1_2_tb_mux2-1-2bitwide.srcs/constrs_1/imports/lab1_2_tb_mux2-1-2bitwide/Nexys4DDR_Master.xdc:14]
Resolution: If [get_<value>] was used to populate the object, check to make sure this command returns at least one valid object.
WARNING: [Vivado 12-584] No ports matched 'y[0]'. [C:/Users/SET253-01U.HCCMAIN/Documents/GitHub/ENES247/lab1-mux/lab1_2_tb_mux2-1-2bitwide/lab1_2_tb_mux2-1-2bitwide.srcs/constrs_1/imports/lab1_2_tb_mux2-1-2bitwide/Nexys4DDR_Master.xdc:15]
CRITICAL WARNING: [Common 17-55] 'set_property' expects at least one object. [C:/Users/SET253-01U.HCCMAIN/Documents/GitHub/ENES247/lab1-mux/lab1_2_tb_mux2-1-2bitwide/lab1_2_tb_mux2-1-2bitwide.srcs/constrs_1/imports/lab1_2_tb_mux2-1-2bitwide/Nexys4DDR_Master.xdc:15]
Resolution: If [get_<value>] was used to populate the object, check to make sure this command returns at least one valid object.
WARNING: [Vivado 12-584] No ports matched 'y[1]'. [C:/Users/SET253-01U.HCCMAIN/Documents/GitHub/ENES247/lab1-mux/lab1_2_tb_mux2-1-2bitwide/lab1_2_tb_mux2-1-2bitwide.srcs/constrs_1/imports/lab1_2_tb_mux2-1-2bitwide/Nexys4DDR_Master.xdc:16]
CRITICAL WARNING: [Common 17-55] 'set_property' expects at least one object. [C:/Users/SET253-01U.HCCMAIN/Documents/GitHub/ENES247/lab1-mux/lab1_2_tb_mux2-1-2bitwide/lab1_2_tb_mux2-1-2bitwide.srcs/constrs_1/imports/lab1_2_tb_mux2-1-2bitwide/Nexys4DDR_Master.xdc:16]
Resolution: If [get_<value>] was used to populate the object, check to make sure this command returns at least one valid object.
WARNING: [Vivado 12-584] No ports matched 's'. [C:/Users/SET253-01U.HCCMAIN/Documents/GitHub/ENES247/lab1-mux/lab1_2_tb_mux2-1-2bitwide/lab1_2_tb_mux2-1-2bitwide.srcs/constrs_1/imports/lab1_2_tb_mux2-1-2bitwide/Nexys4DDR_Master.xdc:20]
CRITICAL WARNING: [Common 17-55] 'set_property' expects at least one object. [C:/Users/SET253-01U.HCCMAIN/Documents/GitHub/ENES247/lab1-mux/lab1_2_tb_mux2-1-2bitwide/lab1_2_tb_mux2-1-2bitwide.srcs/constrs_1/imports/lab1_2_tb_mux2-1-2bitwide/Nexys4DDR_Master.xdc:20]
Resolution: If [get_<value>] was used to populate the object, check to make sure this command returns at least one valid object.
WARNING: [Vivado 12-584] No ports matched 'm[0]'. [C:/Users/SET253-01U.HCCMAIN/Documents/GitHub/ENES247/lab1-mux/lab1_2_tb_mux2-1-2bitwide/lab1_2_tb_mux2-1-2bitwide.srcs/constrs_1/imports/lab1_2_tb_mux2-1-2bitwide/Nexys4DDR_Master.xdc:33]
CRITICAL WARNING: [Common 17-55] 'set_property' expects at least one object. [C:/Users/SET253-01U.HCCMAIN/Documents/GitHub/ENES247/lab1-mux/lab1_2_tb_mux2-1-2bitwide/lab1_2_tb_mux2-1-2bitwide.srcs/constrs_1/imports/lab1_2_tb_mux2-1-2bitwide/Nexys4DDR_Master.xdc:33]
Resolution: If [get_<value>] was used to populate the object, check to make sure this command returns at least one valid object.
WARNING: [Vivado 12-584] No ports matched 'm[1]'. [C:/Users/SET253-01U.HCCMAIN/Documents/GitHub/ENES247/lab1-mux/lab1_2_tb_mux2-1-2bitwide/lab1_2_tb_mux2-1-2bitwide.srcs/constrs_1/imports/lab1_2_tb_mux2-1-2bitwide/Nexys4DDR_Master.xdc:34]
CRITICAL WARNING: [Common 17-55] 'set_property' expects at least one object. [C:/Users/SET253-01U.HCCMAIN/Documents/GitHub/ENES247/lab1-mux/lab1_2_tb_mux2-1-2bitwide/lab1_2_tb_mux2-1-2bitwide.srcs/constrs_1/imports/lab1_2_tb_mux2-1-2bitwide/Nexys4DDR_Master.xdc:34]
Resolution: If [get_<value>] was used to populate the object, check to make sure this command returns at least one valid object.
Finished Parsing XDC File [C:/Users/SET253-01U.HCCMAIN/Documents/GitHub/ENES247/lab1-mux/lab1_2_tb_mux2-1-2bitwide/lab1_2_tb_mux2-1-2bitwide.srcs/constrs_1/imports/lab1_2_tb_mux2-1-2bitwide/Nexys4DDR_Master.xdc]
Completed Processing XDC Constraints

Netlist sorting complete. Time (s): cpu = 00:00:00 ; elapsed = 00:00:00 . Memory (MB): peak = 710.953 ; gain = 0.000
INFO: [Project 1-111] Unisim Transformation Summary:
No Unisim elements were transformed.

Netlist sorting complete. Time (s): cpu = 00:00:00 ; elapsed = 00:00:00.001 . Memory (MB): peak = 710.953 ; gain = 0.000
WARNING: [Constraints 18-5210] No constraints selected for write.
Resolution: This message can indicate that there are no constraints for the design, or it can indicate that the used_in flags are set such that the constraints are ignored. This later case is used when running synth_design to not write synthesis constraints to the resulting checkpoint. Instead, project constraints are read when the synthesized design is opened.
Constraint Validation Runtime : Time (s): cpu = 00:00:00 ; elapsed = 00:00:00.039 . Memory (MB): peak = 711.895 ; gain = 0.941
---------------------------------------------------------------------------------
Finished Constraint Validation : Time (s): cpu = 00:00:10 ; elapsed = 00:00:11 . Memory (MB): peak = 711.895 ; gain = 438.117
---------------------------------------------------------------------------------
---------------------------------------------------------------------------------
Start Loading Part and Timing Information
---------------------------------------------------------------------------------
Loading part: xc7a100tcsg324-1
---------------------------------------------------------------------------------
Finished Loading Part and Timing Information : Time (s): cpu = 00:00:10 ; elapsed = 00:00:11 . Memory (MB): peak = 711.895 ; gain = 438.117
---------------------------------------------------------------------------------
---------------------------------------------------------------------------------
Start Applying 'set_property' XDC Constraints
---------------------------------------------------------------------------------
---------------------------------------------------------------------------------
Finished applying 'set_property' XDC Constraints : Time (s): cpu = 00:00:10 ; elapsed = 00:00:11 . Memory (MB): peak = 711.895 ; gain = 438.117
---------------------------------------------------------------------------------
---------------------------------------------------------------------------------
Finished RTL Optimization Phase 2 : Time (s): cpu = 00:00:10 ; elapsed = 00:00:11 . Memory (MB): peak = 711.895 ; gain = 438.117
---------------------------------------------------------------------------------

Report RTL Partitions: 
+-+--------------+------------+----------+
| |RTL Partition |Replication |Instances |
+-+--------------+------------+----------+
+-+--------------+------------+----------+
---------------------------------------------------------------------------------
Start RTL Component Statistics 
---------------------------------------------------------------------------------
Detailed RTL Component Info : 
---------------------------------------------------------------------------------
Finished RTL Component Statistics 
---------------------------------------------------------------------------------
---------------------------------------------------------------------------------
Start RTL Hierarchical Component Statistics 
---------------------------------------------------------------------------------
Hierarchical RTL Component report 
---------------------------------------------------------------------------------
Finished RTL Hierarchical Component Statistics
---------------------------------------------------------------------------------
---------------------------------------------------------------------------------
Start Part Resource Summary
---------------------------------------------------------------------------------
Part Resources:
DSPs: 240 (col length:80)
BRAMs: 270 (col length: RAMB18 80 RAMB36 40)
---------------------------------------------------------------------------------
Finished Part Resource Summary
---------------------------------------------------------------------------------
---------------------------------------------------------------------------------
Start Cross Boundary and Area Optimization
---------------------------------------------------------------------------------
Warning: Parallel synthesis criteria is not met 
---------------------------------------------------------------------------------
Finished Cross Boundary and Area Optimization : Time (s): cpu = 00:00:11 ; elapsed = 00:00:12 . Memory (MB): peak = 711.895 ; gain = 438.117
---------------------------------------------------------------------------------

Report RTL Partitions: 
+-+--------------+------------+----------+
| |RTL Partition |Replication |Instances |
+-+--------------+------------+----------+
+-+--------------+------------+----------+
---------------------------------------------------------------------------------
Start Applying XDC Timing Constraints
---------------------------------------------------------------------------------
---------------------------------------------------------------------------------
Finished Applying XDC Timing Constraints : Time (s): cpu = 00:00:19 ; elapsed = 00:00:20 . Memory (MB): peak = 757.074 ; gain = 483.297
---------------------------------------------------------------------------------
---------------------------------------------------------------------------------
Start Timing Optimization
---------------------------------------------------------------------------------
---------------------------------------------------------------------------------
Finished Timing Optimization : Time (s): cpu = 00:00:19 ; elapsed = 00:00:20 . Memory (MB): peak = 757.074 ; gain = 483.297
---------------------------------------------------------------------------------

Report RTL Partitions: 
+-+--------------+------------+----------+
| |RTL Partition |Replication |Instances |
+-+--------------+------------+----------+
+-+--------------+------------+----------+
---------------------------------------------------------------------------------
Start Technology Mapping
---------------------------------------------------------------------------------
---------------------------------------------------------------------------------
Finished Technology Mapping : Time (s): cpu = 00:00:19 ; elapsed = 00:00:20 . Memory (MB): peak = 766.605 ; gain = 492.828
---------------------------------------------------------------------------------

Report RTL Partitions: 
+-+--------------+------------+----------+
| |RTL Partition |Replication |Instances |
+-+--------------+------------+----------+
+-+--------------+------------+----------+
---------------------------------------------------------------------------------
Start IO Insertion
---------------------------------------------------------------------------------
---------------------------------------------------------------------------------
Start Flattening Before IO Insertion
---------------------------------------------------------------------------------
---------------------------------------------------------------------------------
Finished Flattening Before IO Insertion
---------------------------------------------------------------------------------
---------------------------------------------------------------------------------
Start Final Netlist Cleanup
---------------------------------------------------------------------------------
---------------------------------------------------------------------------------
Finished Final Netlist Cleanup
---------------------------------------------------------------------------------
---------------------------------------------------------------------------------
Finished IO Insertion : Time (s): cpu = 00:00:20 ; elapsed = 00:00:21 . Memory (MB): peak = 766.605 ; gain = 492.828
---------------------------------------------------------------------------------

Report Check Netlist: 
+------+------------------+-------+---------+-------+------------------+
|      |Item              |Errors |Warnings |Status |Description       |
+------+------------------+-------+---------+-------+------------------+
|1     |multi_driven_nets |      0|        0|Passed |Multi driven nets |
+------+------------------+-------+---------+-------+------------------+
---------------------------------------------------------------------------------
Start Renaming Generated Instances
---------------------------------------------------------------------------------
---------------------------------------------------------------------------------
Finished Renaming Generated Instances : Time (s): cpu = 00:00:20 ; elapsed = 00:00:21 . Memory (MB): peak = 766.605 ; gain = 492.828
---------------------------------------------------------------------------------

Report RTL Partitions: 
+-+--------------+------------+----------+
| |RTL Partition |Replication |Instances |
+-+--------------+------------+----------+
+-+--------------+------------+----------+
---------------------------------------------------------------------------------
Start Rebuilding User Hierarchy
---------------------------------------------------------------------------------
---------------------------------------------------------------------------------
Finished Rebuilding User Hierarchy : Time (s): cpu = 00:00:20 ; elapsed = 00:00:21 . Memory (MB): peak = 766.605 ; gain = 492.828
---------------------------------------------------------------------------------
---------------------------------------------------------------------------------
Start Renaming Generated Ports
---------------------------------------------------------------------------------
---------------------------------------------------------------------------------
Finished Renaming Generated Ports : Time (s): cpu = 00:00:20 ; elapsed = 00:00:21 . Memory (MB): peak = 766.605 ; gain = 492.828
---------------------------------------------------------------------------------
---------------------------------------------------------------------------------
Start Handling Custom Attributes
---------------------------------------------------------------------------------
---------------------------------------------------------------------------------
Finished Handling Custom Attributes : Time (s): cpu = 00:00:20 ; elapsed = 00:00:21 . Memory (MB): peak = 766.605 ; gain = 492.828
---------------------------------------------------------------------------------
---------------------------------------------------------------------------------
Start Renaming Generated Nets
---------------------------------------------------------------------------------
---------------------------------------------------------------------------------
Finished Renaming Generated Nets : Time (s): cpu = 00:00:20 ; elapsed = 00:00:21 . Memory (MB): peak = 766.605 ; gain = 492.828
---------------------------------------------------------------------------------
---------------------------------------------------------------------------------
Start Writing Synthesis Report
---------------------------------------------------------------------------------

Report BlackBoxes: 
+-+--------------+----------+
| |BlackBox name |Instances |
+-+--------------+----------+
+-+--------------+----------+

Report Cell Usage: 
+-+-----+------+
| |Cell |Count |
+-+-----+------+
+-+-----+------+

Report Instance Areas: 
+------+---------+-------+------+
|      |Instance |Module |Cells |
+------+---------+-------+------+
|1     |top      |       |     0|
+------+---------+-------+------+
---------------------------------------------------------------------------------
Finished Writing Synthesis Report : Time (s): cpu = 00:00:20 ; elapsed = 00:00:21 . Memory (MB): peak = 766.605 ; gain = 492.828
---------------------------------------------------------------------------------
Synthesis finished with 0 errors, 0 critical warnings and 0 warnings.
Synthesis Optimization Runtime : Time (s): cpu = 00:00:12 ; elapsed = 00:00:15 . Memory (MB): peak = 766.605 ; gain = 211.863
Synthesis Optimization Complete : Time (s): cpu = 00:00:20 ; elapsed = 00:00:21 . Memory (MB): peak = 766.605 ; gain = 492.828
INFO: [Project 1-571] Translating synthesized netlist
INFO: [Project 1-570] Preparing netlist for logic optimization
INFO: [Opt 31-138] Pushed 0 inverter(s) to 0 load pin(s).
Netlist sorting complete. Time (s): cpu = 00:00:00 ; elapsed = 00:00:00 . Memory (MB): peak = 777.863 ; gain = 0.000
INFO: [Project 1-111] Unisim Transformation Summary:
No Unisim elements were transformed.

INFO: [Common 17-83] Releasing license: Synthesis
13 Infos, 8 Warnings, 7 Critical Warnings and 0 Errors encountered.
synth_design completed successfully
synth_design: Time (s): cpu = 00:00:22 ; elapsed = 00:00:23 . Memory (MB): peak = 777.863 ; gain = 516.352
Netlist sorting complete. Time (s): cpu = 00:00:00 ; elapsed = 00:00:00 . Memory (MB): peak = 777.863 ; gain = 0.000
WARNING: [Constraints 18-5210] No constraints selected for write.
Resolution: This message can indicate that there are no constraints for the design, or it can indicate that the used_in flags are set such that the constraints are ignored. This later case is used when running synth_design to not write synthesis constraints to the resulting checkpoint. Instead, project constraints are read when the synthesized design is opened.
INFO: [Common 17-1381] The checkpoint 'C:/Users/SET253-01U.HCCMAIN/Documents/GitHub/ENES247/lab1-mux/lab1_2_tb_mux2-1-2bitwide/lab1_2_tb_mux2-1-2bitwide.runs/synth_1/mux_2bit_2_to_1_dataflow_tb.dcp' has been generated.
INFO: [runtcl-4] Executing : report_utilization -file mux_2bit_2_to_1_dataflow_tb_utilization_synth.rpt -pb mux_2bit_2_to_1_dataflow_tb_utilization_synth.pb
INFO: [Common 17-206] Exiting Vivado at Thu Mar  7 16:10:47 2019...
