#-----------------------------------------------------------
# Vivado v2018.3 (64-bit)
# SW Build 2405991 on Thu Dec  6 23:38:27 MST 2018
# IP Build 2404404 on Fri Dec  7 01:43:56 MST 2018
# Start of session at: Fri Mar 15 15:02:18 2019
# Process ID: 12260
# Current directory: C:/Users/SET253-08U.HCCMAIN/Documents/GitHub/ENES247/lab2-7segDisplayofAdders/lab2_4_ThreeBitAdder
# Command line: vivado.exe -gui_launcher_event rodinguilauncherevent12232 C:\Users\SET253-08U.HCCMAIN\Documents\GitHub\ENES247\lab2-7segDisplayofAdders\lab2_4_ThreeBitAdder\lab2_4_ThreeBitAdder.xpr
# Log file: C:/Users/SET253-08U.HCCMAIN/Documents/GitHub/ENES247/lab2-7segDisplayofAdders/lab2_4_ThreeBitAdder/vivado.log
# Journal file: C:/Users/SET253-08U.HCCMAIN/Documents/GitHub/ENES247/lab2-7segDisplayofAdders/lab2_4_ThreeBitAdder\vivado.jou
#-----------------------------------------------------------
start_gui
open_project C:/Users/SET253-08U.HCCMAIN/Documents/GitHub/ENES247/lab2-7segDisplayofAdders/lab2_4_ThreeBitAdder/lab2_4_ThreeBitAdder.xpr
INFO: [ProjectBase 1-489] The host OS only allows 260 characters in a normal path. The project is stored in a path with more than 80 characters. If you experience issues with IP, Block Designs, or files not being found, please consider moving the project to a location with a shorter path. Alternately consider using the OS subst command to map part of the path to a drive letter.
Current project path is 'C:/Users/SET253-08U.HCCMAIN/Documents/GitHub/ENES247/lab2-7segDisplayofAdders/lab2_4_ThreeBitAdder'
INFO: [Project 1-313] Project file moved from 'C:/Users/SET253-22U.HCCMAIN/Documents/GitHub/ENES247/lab2-7segDisplayofAdders/lab2_4_ThreeBitAdder' since last save.
Scanning sources...
Finished scanning sources
WARNING: [filemgmt 56-2] IPUserFilesDir: Could not find the directory 'C:/Users/SET253-08U.HCCMAIN/Documents/GitHub/ENES247/lab2-7segDisplayofAdders/lab2_4_ThreeBitAdder/lab2_4_ThreeBitAdder.ip_user_files', nor could it be found using path 'C:/Users/SET253-22U.HCCMAIN/Documents/GitHub/ENES247/lab2-7segDisplayofAdders/lab2_4_ThreeBitAdder/lab2_4_ThreeBitAdder.ip_user_files'.
INFO: [IP_Flow 19-234] Refreshing IP repositories
INFO: [IP_Flow 19-1704] No user IP repositories specified
INFO: [IP_Flow 19-2313] Loaded Vivado IP repository 'C:/Xilinx/Vivado/2018.3/data/ip'.
open_project: Time (s): cpu = 00:00:13 ; elapsed = 00:00:06 . Memory (MB): peak = 760.184 ; gain = 164.805
update_compile_order -fileset sources_1
reset_run synth_1
launch_runs synth_1 -jobs 2
[Fri Mar 15 15:03:54 2019] Launched synth_1...
Run output will be captured here: C:/Users/SET253-08U.HCCMAIN/Documents/GitHub/ENES247/lab2-7segDisplayofAdders/lab2_4_ThreeBitAdder/lab2_4_ThreeBitAdder.runs/synth_1/runme.log
launch_runs impl_1 -jobs 2
[Fri Mar 15 15:04:44 2019] Launched impl_1...
Run output will be captured here: C:/Users/SET253-08U.HCCMAIN/Documents/GitHub/ENES247/lab2-7segDisplayofAdders/lab2_4_ThreeBitAdder/lab2_4_ThreeBitAdder.runs/impl_1/runme.log
open_run impl_1
INFO: [Project 1-479] Netlist was created with Vivado 2018.3
INFO: [Device 21-403] Loading part xc7a100tcsg324-1
INFO: [Project 1-570] Preparing netlist for logic optimization
INFO: [Timing 38-478] Restoring timing data from binary archive.
INFO: [Timing 38-479] Binary timing data restore complete.
INFO: [Project 1-856] Restoring constraints from binary archive.
INFO: [Project 1-853] Binary constraint restore complete.
Reading XDEF placement.
Reading placer database...
Reading XDEF routing.
Read XDEF File: Time (s): cpu = 00:00:00 ; elapsed = 00:00:00.049 . Memory (MB): peak = 1589.840 ; gain = 0.000
Restored from archive | CPU: 0.000000 secs | Memory: 0.000000 MB |
Finished XDEF File Restore: Time (s): cpu = 00:00:00 ; elapsed = 00:00:00.049 . Memory (MB): peak = 1589.840 ; gain = 0.000
Netlist sorting complete. Time (s): cpu = 00:00:00 ; elapsed = 00:00:00.001 . Memory (MB): peak = 1589.840 ; gain = 0.000
INFO: [Project 1-111] Unisim Transformation Summary:
No Unisim elements were transformed.

open_run: Time (s): cpu = 00:00:24 ; elapsed = 00:00:19 . Memory (MB): peak = 1699.418 ; gain = 835.250
WARNING: [Timing 38-313] There are no user specified timing constraints. Timing constraints are needed for proper timing analysis.
open_run synth_1 -name synth_1
Design is defaulting to impl run constrset: constrs_1
Design is defaulting to synth run part: xc7a100tcsg324-1
INFO: [Project 1-479] Netlist was created with Vivado 2018.3
INFO: [Project 1-570] Preparing netlist for logic optimization
Parsing XDC File [C:/Users/SET253-08U.HCCMAIN/Documents/GitHub/ENES247/lab2-7segDisplayofAdders/lab2_4_ThreeBitAdder/lab2_4_ThreeBitAdder.srcs/constrs_1/imports/lab2_4_ThreeBitAdder/Nexys4DDR_Master.xdc]
Finished Parsing XDC File [C:/Users/SET253-08U.HCCMAIN/Documents/GitHub/ENES247/lab2-7segDisplayofAdders/lab2_4_ThreeBitAdder/lab2_4_ThreeBitAdder.srcs/constrs_1/imports/lab2_4_ThreeBitAdder/Nexys4DDR_Master.xdc]
INFO: [Opt 31-138] Pushed 0 inverter(s) to 0 load pin(s).
Netlist sorting complete. Time (s): cpu = 00:00:00 ; elapsed = 00:00:00 . Memory (MB): peak = 1775.777 ; gain = 0.000
INFO: [Project 1-111] Unisim Transformation Summary:
No Unisim elements were transformed.

exit
INFO: [Common 17-206] Exiting Vivado at Fri Mar 15 15:26:08 2019...
