#-----------------------------------------------------------
# Vivado v2018.3 (64-bit)
# SW Build 2405991 on Thu Dec  6 23:38:27 MST 2018
# IP Build 2404404 on Fri Dec  7 01:43:56 MST 2018
# Start of session at: Thu Mar 14 16:23:59 2019
# Process ID: 11240
# Current directory: C:/Users/SET253-07U.HCCMAIN/Documents/GitHub/ENES247/lab2-7segDisplayofAdders/Lab2_1_bcdTo7segment
# Command line: vivado.exe -gui_launcher_event rodinguilauncherevent2316 C:\Users\SET253-07U.HCCMAIN\Documents\GitHub\ENES247\lab2-7segDisplayofAdders\Lab2_1_bcdTo7segment\Lab2_1bcdTo7segmentDisplay.xpr
# Log file: C:/Users/SET253-07U.HCCMAIN/Documents/GitHub/ENES247/lab2-7segDisplayofAdders/Lab2_1_bcdTo7segment/vivado.log
# Journal file: C:/Users/SET253-07U.HCCMAIN/Documents/GitHub/ENES247/lab2-7segDisplayofAdders/Lab2_1_bcdTo7segment\vivado.jou
#-----------------------------------------------------------
start_gui
open_project C:/Users/SET253-07U.HCCMAIN/Documents/GitHub/ENES247/lab2-7segDisplayofAdders/Lab2_1_bcdTo7segment/Lab2_1bcdTo7segmentDisplay.xpr
INFO: [ProjectBase 1-489] The host OS only allows 260 characters in a normal path. The project is stored in a path with more than 80 characters. If you experience issues with IP, Block Designs, or files not being found, please consider moving the project to a location with a shorter path. Alternately consider using the OS subst command to map part of the path to a drive letter.
Current project path is 'C:/Users/SET253-07U.HCCMAIN/Documents/GitHub/ENES247/lab2-7segDisplayofAdders/Lab2_1_bcdTo7segment'
INFO: [Project 1-313] Project file moved from 'C:/Users/SET253-22U.HCCMAIN/Documents/GitHub/ENES247/lab2-7segDisplayofAdders/Lab2_1_bcdTo7segment' since last save.
Scanning sources...
Finished scanning sources
WARNING: [filemgmt 56-2] IPUserFilesDir: Could not find the directory 'C:/Users/SET253-07U.HCCMAIN/Documents/GitHub/ENES247/lab2-7segDisplayofAdders/Lab2_1_bcdTo7segment/Lab2_1bcdTo7segmentDisplay.ip_user_files', nor could it be found using path 'C:/Users/SET253-22U.HCCMAIN/Documents/GitHub/ENES247/lab2-7segDisplayofAdders/Lab2_1_bcdTo7segment/Lab2_1bcdTo7segmentDisplay.ip_user_files'.
INFO: [IP_Flow 19-234] Refreshing IP repositories
INFO: [IP_Flow 19-1704] No user IP repositories specified
INFO: [IP_Flow 19-2313] Loaded Vivado IP repository 'C:/Xilinx/Vivado/2018.3/data/ip'.
open_project: Time (s): cpu = 00:00:12 ; elapsed = 00:00:06 . Memory (MB): peak = 727.492 ; gain = 136.656
update_compile_order -fileset sources_1
reset_run synth_1
launch_runs impl_1 -jobs 2
[Thu Mar 14 16:24:51 2019] Launched synth_1...
Run output will be captured here: C:/Users/SET253-07U.HCCMAIN/Documents/GitHub/ENES247/lab2-7segDisplayofAdders/Lab2_1_bcdTo7segment/Lab2_1bcdTo7segmentDisplay.runs/synth_1/runme.log
[Thu Mar 14 16:24:51 2019] Launched impl_1...
Run output will be captured here: C:/Users/SET253-07U.HCCMAIN/Documents/GitHub/ENES247/lab2-7segDisplayofAdders/Lab2_1_bcdTo7segment/Lab2_1bcdTo7segmentDisplay.runs/impl_1/runme.log
open_run impl_1
INFO: [Project 1-479] Netlist was created with Vivado 2018.3
INFO: [Device 21-403] Loading part xc7a100tcsg324-1
INFO: [Project 1-570] Preparing netlist for logic optimization
INFO: [Timing 38-478] Restoring timing data from binary archive.
INFO: [Timing 38-479] Binary timing data restore complete.
INFO: [Project 1-856] Restoring constraints from binary archive.
INFO: [Project 1-853] Binary constraint restore complete.
Reading XDEF placement.
Reading placer database...
Reading XDEF routing.
Read XDEF File: Time (s): cpu = 00:00:00 ; elapsed = 00:00:00.040 . Memory (MB): peak = 1569.281 ; gain = 0.000
Restored from archive | CPU: 0.000000 secs | Memory: 0.000000 MB |
Finished XDEF File Restore: Time (s): cpu = 00:00:00 ; elapsed = 00:00:00.040 . Memory (MB): peak = 1569.281 ; gain = 0.000
Netlist sorting complete. Time (s): cpu = 00:00:00 ; elapsed = 00:00:00 . Memory (MB): peak = 1569.281 ; gain = 0.000
INFO: [Project 1-111] Unisim Transformation Summary:
No Unisim elements were transformed.

open_run: Time (s): cpu = 00:00:25 ; elapsed = 00:00:20 . Memory (MB): peak = 1683.383 ; gain = 950.512
WARNING: [Timing 38-313] There are no user specified timing constraints. Timing constraints are needed for proper timing analysis.
close_design
open_run synth_1 -name synth_1
Design is defaulting to impl run constrset: constrs_1
Design is defaulting to synth run part: xc7a100tcsg324-1
INFO: [Project 1-479] Netlist was created with Vivado 2018.3
INFO: [Project 1-570] Preparing netlist for logic optimization
Parsing XDC File [C:/Users/SET253-07U.HCCMAIN/Documents/GitHub/ENES247/lab2-7segDisplayofAdders/Lab2_1_bcdTo7segment/Lab2_1bcdTo7segmentDisplay.srcs/constrs_1/imports/Lab2_0Constants/Nexys4DDR_Master.xdc]
Finished Parsing XDC File [C:/Users/SET253-07U.HCCMAIN/Documents/GitHub/ENES247/lab2-7segDisplayofAdders/Lab2_1_bcdTo7segment/Lab2_1bcdTo7segmentDisplay.srcs/constrs_1/imports/Lab2_0Constants/Nexys4DDR_Master.xdc]
INFO: [Opt 31-138] Pushed 0 inverter(s) to 0 load pin(s).
Netlist sorting complete. Time (s): cpu = 00:00:00 ; elapsed = 00:00:00 . Memory (MB): peak = 1689.832 ; gain = 0.000
INFO: [Project 1-111] Unisim Transformation Summary:
No Unisim elements were transformed.

reset_run impl_1
launch_runs impl_1 -jobs 2
Netlist sorting complete. Time (s): cpu = 00:00:00 ; elapsed = 00:00:00 . Memory (MB): peak = 1757.938 ; gain = 0.000
INFO: [Timing 38-480] Writing timing data to binary archive.
Writing placer database...
Writing XDEF routing.
Writing XDEF routing logical nets.
Writing XDEF routing special nets.
Write XDEF Complete: Time (s): cpu = 00:00:00 ; elapsed = 00:00:00.040 . Memory (MB): peak = 1757.938 ; gain = 0.000
Netlist sorting complete. Time (s): cpu = 00:00:00 ; elapsed = 00:00:00 . Memory (MB): peak = 1762.227 ; gain = 0.000
[Thu Mar 14 16:29:46 2019] Launched impl_1...
Run output will be captured here: C:/Users/SET253-07U.HCCMAIN/Documents/GitHub/ENES247/lab2-7segDisplayofAdders/Lab2_1_bcdTo7segment/Lab2_1bcdTo7segmentDisplay.runs/impl_1/runme.log
close_design
open_run impl_1
INFO: [Project 1-479] Netlist was created with Vivado 2018.3
INFO: [Project 1-570] Preparing netlist for logic optimization
INFO: [Timing 38-478] Restoring timing data from binary archive.
INFO: [Timing 38-479] Binary timing data restore complete.
INFO: [Project 1-856] Restoring constraints from binary archive.
INFO: [Project 1-853] Binary constraint restore complete.
Reading XDEF placement.
Reading placer database...
Reading XDEF routing.
Read XDEF File: Time (s): cpu = 00:00:00 ; elapsed = 00:00:00.043 . Memory (MB): peak = 1762.227 ; gain = 0.000
Restored from archive | CPU: 0.000000 secs | Memory: 0.000000 MB |
Finished XDEF File Restore: Time (s): cpu = 00:00:00 ; elapsed = 00:00:00.044 . Memory (MB): peak = 1762.227 ; gain = 0.000
Netlist sorting complete. Time (s): cpu = 00:00:00 ; elapsed = 00:00:00 . Memory (MB): peak = 1762.227 ; gain = 0.000
INFO: [Project 1-111] Unisim Transformation Summary:
No Unisim elements were transformed.

WARNING: [Timing 38-313] There are no user specified timing constraints. Timing constraints are needed for proper timing analysis.
exit
INFO: [Common 17-206] Exiting Vivado at Thu Mar 14 16:58:45 2019...
